{
  "stats": {
    "suites": 1,
    "tests": 1,
    "passes": 0,
    "pending": 0,
    "failures": 1,
    "start": "2024-06-27T03:45:44.821Z",
    "end": "2024-06-27T03:45:56.950Z",
    "duration": 12129,
    "testsRegistered": 1,
    "passPercent": 0,
    "pendingPercent": 0,
    "other": 0,
    "hasOther": false,
    "skipped": 0,
    "hasSkipped": false
  },
  "results": [
    {
      "uuid": "0bee0af3-12dc-4432-a6e8-930b33c59e5b",
      "title": "",
      "fullFile": "cypress\\e2e\\Test\\AddRelationships.cy.js",
      "file": "cypress\\e2e\\Test\\AddRelationships.cy.js",
      "beforeHooks": [],
      "afterHooks": [],
      "tests": [],
      "suites": [
        {
          "uuid": "536b7a26-23d5-43e9-930b-10df365beb35",
          "title": " Add Relationships Module",
          "fullFile": "",
          "file": "",
          "beforeHooks": [],
          "afterHooks": [],
          "tests": [
            {
              "title": "TestCase: 1.AddRelationshipTab-MenuClick",
              "fullTitle": " Add Relationships Module TestCase: 1.AddRelationshipTab-MenuClick",
              "timedOut": null,
              "duration": 9262,
              "state": "failed",
              "speed": null,
              "pass": false,
              "fail": true,
              "pending": false,
              "context": "{\n  \"title\": \"cypress-mochawesome-reporter-screenshots\",\n  \"value\": [\n    [\n      \"\\\\AddRelationships.cy.js\\\\ Add Relationships Module -- TestCase 1.AddRelationshipTab-MenuClick (failed).png\"\n    ]\n  ]\n}",
              "code": "_RelationshipPage.default.SearchbarInput(input);",
              "err": {
                "message": "CypressError: `cy.type()` can only be called on a single element. Your subject contained 6 elements.\n\nhttps://on.cypress.io/type",
                "estack": "CypressError: `cy.type()` can only be called on a single element. Your subject contained 6 elements.\n\nhttps://on.cypress.io/type\n    at Context.type (http://staging.corp.lauditor.com/__cypress/runner/cypress_runner.js:114902:68)\n    at wrapped (http://staging.corp.lauditor.com/__cypress/runner/cypress_runner.js:137994:19)\nFrom Your Spec Code:\n    at RelationshipPage.SearchbarInput (webpack://dgcounsel/./cypress/PageObjects/RelationshipPage.js:98:7)\n    at Context.eval (webpack://dgcounsel/./cypress/e2e/Test/AddRelationships.cy.js:26:21)",
                "diff": null
              },
              "uuid": "d1ee2126-0909-4fd2-b500-8bdcafbb35f1",
              "parentUUID": "536b7a26-23d5-43e9-930b-10df365beb35",
              "isHook": false,
              "skipped": false
            }
          ],
          "suites": [],
          "passes": [],
          "failures": [
            "d1ee2126-0909-4fd2-b500-8bdcafbb35f1"
          ],
          "pending": [],
          "skipped": [],
          "duration": 9262,
          "root": false,
          "rootEmpty": false,
          "_timeout": 2000
        }
      ],
      "passes": [],
      "failures": [],
      "pending": [],
      "skipped": [],
      "duration": 0,
      "root": true,
      "rootEmpty": true,
      "_timeout": 2000
    }
  ],
  "meta": {
    "mocha": {
      "version": "7.0.1"
    },
    "mochawesome": {
      "options": {
        "quiet": false,
        "reportFilename": "mochawesome",
        "saveHtml": false,
        "saveJson": true,
        "consoleReporter": "spec",
        "useInlineDiffs": false,
        "code": true
      },
      "version": "7.1.3"
    },
    "marge": {
      "options": {
        "charts": true,
        "reportPageTitle": "Cypress Inline Reporter",
        "embeddedScreenshots": false,
        "inlineAssets": true,
        "overwrite": false,
        "html": false,
        "json": true,
        "reportDir": "cypress\\reports\\html\\.jsons"
      },
      "version": "6.2.0"
    }
  }
}