{
  "stats": {
    "suites": 1,
    "tests": 1,
    "passes": 0,
    "pending": 0,
    "failures": 1,
    "start": "2024-06-27T03:46:25.004Z",
    "end": "2024-06-27T03:46:30.899Z",
    "duration": 5895,
    "testsRegistered": 73,
    "passPercent": 0,
    "pendingPercent": 0,
    "other": 0,
    "hasOther": false,
    "skipped": 72,
    "hasSkipped": true
  },
  "results": [
    {
      "uuid": "45cf0ebe-0b5f-4a0a-905b-fc2e23c088e6",
      "title": "",
      "fullFile": "cypress\\e2e\\Test\\EditDateOnly.cy.js",
      "file": "cypress\\e2e\\Test\\EditDateOnly.cy.js",
      "beforeHooks": [],
      "afterHooks": [],
      "tests": [],
      "suites": [
        {
          "uuid": "0f05ddd2-5df3-47f0-94a3-ce5af72e5b9a",
          "title": "Documents In Departments",
          "fullFile": "",
          "file": "",
          "beforeHooks": [],
          "afterHooks": [],
          "tests": [
            {
              "title": "TestCase: 1.EditExpDate-IntMat-Upload-ViewChanges",
              "fullTitle": "Documents In Departments TestCase: 1.EditExpDate-IntMat-Upload-ViewChanges",
              "timedOut": null,
              "duration": 473,
              "state": "failed",
              "speed": null,
              "pass": false,
              "fail": true,
              "pending": false,
              "context": "{\n  \"title\": \"cypress-mochawesome-reporter-screenshots\",\n  \"value\": [\n    [\n      \"\\\\EditDateOnly.cy.js\\\\Documents In Departments -- TestCase 1.EditExpDate-IntMat-Upload-ViewChanges -- before each hook (failed).png\"\n    ]\n  ]\n}",
              "code": "_DocumentsPage.default.SelectMatterDropdown(intMatter);\n_DocumentsPage.default.ClickBrowseBtn();\n_DocumentsPage.default.DocumentNameEdit(data.editDocs.EditDoc1);\n_DocumentsPage.default.UploadSaveBtn();\n_DocumentsPage.default.ViewChanges();\ncy.wait(2000);\n_DocumentsPage.default.DocsNameAssert(data.editDocs.documentAssert1);\n// Documents.DocsNameAssert(data.editDocs.documentAssert2);",
              "err": {
                "message": "TypeError: Cannot read properties of undefined (reading 'tagsType')\n\nBecause this error occurred during a `before each` hook we are skipping the remaining tests in the current suite: `Documents In Departments`",
                "estack": "TypeError: Cannot read properties of undefined (reading 'tagsType')\n\nBecause this error occurred during a `before each` hook we are skipping the remaining tests in the current suite: `Documents In Departments`\n    at Context.eval (webpack://dgcounsel/./cypress/e2e/Test/EditDateOnly.cy.js:20:35)",
                "diff": null
              },
              "uuid": "3e6152b8-babc-40f6-ab5f-527dd1bda610",
              "parentUUID": "0f05ddd2-5df3-47f0-94a3-ce5af72e5b9a",
              "isHook": false,
              "skipped": false
            },
            {
              "title": "TestCase: 2.EditExpDate-IntMat-Upload-Cancel",
              "fullTitle": "Documents In Departments TestCase: 2.EditExpDate-IntMat-Upload-Cancel",
              "timedOut": null,
              "duration": 0,
              "state": "skipped",
              "speed": null,
              "pass": false,
              "fail": false,
              "pending": false,
              "context": null,
              "code": "_DocumentsPage.default.SelectMatterDropdown(intMatter);\n_DocumentsPage.default.ClickBrowseBtn();\n_DocumentsPage.default.DocumentNameEdit(data.editDocs.EditDoc2);\n_DocumentsPage.default.UploadCancelBtn();\n// Documents.DocsNameAssert(data.documentsAssert.DocumentName2);",
              "err": {},
              "uuid": "6bfc98cf-084b-4ed6-ba32-df4bb54651fb",
              "parentUUID": "0f05ddd2-5df3-47f0-94a3-ce5af72e5b9a",
              "isHook": false,
              "skipped": true
            },
            {
              "title": "TestCase:3.EditExpDate-IntMat-EnaDown-ViewChanges",
              "fullTitle": "Documents In Departments TestCase:3.EditExpDate-IntMat-EnaDown-ViewChanges",
              "timedOut": null,
              "duration": 0,
              "state": "skipped",
              "speed": null,
              "pass": false,
              "fail": false,
              "pending": false,
              "context": null,
              "code": "cy.wait(2000);\n_DocumentsPage.default.SelectMatterDropdown(intMatter);\n_DocumentsPage.default.SelectDeptAdd();\n_DocumentsPage.default.SelectDepts(selectDepts);\n_DocumentsPage.default.SelectDeptMinus();\n_DocumentsPage.default.ClickBrowseBtn();\n_DocumentsPage.default.EnableDownload();\ncy.wait(2000);\n_DocumentsPage.default.DocumentNameEdit(data.editDocs.EditDoc3);\n_DocumentsPage.default.UploadSaveBtn();\n_DocumentsPage.default.ViewChanges();\ncy.wait(2000);\n_DocumentsPage.default.DocsNameAssert(data.editDocs.documentAssert3);\n_DocumentsPage.default.DocsNameAssert(data.editDocs.documentAssert1);\n// Documents.DocsNameAssert(data.documentsAssert.DocumentName2);",
              "err": {},
              "uuid": "d3d02e46-46ca-4333-a9f4-d9f4e75df197",
              "parentUUID": "0f05ddd2-5df3-47f0-94a3-ce5af72e5b9a",
              "isHook": false,
              "skipped": true
            },
            {
              "title": "TestCase:4.EditExpDate-IntMat-EnaDown-ViewChanges-Cancel",
              "fullTitle": "Documents In Departments TestCase:4.EditExpDate-IntMat-EnaDown-ViewChanges-Cancel",
              "timedOut": null,
              "duration": 0,
              "state": "skipped",
              "speed": null,
              "pass": false,
              "fail": false,
              "pending": false,
              "context": null,
              "code": "_DocumentsPage.default.SelectMatterDropdown(intMatter);\n_DocumentsPage.default.ClickBrowseBtn();\n_DocumentsPage.default.EnableDownload();\n_DocumentsPage.default.DocumentNameEdit(data.editDocs.EditDoc4);\n_DocumentsPage.default.UploadCancelBtn();",
              "err": {},
              "uuid": "820a41fc-3e33-4357-b848-c602128c986a",
              "parentUUID": "0f05ddd2-5df3-47f0-94a3-ce5af72e5b9a",
              "isHook": false,
              "skipped": true
            },
            {
              "title": "TestCase:5.EditExpDate-IntMat-EnaDown-AddTags-ViewChanges",
              "fullTitle": "Documents In Departments TestCase:5.EditExpDate-IntMat-EnaDown-AddTags-ViewChanges",
              "timedOut": null,
              "duration": 0,
              "state": "skipped",
              "speed": null,
              "pass": false,
              "fail": false,
              "pending": false,
              "context": null,
              "code": "_DocumentsPage.default.SelectMatterDropdown(intMatter);\n_DocumentsPage.default.SelectDeptAdd();\n_DocumentsPage.default.SelectDepts(selectDepts);\n_DocumentsPage.default.SelectDeptMinus();\n_DocumentsPage.default.ClickBrowseBtn1();\n_DocumentsPage.default.EnableDownload();\n_DocumentsPage.default.DocumentNameEdit(data.editDocs.EditDoc5);\n_DocumentsPage.default.AddTagsToDocument(addTagsType, addTagsName);\n_DocumentsPage.default.UploadSaveBtn();\n_DocumentsPage.default.ViewChanges();\n_DocumentsPage.default.DocsNameAssert(data.editDocs.documentAssert5);\n_DocumentsPage.default.DocsNameAssert(data.editDocs.documentAssert3);",
              "err": {},
              "uuid": "216e5192-41ec-4ee9-8e89-3577a3f0cfc6",
              "parentUUID": "0f05ddd2-5df3-47f0-94a3-ce5af72e5b9a",
              "isHook": false,
              "skipped": true
            },
            {
              "title": "TestCase:6.EditExpDate-IntMat-EnaDown-AddTags Cancel",
              "fullTitle": "Documents In Departments TestCase:6.EditExpDate-IntMat-EnaDown-AddTags Cancel",
              "timedOut": null,
              "duration": 0,
              "state": "skipped",
              "speed": null,
              "pass": false,
              "fail": false,
              "pending": false,
              "context": null,
              "code": "_DocumentsPage.default.SelectMatterDropdown(intMatter);\n_DocumentsPage.default.ClickBrowseBtn1();\n_DocumentsPage.default.EnableDownload();\n_DocumentsPage.default.DocumentNameEdit(data.editDocs.EditDoc6);\n_DocumentsPage.default.AddTagsToDocument(addTagsType, addTagsName);\n_DocumentsPage.default.UploadCancelBtn();",
              "err": {},
              "uuid": "ce62b568-6505-4ad9-acbc-4aa7bf0c5004",
              "parentUUID": "0f05ddd2-5df3-47f0-94a3-ce5af72e5b9a",
              "isHook": false,
              "skipped": true
            },
            {
              "title": "TestCase:7.EditExpDate-IntMat-UpMore-VChanges",
              "fullTitle": "Documents In Departments TestCase:7.EditExpDate-IntMat-UpMore-VChanges",
              "timedOut": null,
              "duration": 0,
              "state": "skipped",
              "speed": null,
              "pass": false,
              "fail": false,
              "pending": false,
              "context": null,
              "code": "_DocumentsPage.default.SelectMatterDropdown(intMatter);\n_DocumentsPage.default.SelectDeptAdd();\n_DocumentsPage.default.SelectDepts(selectDepts);\n_DocumentsPage.default.SelectDeptMinus();\n_DocumentsPage.default.ClickBrowseBtn();\n_DocumentsPage.default.DocumentNameEdit(data.editDocs.EditDoc7);\n_DocumentsPage.default.UploadSaveBtn();\ncy.wait(3000);\n_DocumentsPage.default.UploadMoreBtn();\n// Documents.DocsMenuClick();\n// Documents.UploadTabClick();\n// Documents.SelectInternalMatterRadioBtn();\n_DocumentsPage.default.ClickBrowseBtnUploadMore();\n_DocumentsPage.default.DocumentNameEdit(data.editDocs.EditDoc6);\ncy.wait(2000);\n_DocumentsPage.default.UploadSaveBtn();\n_DocumentsPage.default.ViewChanges();\n_DocumentsPage.default.DocsNameAssert(data.editDocs.documentAssert7);\n_DocumentsPage.default.DocsNameAssert(data.editDocs.documentAssert6);",
              "err": {},
              "uuid": "e2a56eea-059d-4f28-9e43-f72997d687cb",
              "parentUUID": "0f05ddd2-5df3-47f0-94a3-ce5af72e5b9a",
              "isHook": false,
              "skipped": true
            },
            {
              "title": "TestCase: 8.EditExpDate-IntMat-UploadMore-Cancel",
              "fullTitle": "Documents In Departments TestCase: 8.EditExpDate-IntMat-UploadMore-Cancel",
              "timedOut": null,
              "duration": 0,
              "state": "skipped",
              "speed": null,
              "pass": false,
              "fail": false,
              "pending": false,
              "context": null,
              "code": "_DocumentsPage.default.SelectMatterDropdown(intMatter);\n_DocumentsPage.default.ClickBrowseBtn();\n_DocumentsPage.default.DocumentNameEdit(data.editDocs.EditDoc8);\n_DocumentsPage.default.UploadSaveBtn();\ncy.wait(5000);\n_DocumentsPage.default.UploadMoreBtn();\n// Documents.SelectInternalMatterRadioBtn();\n_DocumentsPage.default.ClickBrowseBtnUploadMore();\n_DocumentsPage.default.DocumentNameEdit(data.editDocs.EditDoc8);\ncy.wait(2000);\n_DocumentsPage.default.UploadCancelBtn();",
              "err": {},
              "uuid": "3484bd62-f1dc-4c4d-adc7-4ebdb93bea93",
              "parentUUID": "0f05ddd2-5df3-47f0-94a3-ce5af72e5b9a",
              "isHook": false,
              "skipped": true
            },
            {
              "title": "TestCase: 9.EditExpDate-IntMat-UploadMore-EnaDown-ViewChanges",
              "fullTitle": "Documents In Departments TestCase: 9.EditExpDate-IntMat-UploadMore-EnaDown-ViewChanges",
              "timedOut": null,
              "duration": 0,
              "state": "skipped",
              "speed": null,
              "pass": false,
              "fail": false,
              "pending": false,
              "context": null,
              "code": "_DocumentsPage.default.SelectMatterDropdown(intMatter);\n_DocumentsPage.default.SelectDeptAdd();\n_DocumentsPage.default.SelectDepts(selectDepts);\n_DocumentsPage.default.SelectDeptMinus();\n_DocumentsPage.default.ClickBrowseBtn();\n_DocumentsPage.default.DocumentNameEdit(data.editDocs.EditDoc9);\n_DocumentsPage.default.EnableDownload();\n_DocumentsPage.default.UploadSaveBtn();\ncy.wait(5000);\n_DocumentsPage.default.UploadMoreBtn();\n// Documents.SelectInternalMatterRadioBtn();\n_DocumentsPage.default.ClickBrowseBtnUploadMore();\n_DocumentsPage.default.DocumentNameEdit(data.editDocs.EditDoc10);\ncy.wait(2000);\n_DocumentsPage.default.UploadSaveBtn();\n_DocumentsPage.default.ViewChanges();\n_DocumentsPage.default.DocsNameAssert(data.editDocs.documentAssert9);\n_DocumentsPage.default.DocsNameAssert(data.editDocs.documentAssert10);",
              "err": {},
              "uuid": "18c853dd-556a-4445-83bf-72e0a3e94954",
              "parentUUID": "0f05ddd2-5df3-47f0-94a3-ce5af72e5b9a",
              "isHook": false,
              "skipped": true
            },
            {
              "title": "TestCase: 10.EditExpDate-IntMat-UploadMore-EnaDown-ViewChanges-Cancel",
              "fullTitle": "Documents In Departments TestCase: 10.EditExpDate-IntMat-UploadMore-EnaDown-ViewChanges-Cancel",
              "timedOut": null,
              "duration": 0,
              "state": "skipped",
              "speed": null,
              "pass": false,
              "fail": false,
              "pending": false,
              "context": null,
              "code": "_DocumentsPage.default.SelectMatterDropdown(intMatter);\n_DocumentsPage.default.ClickBrowseBtn();\n_DocumentsPage.default.EnableDownload();\n_DocumentsPage.default.DocumentNameEdit(data.editDocs.EditDoc11);\n_DocumentsPage.default.UploadSaveBtn();\ncy.wait(5000);\n_DocumentsPage.default.UploadMoreBtn();\n_DocumentsPage.default.DocsMenuClick();\n_DocumentsPage.default.UploadTabClick();\n//Documents.SelectInternalMatterRadioBtn();\n_DocumentsPage.default.ClickBrowseBtnUploadMore();\n_DocumentsPage.default.DocumentNameEdit(data.editDocs.EditDoc11);\ncy.wait(2000);\n_DocumentsPage.default.UploadCancelBtn();",
              "err": {},
              "uuid": "dc2f97c1-cf73-4eae-9f4d-262eca8266df",
              "parentUUID": "0f05ddd2-5df3-47f0-94a3-ce5af72e5b9a",
              "isHook": false,
              "skipped": true
            },
            {
              "title": "TestCase:11.EditExpDate-IntMat-EnaDown-AddTags-UpMore-VChanges",
              "fullTitle": "Documents In Departments TestCase:11.EditExpDate-IntMat-EnaDown-AddTags-UpMore-VChanges",
              "timedOut": null,
              "duration": 0,
              "state": "skipped",
              "speed": null,
              "pass": false,
              "fail": false,
              "pending": false,
              "context": null,
              "code": "_DocumentsPage.default.SelectMatterDropdown(intMatter);\n_DocumentsPage.default.SelectDeptAdd();\n_DocumentsPage.default.SelectDepts(selectDepts);\n_DocumentsPage.default.SelectDeptMinus();\n_DocumentsPage.default.ClickBrowseBtn1();\n_DocumentsPage.default.EnableDownload();\n_DocumentsPage.default.DocumentNameEdit(data.editDocs.EditDoc12);\n_DocumentsPage.default.AddTagsToDocument(addTagsType, addTagsName);\n_DocumentsPage.default.UploadSaveBtn();\ncy.wait(3000);\n_DocumentsPage.default.UploadMoreBtn();\n// Documents.SelectInternalMatterRadioBtn();\n_DocumentsPage.default.ClickBrowseBtnUploadMore();\n_DocumentsPage.default.DocumentNameEdit(data.editDocs.EditDoc13);\n_DocumentsPage.default.UploadSaveBtn();\n_DocumentsPage.default.ViewChanges();\n_DocumentsPage.default.DocsNameAssert(data.editDocs.documentAssert12);\n_DocumentsPage.default.DocsNameAssert(data.editDocs.documentAssert13);",
              "err": {},
              "uuid": "e9365560-4a0f-481d-a402-1abafcfcc7f7",
              "parentUUID": "0f05ddd2-5df3-47f0-94a3-ce5af72e5b9a",
              "isHook": false,
              "skipped": true
            },
            {
              "title": "TestCase:12.EditExpDate-IntMat-EnaDown-AddTags-UpMore-VChanges-Cancel",
              "fullTitle": "Documents In Departments TestCase:12.EditExpDate-IntMat-EnaDown-AddTags-UpMore-VChanges-Cancel",
              "timedOut": null,
              "duration": 0,
              "state": "skipped",
              "speed": null,
              "pass": false,
              "fail": false,
              "pending": false,
              "context": null,
              "code": "_DocumentsPage.default.SelectMatterDropdown(intMatter);\n// Documents.SelectDeptAdd();\n// Documents.SelectDepts(selectDepts);\n// Documents.SelectDeptMinus();\n_DocumentsPage.default.ClickBrowseBtn1();\n_DocumentsPage.default.EnableDownload();\n_DocumentsPage.default.DocumentNameEdit(data.editDocs.EditDoc13);\n_DocumentsPage.default.AddTagsToDocument(addTagsType, addTagsName);\n_DocumentsPage.default.UploadSaveBtn();\ncy.wait(3000);\ncy.wait(3000);\n_DocumentsPage.default.UploadMoreBtn();\n// Documents.SelectInternalMatterRadioBtn();\n_DocumentsPage.default.ClickBrowseBtnUploadMore();\n_DocumentsPage.default.EnableDownload();\n//Documents.AddTagsToDocument(addTagsType, addTagsName);\n_DocumentsPage.default.UploadCancelBtn();",
              "err": {},
              "uuid": "9c5fc1ca-d6ee-4f5f-97fb-67ea3cee1f51",
              "parentUUID": "0f05ddd2-5df3-47f0-94a3-ce5af72e5b9a",
              "isHook": false,
              "skipped": true
            },
            {
              "title": "TestCase: 13.EditExpDate-IntMat-Upload-EnaEnc-ViewChanges",
              "fullTitle": "Documents In Departments TestCase: 13.EditExpDate-IntMat-Upload-EnaEnc-ViewChanges",
              "timedOut": null,
              "duration": 0,
              "state": "skipped",
              "speed": null,
              "pass": false,
              "fail": false,
              "pending": false,
              "context": null,
              "code": "_DocumentsPage.default.SelectMatterDropdown(intMatter);\n_DocumentsPage.default.SelectDeptAdd();\n_DocumentsPage.default.SelectDepts(selectDepts);\n_DocumentsPage.default.SelectDeptMinus();\n_DocumentsPage.default.ClickBrowseBtn();\n_DocumentsPage.default.EnableEncryption();\n_DocumentsPage.default.UploadSaveBtn();\ncy.wait(3000);\n_DocumentsPage.default.ViewChanges();\ncy.wait(2000);\n_DocumentsPage.default.DocsNameAssert(data.documentsAssert.DocumentName1);\ncy.scrollTo(\"top\");",
              "err": {},
              "uuid": "d00e05a5-eb9b-490e-88fb-82c24a08a9f3",
              "parentUUID": "0f05ddd2-5df3-47f0-94a3-ce5af72e5b9a",
              "isHook": false,
              "skipped": true
            },
            {
              "title": "TestCase: 14.EditExpDate-IntMat-Upload-EnaEnc-Cancel",
              "fullTitle": "Documents In Departments TestCase: 14.EditExpDate-IntMat-Upload-EnaEnc-Cancel",
              "timedOut": null,
              "duration": 0,
              "state": "skipped",
              "speed": null,
              "pass": false,
              "fail": false,
              "pending": false,
              "context": null,
              "code": "_DocumentsPage.default.SelectMatterDropdown(intMatter);\n_DocumentsPage.default.ClickBrowseBtn();\n_DocumentsPage.default.EnableEncryption();\n_DocumentsPage.default.UploadCancelBtn();\n// Documents.DocsNameAssert(data.documentsAssert.DocumentName2);",
              "err": {},
              "uuid": "3d12ed54-6ff2-4760-8baa-eef1ca9f393e",
              "parentUUID": "0f05ddd2-5df3-47f0-94a3-ce5af72e5b9a",
              "isHook": false,
              "skipped": true
            },
            {
              "title": "TestCase:15.EditExpDate-IntMat-EnaDown-EnaEnc-ViewChanges",
              "fullTitle": "Documents In Departments TestCase:15.EditExpDate-IntMat-EnaDown-EnaEnc-ViewChanges",
              "timedOut": null,
              "duration": 0,
              "state": "skipped",
              "speed": null,
              "pass": false,
              "fail": false,
              "pending": false,
              "context": null,
              "code": "_DocumentsPage.default.SelectMatterDropdown(intMatter);\n_DocumentsPage.default.SelectDeptAdd();\n_DocumentsPage.default.SelectDepts(selectDepts);\n_DocumentsPage.default.SelectDeptMinus();\n_DocumentsPage.default.ClickBrowseBtn1();\n_DocumentsPage.default.EnableDownload();\n_DocumentsPage.default.EnableEncryption();\n_DocumentsPage.default.UploadSaveBtn();\ncy.wait(2000);\n_DocumentsPage.default.ViewChanges();\n_DocumentsPage.default.DocsNameAssert(data.documentsAssert.DocumentName2);\n// Documents.DocsNameAssert(data.documentsAssert.DocumentName2);",
              "err": {},
              "uuid": "8b936b67-df8e-49ce-8ee7-0bf1f44dd20a",
              "parentUUID": "0f05ddd2-5df3-47f0-94a3-ce5af72e5b9a",
              "isHook": false,
              "skipped": true
            },
            {
              "title": "TestCase:16.EditExpDate-IntMat-EnaDown-EnaEnc-Cancel",
              "fullTitle": "Documents In Departments TestCase:16.EditExpDate-IntMat-EnaDown-EnaEnc-Cancel",
              "timedOut": null,
              "duration": 0,
              "state": "skipped",
              "speed": null,
              "pass": false,
              "fail": false,
              "pending": false,
              "context": null,
              "code": "_DocumentsPage.default.SelectMatterDropdown(intMatter);\n_DocumentsPage.default.ClickBrowseBtn();\n_DocumentsPage.default.EnableDownload();\n_DocumentsPage.default.EnableEncryption();\n_DocumentsPage.default.UploadCancelBtn();",
              "err": {},
              "uuid": "e26c7e76-3f2b-4fbf-bc53-4ce00530de1c",
              "parentUUID": "0f05ddd2-5df3-47f0-94a3-ce5af72e5b9a",
              "isHook": false,
              "skipped": true
            },
            {
              "title": "TestCase:17.EditExpDate-IntMat-EnaDown-EnaEnc-AddTags-ViewChanges",
              "fullTitle": "Documents In Departments TestCase:17.EditExpDate-IntMat-EnaDown-EnaEnc-AddTags-ViewChanges",
              "timedOut": null,
              "duration": 0,
              "state": "skipped",
              "speed": null,
              "pass": false,
              "fail": false,
              "pending": false,
              "context": null,
              "code": "_DocumentsPage.default.SelectMatterDropdown(intMatter);\n_DocumentsPage.default.SelectDeptAdd();\n_DocumentsPage.default.SelectDepts(selectDepts);\n_DocumentsPage.default.SelectDeptMinus();\n_DocumentsPage.default.ClickBrowseBtn1();\n_DocumentsPage.default.EnableDownload();\n_DocumentsPage.default.EnableEncryption();\n_DocumentsPage.default.AddTagsToDocument(addTagsType, addTagsName);\n_DocumentsPage.default.UploadSaveBtn();\n_DocumentsPage.default.ViewChanges();\n_DocumentsPage.default.DocsNameAssert(data.addTagsName.DocumentName1);",
              "err": {},
              "uuid": "6bd94349-afd9-4e76-a86a-adc56e2829ca",
              "parentUUID": "0f05ddd2-5df3-47f0-94a3-ce5af72e5b9a",
              "isHook": false,
              "skipped": true
            },
            {
              "title": "TestCase:18.EditExpDate-IntMat-EnaDown-EnaEnc-AddTags Cancel",
              "fullTitle": "Documents In Departments TestCase:18.EditExpDate-IntMat-EnaDown-EnaEnc-AddTags Cancel",
              "timedOut": null,
              "duration": 0,
              "state": "skipped",
              "speed": null,
              "pass": false,
              "fail": false,
              "pending": false,
              "context": null,
              "code": "_DocumentsPage.default.SelectMatterDropdown(intMatter);\n_DocumentsPage.default.ClickBrowseBtn1();\n_DocumentsPage.default.EnableDownload();\n_DocumentsPage.default.EnableEncryption();\n_DocumentsPage.default.AddTagsToDocument(addTagsType, addTagsName);\n_DocumentsPage.default.UploadCancelBtn();",
              "err": {},
              "uuid": "cca539eb-4751-47e9-826f-6f491a865bfd",
              "parentUUID": "0f05ddd2-5df3-47f0-94a3-ce5af72e5b9a",
              "isHook": false,
              "skipped": true
            },
            {
              "title": "TestCase:19.EditExpDate-IntMat-UploadMore-EnaEnc-ViewChanges",
              "fullTitle": "Documents In Departments TestCase:19.EditExpDate-IntMat-UploadMore-EnaEnc-ViewChanges",
              "timedOut": null,
              "duration": 0,
              "state": "skipped",
              "speed": null,
              "pass": false,
              "fail": false,
              "pending": false,
              "context": null,
              "code": "_DocumentsPage.default.SelectMatterDropdown(intMatter);\n_DocumentsPage.default.SelectDeptAdd();\n_DocumentsPage.default.SelectDepts(selectDepts);\n_DocumentsPage.default.SelectDeptMinus();\n_DocumentsPage.default.ClickBrowseBtn();\n_DocumentsPage.default.UploadSaveBtn();\ncy.wait(5000);\n_DocumentsPage.default.UploadMoreBtn();\n_DocumentsPage.default.DocsMenuClick();\n_DocumentsPage.default.UploadTabClick();\n_DocumentsPage.default.SelectInternalMatterRadioBtn();\n_DocumentsPage.default.ClickBrowseBtnUploadMore();\ncy.wait(2000);\n_DocumentsPage.default.UploadSaveBtn();\n_DocumentsPage.default.ViewChanges();\n_DocumentsPage.default.DocsNameAssert(data.uploadMore.DocumentName1);",
              "err": {},
              "uuid": "37704423-b417-4bcd-a7bf-59a4b42b1376",
              "parentUUID": "0f05ddd2-5df3-47f0-94a3-ce5af72e5b9a",
              "isHook": false,
              "skipped": true
            },
            {
              "title": "TestCase:20.EditExpDate-IntMat-EnaEnc-UploadMore-Cancel",
              "fullTitle": "Documents In Departments TestCase:20.EditExpDate-IntMat-EnaEnc-UploadMore-Cancel",
              "timedOut": null,
              "duration": 0,
              "state": "skipped",
              "speed": null,
              "pass": false,
              "fail": false,
              "pending": false,
              "context": null,
              "code": "_DocumentsPage.default.SelectMatterDropdown(intMatter);\n_DocumentsPage.default.ClickBrowseBtn();\n_DocumentsPage.default.UploadSaveBtn();\ncy.wait(5000);\n_DocumentsPage.default.UploadMoreBtn();\n_DocumentsPage.default.DocsMenuClick();\n_DocumentsPage.default.UploadTabClick();\n_DocumentsPage.default.SelectInternalMatterRadioBtn();\n_DocumentsPage.default.ClickBrowseBtnUploadMore();\ncy.wait(2000);\n_DocumentsPage.default.UploadCancelBtn();",
              "err": {},
              "uuid": "4d8aeb82-2c4c-4ce9-9503-354e10d0b0c1",
              "parentUUID": "0f05ddd2-5df3-47f0-94a3-ce5af72e5b9a",
              "isHook": false,
              "skipped": true
            },
            {
              "title": "TestCase: 21.EditExpDate-IntMat-UploadMore-EnaDown-EnaEnc-ViewChanges",
              "fullTitle": "Documents In Departments TestCase: 21.EditExpDate-IntMat-UploadMore-EnaDown-EnaEnc-ViewChanges",
              "timedOut": null,
              "duration": 0,
              "state": "skipped",
              "speed": null,
              "pass": false,
              "fail": false,
              "pending": false,
              "context": null,
              "code": "_DocumentsPage.default.SelectMatterDropdown(intMatter);\n_DocumentsPage.default.SelectDeptAdd();\n_DocumentsPage.default.SelectDepts(selectDepts);\n_DocumentsPage.default.SelectDeptMinus();\n_DocumentsPage.default.ClickBrowseBtn();\n_DocumentsPage.default.EnableDownload();\n_DocumentsPage.default.EnableEncryption();\n_DocumentsPage.default.UploadSaveBtn();\ncy.wait(5000);\n_DocumentsPage.default.UploadMoreBtn();\n_DocumentsPage.default.DocsMenuClick();\n_DocumentsPage.default.UploadTabClick();\n_DocumentsPage.default.ClickBrowseBtnUploadMore();\ncy.wait(2000);\n_DocumentsPage.default.UploadSaveBtn();\n_DocumentsPage.default.ViewChanges();\n_DocumentsPage.default.DocsNameAssert(data.uploadMore.DocumentName1);",
              "err": {},
              "uuid": "2b5f5a87-7373-4576-9066-a7f2b94e4bb0",
              "parentUUID": "0f05ddd2-5df3-47f0-94a3-ce5af72e5b9a",
              "isHook": false,
              "skipped": true
            },
            {
              "title": "TestCase: 22.EditExpDate-IntMat-UploadMore-EnaDown-EnaEnc-ViewChanges-Cancel",
              "fullTitle": "Documents In Departments TestCase: 22.EditExpDate-IntMat-UploadMore-EnaDown-EnaEnc-ViewChanges-Cancel",
              "timedOut": null,
              "duration": 0,
              "state": "skipped",
              "speed": null,
              "pass": false,
              "fail": false,
              "pending": false,
              "context": null,
              "code": "_DocumentsPage.default.SelectMatterDropdown(intMatter);\n_DocumentsPage.default.ClickBrowseBtn();\n_DocumentsPage.default.EnableDownload();\n_DocumentsPage.default.EnableEncryption();\n_DocumentsPage.default.UploadSaveBtn();\ncy.wait(5000);\n_DocumentsPage.default.UploadMoreBtn();\n_DocumentsPage.default.DocsMenuClick();\n_DocumentsPage.default.UploadTabClick();\n_DocumentsPage.default.ClickBrowseBtnUploadMore();\ncy.wait(2000);\n_DocumentsPage.default.UploadCancelBtn();",
              "err": {},
              "uuid": "86d92ba2-1182-49e5-823e-0d4add7b4df5",
              "parentUUID": "0f05ddd2-5df3-47f0-94a3-ce5af72e5b9a",
              "isHook": false,
              "skipped": true
            },
            {
              "title": "TestCase:23.EditExpDate-IntMat-EnaDown-EnaEnc-AddTags-UpMore-VChanges",
              "fullTitle": "Documents In Departments TestCase:23.EditExpDate-IntMat-EnaDown-EnaEnc-AddTags-UpMore-VChanges",
              "timedOut": null,
              "duration": 0,
              "state": "skipped",
              "speed": null,
              "pass": false,
              "fail": false,
              "pending": false,
              "context": null,
              "code": "_DocumentsPage.default.SelectMatterDropdown(intMatter);\n_DocumentsPage.default.SelectDeptAdd();\n_DocumentsPage.default.SelectDepts(selectDepts);\n_DocumentsPage.default.SelectDeptMinus();\n_DocumentsPage.default.ClickBrowseBtn1();\n_DocumentsPage.default.EnableDownload();\n_DocumentsPage.default.EnableEncryption();\n_DocumentsPage.default.AddTagsToDocument(addTagsType, addTagsName);\n_DocumentsPage.default.UploadSaveBtn();\ncy.wait(3000);\n_DocumentsPage.default.UploadMoreBtn();\n_DocumentsPage.default.DocsMenuClick();\n_DocumentsPage.default.UploadTabClick();\n_DocumentsPage.default.SelectInternalMatterRadioBtn();\n_DocumentsPage.default.ClickBrowseBtnUploadMore();\n_DocumentsPage.default.AddTagsToDocument(addTagsType, addTagsName);\ncy.wait(2000);\n_DocumentsPage.default.UploadSaveBtn();\n_DocumentsPage.default.ViewChanges();\n_DocumentsPage.default.DocsNameAssert(data.uploadMore.DocumentName1);",
              "err": {},
              "uuid": "d10fe6e6-bb02-4ba6-9518-82384ff43d92",
              "parentUUID": "0f05ddd2-5df3-47f0-94a3-ce5af72e5b9a",
              "isHook": false,
              "skipped": true
            },
            {
              "title": "TestCase:24.EditExpDate-IntMat-EnaDown-EnaEnc-AddTags-UpMore-VChanges-Cancel",
              "fullTitle": "Documents In Departments TestCase:24.EditExpDate-IntMat-EnaDown-EnaEnc-AddTags-UpMore-VChanges-Cancel",
              "timedOut": null,
              "duration": 0,
              "state": "skipped",
              "speed": null,
              "pass": false,
              "fail": false,
              "pending": false,
              "context": null,
              "code": "_DocumentsPage.default.SelectMatterDropdown(intMatter);\n_DocumentsPage.default.ClickBrowseBtn();\n_DocumentsPage.default.EnableDownload();\n_DocumentsPage.default.EnableEncryption();\n_DocumentsPage.default.AddTagsToDocument(addTagsType, addTagsName);\n_DocumentsPage.default.UploadSaveBtn();\ncy.wait(3000);\n_DocumentsPage.default.UploadMoreBtn();\n_DocumentsPage.default.DocsMenuClick();\n_DocumentsPage.default.UploadTabClick();\n_DocumentsPage.default.ClickBrowseBtnUploadMore();\n_DocumentsPage.default.EnableDownload();\n_DocumentsPage.default.AddTagsToDocument(addTagsType, addTagsName);\n_DocumentsPage.default.UploadCancelBtn();",
              "err": {},
              "uuid": "dee8e359-b510-4202-a931-48ec836c843a",
              "parentUUID": "0f05ddd2-5df3-47f0-94a3-ce5af72e5b9a",
              "isHook": false,
              "skipped": true
            },
            {
              "title": "TestCase: 25.EditExpDate-IntMat-Upload-DisEnc-ViewChanges",
              "fullTitle": "Documents In Departments TestCase: 25.EditExpDate-IntMat-Upload-DisEnc-ViewChanges",
              "timedOut": null,
              "duration": 0,
              "state": "skipped",
              "speed": null,
              "pass": false,
              "fail": false,
              "pending": false,
              "context": null,
              "code": "_DocumentsPage.default.SelectMatterDropdown(intMatter);\n_DocumentsPage.default.SelectDeptAdd();\n_DocumentsPage.default.SelectDepts(selectDepts);\n_DocumentsPage.default.SelectDeptMinus();\n_DocumentsPage.default.ClickBrowseBtn();\n_DocumentsPage.default.DisableEncryption();\n_DocumentsPage.default.UploadSaveBtn();\ncy.wait(2000);\n_DocumentsPage.default.ViewChanges();\ncy.wait(2000);\n_DocumentsPage.default.DocsNameAssert(data.documentsAssert.DocumentName1);\ncy.scrollTo(\"top\");",
              "err": {},
              "uuid": "6095851e-0635-46a2-97b4-2ec1183b563c",
              "parentUUID": "0f05ddd2-5df3-47f0-94a3-ce5af72e5b9a",
              "isHook": false,
              "skipped": true
            },
            {
              "title": "TestCase: 26.EditExpDate-IntMat-Upload-DisEnc-Cancel",
              "fullTitle": "Documents In Departments TestCase: 26.EditExpDate-IntMat-Upload-DisEnc-Cancel",
              "timedOut": null,
              "duration": 0,
              "state": "skipped",
              "speed": null,
              "pass": false,
              "fail": false,
              "pending": false,
              "context": null,
              "code": "_DocumentsPage.default.SelectMatterDropdown(intMatter);\n_DocumentsPage.default.ClickBrowseBtn();\n_DocumentsPage.default.DisableEncryption();\n_DocumentsPage.default.UploadCancelBtn();\n// Documents.DocsNameAssert(data.documentsAssert.DocumentName2);",
              "err": {},
              "uuid": "c5186875-1ac6-4193-bfe0-cceb925aa28a",
              "parentUUID": "0f05ddd2-5df3-47f0-94a3-ce5af72e5b9a",
              "isHook": false,
              "skipped": true
            },
            {
              "title": "TestCase:27.EditExpDate-IntMat-EnaDown-DisEnc-ViewChanges",
              "fullTitle": "Documents In Departments TestCase:27.EditExpDate-IntMat-EnaDown-DisEnc-ViewChanges",
              "timedOut": null,
              "duration": 0,
              "state": "skipped",
              "speed": null,
              "pass": false,
              "fail": false,
              "pending": false,
              "context": null,
              "code": "_DocumentsPage.default.SelectMatterDropdown(intMatter);\n_DocumentsPage.default.SelectDeptAdd();\n_DocumentsPage.default.SelectDepts(selectDepts);\n_DocumentsPage.default.SelectDeptMinus();\n_DocumentsPage.default.ClickBrowseBtn1();\n_DocumentsPage.default.EnableDownload();\n_DocumentsPage.default.DisableEncryption();\n_DocumentsPage.default.UploadSaveBtn();\ncy.wait(2000);\n_DocumentsPage.default.ViewChanges();\n_DocumentsPage.default.DocsNameAssert(data.documentsAssert.DocumentName2);\n// Documents.DocsNameAssert(data.documentsAssert.DocumentName2);",
              "err": {},
              "uuid": "840de46c-7bee-4267-b7a6-a47459a8cc9c",
              "parentUUID": "0f05ddd2-5df3-47f0-94a3-ce5af72e5b9a",
              "isHook": false,
              "skipped": true
            },
            {
              "title": "TestCase:28.EditExpDate-IntMat-EnaDown-DisEnc-Cancel",
              "fullTitle": "Documents In Departments TestCase:28.EditExpDate-IntMat-EnaDown-DisEnc-Cancel",
              "timedOut": null,
              "duration": 0,
              "state": "skipped",
              "speed": null,
              "pass": false,
              "fail": false,
              "pending": false,
              "context": null,
              "code": "_DocumentsPage.default.SelectMatterDropdown(intMatter);\n_DocumentsPage.default.ClickBrowseBtn();\n_DocumentsPage.default.EnableDownload();\n_DocumentsPage.default.DisableEncryption();\n_DocumentsPage.default.UploadCancelBtn();",
              "err": {},
              "uuid": "07bcb614-05e3-4a49-8008-a0797e743454",
              "parentUUID": "0f05ddd2-5df3-47f0-94a3-ce5af72e5b9a",
              "isHook": false,
              "skipped": true
            },
            {
              "title": "TestCase:29.EditExpDate-IntMat-DisEnc-AddTags-ViewChanges",
              "fullTitle": "Documents In Departments TestCase:29.EditExpDate-IntMat-DisEnc-AddTags-ViewChanges",
              "timedOut": null,
              "duration": 0,
              "state": "skipped",
              "speed": null,
              "pass": false,
              "fail": false,
              "pending": false,
              "context": null,
              "code": "_DocumentsPage.default.SelectMatterDropdown(intMatter);\n_DocumentsPage.default.ClickBrowseBtn1();\n_DocumentsPage.default.EnableDownload();\n_DocumentsPage.default.DisableEncryption();\n_DocumentsPage.default.AddTagsToDocument(addTagsType, addTagsName);\n_DocumentsPage.default.UploadSaveBtn();\n_DocumentsPage.default.ViewChanges();\n_DocumentsPage.default.DocsNameAssert(data.addTagsName.DocumentName1);",
              "err": {},
              "uuid": "557e4f0e-a0b3-45f5-a73b-86fd8663f14a",
              "parentUUID": "0f05ddd2-5df3-47f0-94a3-ce5af72e5b9a",
              "isHook": false,
              "skipped": true
            },
            {
              "title": "TestCase:30.EditExpDate-IntMat-EnaDown-DisEnc-AddTags Cancel",
              "fullTitle": "Documents In Departments TestCase:30.EditExpDate-IntMat-EnaDown-DisEnc-AddTags Cancel",
              "timedOut": null,
              "duration": 0,
              "state": "skipped",
              "speed": null,
              "pass": false,
              "fail": false,
              "pending": false,
              "context": null,
              "code": "_DocumentsPage.default.SelectMatterDropdown(intMatter);\n_DocumentsPage.default.ClickBrowseBtn1();\n_DocumentsPage.default.EnableDownload();\n_DocumentsPage.default.DisableEncryption();\n_DocumentsPage.default.AddTagsToDocument(addTagsType, addTagsName);\n_DocumentsPage.default.UploadCancelBtn();",
              "err": {},
              "uuid": "5a0a4453-903f-4520-bd92-64d5880ec8fd",
              "parentUUID": "0f05ddd2-5df3-47f0-94a3-ce5af72e5b9a",
              "isHook": false,
              "skipped": true
            },
            {
              "title": "TestCase:31.EditExpDate-IntMat-UploadMore-DisEnc-ViewChanges",
              "fullTitle": "Documents In Departments TestCase:31.EditExpDate-IntMat-UploadMore-DisEnc-ViewChanges",
              "timedOut": null,
              "duration": 0,
              "state": "skipped",
              "speed": null,
              "pass": false,
              "fail": false,
              "pending": false,
              "context": null,
              "code": "_DocumentsPage.default.SelectMatterDropdown(intMatter);\n_DocumentsPage.default.ClickBrowseBtn();\n_DocumentsPage.default.DisableEncryption();\n_DocumentsPage.default.UploadSaveBtn();\ncy.wait(5000);\n_DocumentsPage.default.UploadMoreBtn();\n_DocumentsPage.default.DocsMenuClick();\n_DocumentsPage.default.UploadTabClick();\n_DocumentsPage.default.SelectInternalMatterRadioBtn();\n_DocumentsPage.default.ClickBrowseBtnUploadMore();\ncy.wait(2000);\n_DocumentsPage.default.UploadSaveBtn();\n_DocumentsPage.default.ViewChanges();\n_DocumentsPage.default.DocsNameAssert(data.uploadMore.DocumentName1);",
              "err": {},
              "uuid": "be2a301a-72ce-4103-a24a-ce421804f38c",
              "parentUUID": "0f05ddd2-5df3-47f0-94a3-ce5af72e5b9a",
              "isHook": false,
              "skipped": true
            },
            {
              "title": "TestCase:32.EditExpDate-IntMat-DisEnc-UploadMore-Cancel",
              "fullTitle": "Documents In Departments TestCase:32.EditExpDate-IntMat-DisEnc-UploadMore-Cancel",
              "timedOut": null,
              "duration": 0,
              "state": "skipped",
              "speed": null,
              "pass": false,
              "fail": false,
              "pending": false,
              "context": null,
              "code": "_DocumentsPage.default.SelectMatterDropdown(intMatter);\n_DocumentsPage.default.ClickBrowseBtn();\n_DocumentsPage.default.DisableEncryption();\n_DocumentsPage.default.UploadSaveBtn();\ncy.wait(5000);\n_DocumentsPage.default.UploadMoreBtn();\n_DocumentsPage.default.DocsMenuClick();\n_DocumentsPage.default.UploadTabClick();\n_DocumentsPage.default.SelectInternalMatterRadioBtn();\n_DocumentsPage.default.ClickBrowseBtnUploadMore();\ncy.wait(2000);\n_DocumentsPage.default.UploadCancelBtn();",
              "err": {},
              "uuid": "0facdb19-952c-4c93-a2ac-092a0187d55a",
              "parentUUID": "0f05ddd2-5df3-47f0-94a3-ce5af72e5b9a",
              "isHook": false,
              "skipped": true
            },
            {
              "title": "TestCase:33.EditExpDate-IntMat-UploadMore-EnaDown-DisEnc-ViewChanges",
              "fullTitle": "Documents In Departments TestCase:33.EditExpDate-IntMat-UploadMore-EnaDown-DisEnc-ViewChanges",
              "timedOut": null,
              "duration": 0,
              "state": "skipped",
              "speed": null,
              "pass": false,
              "fail": false,
              "pending": false,
              "context": null,
              "code": "_DocumentsPage.default.SelectMatterDropdown(intMatter);\n_DocumentsPage.default.ClickBrowseBtn();\n_DocumentsPage.default.EnableDownload();\n_DocumentsPage.default.DisableEncryption();\n_DocumentsPage.default.UploadSaveBtn();\ncy.wait(5000);\n_DocumentsPage.default.UploadMoreBtn();\n_DocumentsPage.default.DocsMenuClick();\n_DocumentsPage.default.UploadTabClick();\n_DocumentsPage.default.ClickBrowseBtnUploadMore();\ncy.wait(2000);\n_DocumentsPage.default.UploadSaveBtn();\n_DocumentsPage.default.ViewChanges();\n_DocumentsPage.default.DocsNameAssert(data.uploadMore.DocumentName1);",
              "err": {},
              "uuid": "3a1dedde-ee69-4c79-b986-f7c633e7f1be",
              "parentUUID": "0f05ddd2-5df3-47f0-94a3-ce5af72e5b9a",
              "isHook": false,
              "skipped": true
            },
            {
              "title": "TestCase:34.EditExpDate-IntMat-UploadMore-EnaDown-DisEnc-ViewChanges-Cancel",
              "fullTitle": "Documents In Departments TestCase:34.EditExpDate-IntMat-UploadMore-EnaDown-DisEnc-ViewChanges-Cancel",
              "timedOut": null,
              "duration": 0,
              "state": "skipped",
              "speed": null,
              "pass": false,
              "fail": false,
              "pending": false,
              "context": null,
              "code": "_DocumentsPage.default.SelectMatterDropdown(intMatter);\n_DocumentsPage.default.ClickBrowseBtn();\n_DocumentsPage.default.EnableDownload();\n_DocumentsPage.default.DisableEncryption();\n_DocumentsPage.default.UploadSaveBtn();\ncy.wait(5000);\n_DocumentsPage.default.UploadMoreBtn();\n_DocumentsPage.default.DocsMenuClick();\n_DocumentsPage.default.UploadTabClick();\n_DocumentsPage.default.ClickBrowseBtnUploadMore();\ncy.wait(2000);\n_DocumentsPage.default.UploadCancelBtn();",
              "err": {},
              "uuid": "627fc3c0-459e-4e7d-a67a-11629beb4279",
              "parentUUID": "0f05ddd2-5df3-47f0-94a3-ce5af72e5b9a",
              "isHook": false,
              "skipped": true
            },
            {
              "title": "TestCase:35.EditExpDate-IntMat-EnaDown-DisEnc-AddTags-UpMore-VChanges",
              "fullTitle": "Documents In Departments TestCase:35.EditExpDate-IntMat-EnaDown-DisEnc-AddTags-UpMore-VChanges",
              "timedOut": null,
              "duration": 0,
              "state": "skipped",
              "speed": null,
              "pass": false,
              "fail": false,
              "pending": false,
              "context": null,
              "code": "_DocumentsPage.default.SelectMatterDropdown(intMatter);\n_DocumentsPage.default.ClickBrowseBtn1();\n_DocumentsPage.default.EnableDownload();\n_DocumentsPage.default.DisableEncryption();\n_DocumentsPage.default.AddTagsToDocument(addTagsType, addTagsName);\n_DocumentsPage.default.UploadSaveBtn();\ncy.wait(3000);\n_DocumentsPage.default.UploadMoreBtn();\n// Documents.DocsMenuClick();\n// Documents.UploadTabClick();\n_DocumentsPage.default.ClickBrowseBtnUploadMore();\n_DocumentsPage.default.AddTagsToDocument(addTagsType, addTagsName);\ncy.wait(2000);\n_DocumentsPage.default.UploadSaveBtn();\n_DocumentsPage.default.ViewChanges();\n_DocumentsPage.default.DocsNameAssert(data.uploadMore.DocumentName1);",
              "err": {},
              "uuid": "d7b054af-6eb6-4f32-8e0b-54bf23608f06",
              "parentUUID": "0f05ddd2-5df3-47f0-94a3-ce5af72e5b9a",
              "isHook": false,
              "skipped": true
            },
            {
              "title": "TestCase:36.EditExpDate-IntMat-EnaDown-DisEnc-AddTags-UpMore-VChanges-Cancel",
              "fullTitle": "Documents In Departments TestCase:36.EditExpDate-IntMat-EnaDown-DisEnc-AddTags-UpMore-VChanges-Cancel",
              "timedOut": null,
              "duration": 0,
              "state": "skipped",
              "speed": null,
              "pass": false,
              "fail": false,
              "pending": false,
              "context": null,
              "code": "_DocumentsPage.default.SelectMatterDropdown(intMatter);\n_DocumentsPage.default.ClickBrowseBtn();\n_DocumentsPage.default.EnableDownload();\n_DocumentsPage.default.DisableEncryption();\n_DocumentsPage.default.AddTagsToDocument(addTagsType, addTagsName);\n_DocumentsPage.default.UploadSaveBtn();\ncy.wait(3000);\n_DocumentsPage.default.UploadMoreBtn();\n_DocumentsPage.default.ClickBrowseBtnUploadMore();\n_DocumentsPage.default.EnableDownload();\n_DocumentsPage.default.DisableEncryption();\n_DocumentsPage.default.UploadCancelBtn();",
              "err": {},
              "uuid": "3bc2e6b7-b6d7-4202-8761-0a3adbb80566",
              "parentUUID": "0f05ddd2-5df3-47f0-94a3-ce5af72e5b9a",
              "isHook": false,
              "skipped": true
            },
            {
              "title": "TestCase: 37.EditExpDate-IntMat-EditDocsName-Upload-ViewChanges",
              "fullTitle": "Documents In Departments TestCase: 37.EditExpDate-IntMat-EditDocsName-Upload-ViewChanges",
              "timedOut": null,
              "duration": 0,
              "state": "skipped",
              "speed": null,
              "pass": false,
              "fail": false,
              "pending": false,
              "context": null,
              "code": "_DocumentsPage.default.SelectMatterDropdown(intMatter);\n_DocumentsPage.default.ClickBrowseBtn();\n_DocumentsPage.default.DocumentNameEdit(data.selectDocs.document2);\n_DocumentsPage.default.UploadSaveBtn();\ncy.wait(3000);\n_DocumentsPage.default.ViewChanges();\ncy.wait(2000);\n_DocumentsPage.default.DocsNameAssert(data.selectDocs.documentAssert);\n_DocumentsPage.default.DocsNameAssert(data.selectDocs.documentAssert1);",
              "err": {},
              "uuid": "f5481473-0307-43fa-afa3-5372cd77f187",
              "parentUUID": "0f05ddd2-5df3-47f0-94a3-ce5af72e5b9a",
              "isHook": false,
              "skipped": true
            },
            {
              "title": "TestCase: 38.EditExpDate-IntMat-EditDocsName-Upload-Cancel",
              "fullTitle": "Documents In Departments TestCase: 38.EditExpDate-IntMat-EditDocsName-Upload-Cancel",
              "timedOut": null,
              "duration": 0,
              "state": "skipped",
              "speed": null,
              "pass": false,
              "fail": false,
              "pending": false,
              "context": null,
              "code": "_DocumentsPage.default.SelectMatterDropdown(intMatter);\n_DocumentsPage.default.ClickBrowseBtn();\n_DocumentsPage.default.DocumentNameEdit(data.selectDocs.document2);\n_DocumentsPage.default.UploadCancelBtn();\n// Documents.DocsNameAssert(data.documentsAssert.DocumentName2);",
              "err": {},
              "uuid": "f40bd97c-ae58-4bfd-8304-450eb5e7faa4",
              "parentUUID": "0f05ddd2-5df3-47f0-94a3-ce5af72e5b9a",
              "isHook": false,
              "skipped": true
            },
            {
              "title": "TestCase:39.EditExpDate-IntMat-EditDocsName-EnaDown-ViewChanges",
              "fullTitle": "Documents In Departments TestCase:39.EditExpDate-IntMat-EditDocsName-EnaDown-ViewChanges",
              "timedOut": null,
              "duration": 0,
              "state": "skipped",
              "speed": null,
              "pass": false,
              "fail": false,
              "pending": false,
              "context": null,
              "code": "_DocumentsPage.default.SelectMatterDropdown(intMatter);\n_DocumentsPage.default.ClickBrowseBtn();\n_DocumentsPage.default.EnableDownload();\n_DocumentsPage.default.DocumentNameEdit(data.selectDocs.document2);\n_DocumentsPage.default.UploadSaveBtn();\n_DocumentsPage.default.ViewChanges();\ncy.wait(2000);\n_DocumentsPage.default.DocsNameAssert(data.selectDocs.documentAssert);\n_DocumentsPage.default.DocsNameAssert(data.selectDocs.documentAssert1);\n// Documents.DocsNameAssert(data.documentsAssert.DocumentName2);",
              "err": {},
              "uuid": "c2ce4615-1bca-4a13-8eb3-9ae990de09ac",
              "parentUUID": "0f05ddd2-5df3-47f0-94a3-ce5af72e5b9a",
              "isHook": false,
              "skipped": true
            },
            {
              "title": "TestCase:40.EditExpDate-IntMat-EditDocsName-EnaDown-ViewChanges-Cancel",
              "fullTitle": "Documents In Departments TestCase:40.EditExpDate-IntMat-EditDocsName-EnaDown-ViewChanges-Cancel",
              "timedOut": null,
              "duration": 0,
              "state": "skipped",
              "speed": null,
              "pass": false,
              "fail": false,
              "pending": false,
              "context": null,
              "code": "_DocumentsPage.default.SelectMatterDropdown(intMatter);\n_DocumentsPage.default.ClickBrowseBtn();\n_DocumentsPage.default.DocumentNameEdit(data.selectDocs.document2);\n_DocumentsPage.default.UploadCancelBtn();",
              "err": {},
              "uuid": "75955549-44f5-444f-a6ae-c9b0d41aec00",
              "parentUUID": "0f05ddd2-5df3-47f0-94a3-ce5af72e5b9a",
              "isHook": false,
              "skipped": true
            },
            {
              "title": "TestCase:41.EditExpDate-IntMat-EnaDown-EditDocsName-AddTags-ViewChanges",
              "fullTitle": "Documents In Departments TestCase:41.EditExpDate-IntMat-EnaDown-EditDocsName-AddTags-ViewChanges",
              "timedOut": null,
              "duration": 0,
              "state": "skipped",
              "speed": null,
              "pass": false,
              "fail": false,
              "pending": false,
              "context": null,
              "code": "_DocumentsPage.default.SelectMatterDropdown(intMatter);\n_DocumentsPage.default.ClickBrowseBtn();\n_DocumentsPage.default.EnableDownload();\n_DocumentsPage.default.DocumentNameEdit(data.selectDocs.document2);\n_DocumentsPage.default.AddTagsToDocument(addTagsType, addTagsName);\n_DocumentsPage.default.UploadSaveBtn();\n_DocumentsPage.default.ViewChanges();\n_DocumentsPage.default.DocsNameAssert(data.selectDocs.documentAssert);\n_DocumentsPage.default.DocsNameAssert(data.selectDocs.documentAssert1);",
              "err": {},
              "uuid": "27610d63-16f0-4317-a914-5b4f8aac827e",
              "parentUUID": "0f05ddd2-5df3-47f0-94a3-ce5af72e5b9a",
              "isHook": false,
              "skipped": true
            },
            {
              "title": "TestCase:42.EditExpDate-IntMat-EnaDown-EditDocsName-AddTags Cancel",
              "fullTitle": "Documents In Departments TestCase:42.EditExpDate-IntMat-EnaDown-EditDocsName-AddTags Cancel",
              "timedOut": null,
              "duration": 0,
              "state": "skipped",
              "speed": null,
              "pass": false,
              "fail": false,
              "pending": false,
              "context": null,
              "code": "_DocumentsPage.default.SelectMatterDropdown(intMatter);\n_DocumentsPage.default.ClickBrowseBtn();\n_DocumentsPage.default.EnableDownload();\n_DocumentsPage.default.DocumentNameEdit(data.selectDocs.document2);\n_DocumentsPage.default.AddTagsToDocument(addTagsType, addTagsName);\n_DocumentsPage.default.UploadCancelBtn();",
              "err": {},
              "uuid": "12364510-fa82-4bf0-ae85-2b980a73795c",
              "parentUUID": "0f05ddd2-5df3-47f0-94a3-ce5af72e5b9a",
              "isHook": false,
              "skipped": true
            },
            {
              "title": "TestCase:43.EditExpDate-IntMat-EditDocsName-UpMore-VChanges",
              "fullTitle": "Documents In Departments TestCase:43.EditExpDate-IntMat-EditDocsName-UpMore-VChanges",
              "timedOut": null,
              "duration": 0,
              "state": "skipped",
              "speed": null,
              "pass": false,
              "fail": false,
              "pending": false,
              "context": null,
              "code": "_DocumentsPage.default.SelectMatterDropdown(intMatter);\n_DocumentsPage.default.ClickBrowseBtn();\n_DocumentsPage.default.UploadSaveBtn();\ncy.wait(5000);\n_DocumentsPage.default.UploadMoreBtn();\n_DocumentsPage.default.DocsMenuClick();\n_DocumentsPage.default.UploadTabClick();\n_DocumentsPage.default.SelectInternalMatterRadioBtn();\n_DocumentsPage.default.ClickBrowseBtnUploadMore();\ncy.wait(2000);\n_DocumentsPage.default.UploadSaveBtn();\n_DocumentsPage.default.ViewChanges();\n_DocumentsPage.default.DocsNameAssert(data.uploadMore.DocumentName1);",
              "err": {},
              "uuid": "856dca6e-2873-4500-8f51-87634beff8f4",
              "parentUUID": "0f05ddd2-5df3-47f0-94a3-ce5af72e5b9a",
              "isHook": false,
              "skipped": true
            },
            {
              "title": "TestCase: 44.EditExpDate-IntMat-EditDocsName-UploadMore-Cancel",
              "fullTitle": "Documents In Departments TestCase: 44.EditExpDate-IntMat-EditDocsName-UploadMore-Cancel",
              "timedOut": null,
              "duration": 0,
              "state": "skipped",
              "speed": null,
              "pass": false,
              "fail": false,
              "pending": false,
              "context": null,
              "code": "_DocumentsPage.default.SelectMatterDropdown(intMatter);\n_DocumentsPage.default.ClickBrowseBtn();\n_DocumentsPage.default.UploadSaveBtn();\ncy.wait(3000);\n_DocumentsPage.default.UploadMoreBtn();\n_DocumentsPage.default.DocsMenuClick();\n_DocumentsPage.default.UploadTabClick();\n_DocumentsPage.default.SelectInternalMatterRadioBtn();\n_DocumentsPage.default.ClickBrowseBtnUploadMore();\ncy.wait(2000);\n_DocumentsPage.default.UploadCancelBtn();",
              "err": {},
              "uuid": "d2ced525-42cf-497a-b55a-1420647ffacb",
              "parentUUID": "0f05ddd2-5df3-47f0-94a3-ce5af72e5b9a",
              "isHook": false,
              "skipped": true
            },
            {
              "title": "TestCase: 45.EditExpDate-IntMat-UploadMore-EnaDown-ViewChanges",
              "fullTitle": "Documents In Departments TestCase: 45.EditExpDate-IntMat-UploadMore-EnaDown-ViewChanges",
              "timedOut": null,
              "duration": 0,
              "state": "skipped",
              "speed": null,
              "pass": false,
              "fail": false,
              "pending": false,
              "context": null,
              "code": "_DocumentsPage.default.SelectMatterDropdown(intMatter);\n_DocumentsPage.default.ClickBrowseBtn();\n_DocumentsPage.default.EnableDownload();\n_DocumentsPage.default.UploadSaveBtn();\ncy.wait(5000);\n_DocumentsPage.default.UploadMoreBtn();\n_DocumentsPage.default.SelectInternalMatterRadioBtn();\n_DocumentsPage.default.ClickBrowseBtnUploadMore();\ncy.wait(2000);\n_DocumentsPage.default.UploadSaveBtn();\n_DocumentsPage.default.ViewChanges();\n_DocumentsPage.default.DocsNameAssert(data.selectDocs.documentAssert1);\n_DocumentsPage.default.DocsNameAssert(data.selectDocs.documentAssert2);",
              "err": {},
              "uuid": "a3b309d4-7968-4679-9500-11638a0cb26b",
              "parentUUID": "0f05ddd2-5df3-47f0-94a3-ce5af72e5b9a",
              "isHook": false,
              "skipped": true
            },
            {
              "title": "TestCase: 46.EditExpDate-IntMat-UploadMore-EnaDown-ViewChanges-Cancel",
              "fullTitle": "Documents In Departments TestCase: 46.EditExpDate-IntMat-UploadMore-EnaDown-ViewChanges-Cancel",
              "timedOut": null,
              "duration": 0,
              "state": "skipped",
              "speed": null,
              "pass": false,
              "fail": false,
              "pending": false,
              "context": null,
              "code": "_DocumentsPage.default.SelectMatterDropdown(intMatter);\n_DocumentsPage.default.ClickBrowseBtn();\n_DocumentsPage.default.EnableDownload();\n_DocumentsPage.default.UploadSaveBtn();\ncy.wait(5000);\n_DocumentsPage.default.UploadMoreBtn();\n_DocumentsPage.default.SelectInternalMatterRadioBtn();\n_DocumentsPage.default.ClickBrowseBtnUploadMore();\ncy.wait(2000);\n_DocumentsPage.default.UploadCancelBtn();",
              "err": {},
              "uuid": "cf567b8d-755a-4c33-b8a2-26dd838cf274",
              "parentUUID": "0f05ddd2-5df3-47f0-94a3-ce5af72e5b9a",
              "isHook": false,
              "skipped": true
            },
            {
              "title": "TestCase:47.EditExpDate-IntMat-EnaDown-AddTags-UpMore-VChanges",
              "fullTitle": "Documents In Departments TestCase:47.EditExpDate-IntMat-EnaDown-AddTags-UpMore-VChanges",
              "timedOut": null,
              "duration": 0,
              "state": "skipped",
              "speed": null,
              "pass": false,
              "fail": false,
              "pending": false,
              "context": null,
              "code": "_DocumentsPage.default.SelectMatterDropdown(intMatter);\n_DocumentsPage.default.ClickBrowseBtn1();\n_DocumentsPage.default.EnableDownload();\n_DocumentsPage.default.AddTagsToDocument(addTagsType, addTagsName);\n_DocumentsPage.default.UploadSaveBtn();\ncy.wait(3000);\n_DocumentsPage.default.UploadMoreBtn();\n_DocumentsPage.default.SelectInternalMatterRadioBtn();\n_DocumentsPage.default.ClickBrowseBtnUploadMore();\ncy.wait(2000);\n_DocumentsPage.default.UploadSaveBtn();\n_DocumentsPage.default.ViewChanges();\n_DocumentsPage.default.DocsNameAssert(data.selectDocs.documentAssert1);\n_DocumentsPage.default.DocsNameAssert(data.selectDocs.documentAssert2);",
              "err": {},
              "uuid": "87a3b49b-d2af-4f61-a61c-a43936f2874b",
              "parentUUID": "0f05ddd2-5df3-47f0-94a3-ce5af72e5b9a",
              "isHook": false,
              "skipped": true
            },
            {
              "title": "TestCase:48.EditExpDate-IntMat-EnaDown-AddTags-UpMore-VChanges-Cancel",
              "fullTitle": "Documents In Departments TestCase:48.EditExpDate-IntMat-EnaDown-AddTags-UpMore-VChanges-Cancel",
              "timedOut": null,
              "duration": 0,
              "state": "skipped",
              "speed": null,
              "pass": false,
              "fail": false,
              "pending": false,
              "context": null,
              "code": "_DocumentsPage.default.SelectMatterDropdown(intMatter);\n_DocumentsPage.default.ClickBrowseBtn1();\n_DocumentsPage.default.EnableDownload();\n_DocumentsPage.default.AddTagsToDocument(addTagsType, addTagsName);\n_DocumentsPage.default.UploadSaveBtn();\ncy.wait(3000);\n_DocumentsPage.default.UploadMoreBtn();\n_DocumentsPage.default.DocsMenuClick();\n_DocumentsPage.default.UploadTabClick();\n_DocumentsPage.default.SelectInternalMatterRadioBtn();\n_DocumentsPage.default.ClickBrowseBtnUploadMore();\n_DocumentsPage.default.EnableDownload();\n_DocumentsPage.default.AddTagsToDocument(addTagsType, addTagsName);\n_DocumentsPage.default.UploadCancelBtn();",
              "err": {},
              "uuid": "1a800e3f-b61d-4736-a789-6528c7c2da82",
              "parentUUID": "0f05ddd2-5df3-47f0-94a3-ce5af72e5b9a",
              "isHook": false,
              "skipped": true
            },
            {
              "title": "TestCase: 49.EditExpDate-IntMat-Upload-EnaEnc-ViewChanges",
              "fullTitle": "Documents In Departments TestCase: 49.EditExpDate-IntMat-Upload-EnaEnc-ViewChanges",
              "timedOut": null,
              "duration": 0,
              "state": "skipped",
              "speed": null,
              "pass": false,
              "fail": false,
              "pending": false,
              "context": null,
              "code": "_DocumentsPage.default.SelectMatterDropdown(intMatter);\n_DocumentsPage.default.ClickBrowseBtn();\n_DocumentsPage.default.EnableEncryption();\n// Documents.UploadSaveBtn();\ncy.wait(2000);\n_DocumentsPage.default.ViewChanges();\ncy.wait(2000);\n_DocumentsPage.default.DocsNameAssert(data.documentsAssert.DocumentName1);\ncy.scrollTo(\"top\");",
              "err": {},
              "uuid": "81604957-13cf-45c4-9d9e-74de5832aaa2",
              "parentUUID": "0f05ddd2-5df3-47f0-94a3-ce5af72e5b9a",
              "isHook": false,
              "skipped": true
            },
            {
              "title": "TestCase: 50.EditExpDate-IntMat-Upload-EnaEnc-Cancel",
              "fullTitle": "Documents In Departments TestCase: 50.EditExpDate-IntMat-Upload-EnaEnc-Cancel",
              "timedOut": null,
              "duration": 0,
              "state": "skipped",
              "speed": null,
              "pass": false,
              "fail": false,
              "pending": false,
              "context": null,
              "code": "_DocumentsPage.default.SelectMatterDropdown(intMatter);\n_DocumentsPage.default.ClickBrowseBtn();\n_DocumentsPage.default.EnableEncryption();\n_DocumentsPage.default.UploadCancelBtn();\n// Documents.DocsNameAssert(data.documentsAssert.DocumentName2);",
              "err": {},
              "uuid": "91aba24b-dc02-485f-855c-ed272093876b",
              "parentUUID": "0f05ddd2-5df3-47f0-94a3-ce5af72e5b9a",
              "isHook": false,
              "skipped": true
            },
            {
              "title": "TestCase:51.EditExpDate-IntMat-EnaDown-EnaEnc-ViewChanges",
              "fullTitle": "Documents In Departments TestCase:51.EditExpDate-IntMat-EnaDown-EnaEnc-ViewChanges",
              "timedOut": null,
              "duration": 0,
              "state": "skipped",
              "speed": null,
              "pass": false,
              "fail": false,
              "pending": false,
              "context": null,
              "code": "_DocumentsPage.default.SelectMatterDropdown(intMatter);\n_DocumentsPage.default.SelectDeptAdd();\n_DocumentsPage.default.SelectDepts(selectDepts);\n_DocumentsPage.default.SelectDeptMinus();\n_DocumentsPage.default.ClickBrowseBtn1();\n_DocumentsPage.default.EnableDownload();\n_DocumentsPage.default.EnableEncryption();\n_DocumentsPage.default.UploadSaveBtn();\ncy.wait(2000);\n_DocumentsPage.default.ViewChanges();\n_DocumentsPage.default.DocsNameAssert(data.documentsAssert.DocumentName2);\n// Documents.DocsNameAssert(data.documentsAssert.DocumentName2);",
              "err": {},
              "uuid": "290be75e-0b81-4857-a853-ae2ba37ed464",
              "parentUUID": "0f05ddd2-5df3-47f0-94a3-ce5af72e5b9a",
              "isHook": false,
              "skipped": true
            },
            {
              "title": "TestCase:52.EditExpDate-IntMat-EnaDown-EnaEnc-Cancel",
              "fullTitle": "Documents In Departments TestCase:52.EditExpDate-IntMat-EnaDown-EnaEnc-Cancel",
              "timedOut": null,
              "duration": 0,
              "state": "skipped",
              "speed": null,
              "pass": false,
              "fail": false,
              "pending": false,
              "context": null,
              "code": "_DocumentsPage.default.SelectMatterDropdown(intMatter);\n_DocumentsPage.default.ClickBrowseBtn();\n_DocumentsPage.default.EnableDownload();\n_DocumentsPage.default.EnableEncryption();\n_DocumentsPage.default.UploadCancelBtn();",
              "err": {},
              "uuid": "c05c4712-266d-4a01-afe5-09fc75b36030",
              "parentUUID": "0f05ddd2-5df3-47f0-94a3-ce5af72e5b9a",
              "isHook": false,
              "skipped": true
            },
            {
              "title": "TestCase:53.EditExpDate-IntMat-EnaDown-EnaEnc-AddTags-ViewChanges",
              "fullTitle": "Documents In Departments TestCase:53.EditExpDate-IntMat-EnaDown-EnaEnc-AddTags-ViewChanges",
              "timedOut": null,
              "duration": 0,
              "state": "skipped",
              "speed": null,
              "pass": false,
              "fail": false,
              "pending": false,
              "context": null,
              "code": "_DocumentsPage.default.SelectMatterDropdown(intMatter);\n_DocumentsPage.default.ClickBrowseBtn1();\n_DocumentsPage.default.EnableDownload();\n_DocumentsPage.default.EnableEncryption();\n_DocumentsPage.default.AddTagsToDocument(addTagsType, addTagsName);\n_DocumentsPage.default.UploadSaveBtn();\n_DocumentsPage.default.ViewChanges();\n_DocumentsPage.default.DocsNameAssert(data.addTagsName.DocumentName1);",
              "err": {},
              "uuid": "524447c2-65aa-48bb-bca9-5400a0564e89",
              "parentUUID": "0f05ddd2-5df3-47f0-94a3-ce5af72e5b9a",
              "isHook": false,
              "skipped": true
            },
            {
              "title": "TestCase:54.EditExpDate-IntMat-EnaDown-EnaEnc-AddTags Cancel",
              "fullTitle": "Documents In Departments TestCase:54.EditExpDate-IntMat-EnaDown-EnaEnc-AddTags Cancel",
              "timedOut": null,
              "duration": 0,
              "state": "skipped",
              "speed": null,
              "pass": false,
              "fail": false,
              "pending": false,
              "context": null,
              "code": "_DocumentsPage.default.SelectMatterDropdown(intMatter);\n_DocumentsPage.default.ClickBrowseBtn1();\n_DocumentsPage.default.EnableDownload();\n_DocumentsPage.default.EnableEncryption();\n_DocumentsPage.default.AddTagsToDocument(addTagsType, addTagsName);\n_DocumentsPage.default.UploadCancelBtn();",
              "err": {},
              "uuid": "9f5698c5-12ce-436a-8c2a-44279b58c6c4",
              "parentUUID": "0f05ddd2-5df3-47f0-94a3-ce5af72e5b9a",
              "isHook": false,
              "skipped": true
            },
            {
              "title": "TestCase:55.EditExpDate-IntMat-UploadMore-EnaEnc-ViewChanges",
              "fullTitle": "Documents In Departments TestCase:55.EditExpDate-IntMat-UploadMore-EnaEnc-ViewChanges",
              "timedOut": null,
              "duration": 0,
              "state": "skipped",
              "speed": null,
              "pass": false,
              "fail": false,
              "pending": false,
              "context": null,
              "code": "_DocumentsPage.default.SelectMatterDropdown(intMatter);\n_DocumentsPage.default.ClickBrowseBtn();\n_DocumentsPage.default.UploadSaveBtn();\ncy.wait(5000);\n_DocumentsPage.default.UploadMoreBtn();\n_DocumentsPage.default.DocsMenuClick();\n_DocumentsPage.default.UploadTabClick();\n_DocumentsPage.default.SelectInternalMatterRadioBtn();\n_DocumentsPage.default.ClickBrowseBtnUploadMore();\ncy.wait(2000);\n_DocumentsPage.default.UploadSaveBtn();\n_DocumentsPage.default.ViewChanges();\n_DocumentsPage.default.DocsNameAssert(data.uploadMore.DocumentName1);",
              "err": {},
              "uuid": "2728cecb-0e6d-4bc7-a6c1-7f9d649ca1c6",
              "parentUUID": "0f05ddd2-5df3-47f0-94a3-ce5af72e5b9a",
              "isHook": false,
              "skipped": true
            },
            {
              "title": "TestCase:56.EditExpDate-IntMat-EnaEnc-UploadMore-Cancel",
              "fullTitle": "Documents In Departments TestCase:56.EditExpDate-IntMat-EnaEnc-UploadMore-Cancel",
              "timedOut": null,
              "duration": 0,
              "state": "skipped",
              "speed": null,
              "pass": false,
              "fail": false,
              "pending": false,
              "context": null,
              "code": "_DocumentsPage.default.SelectMatterDropdown(intMatter);\n_DocumentsPage.default.ClickBrowseBtn();\n_DocumentsPage.default.UploadSaveBtn();\ncy.wait(5000);\n_DocumentsPage.default.UploadMoreBtn();\n_DocumentsPage.default.DocsMenuClick();\n_DocumentsPage.default.UploadTabClick();\n_DocumentsPage.default.SelectInternalMatterRadioBtn();\n_DocumentsPage.default.ClickBrowseBtnUploadMore();\ncy.wait(2000);\n_DocumentsPage.default.UploadCancelBtn();",
              "err": {},
              "uuid": "0967e053-ac1b-409e-a2d3-0d15d3e48082",
              "parentUUID": "0f05ddd2-5df3-47f0-94a3-ce5af72e5b9a",
              "isHook": false,
              "skipped": true
            },
            {
              "title": "TestCase: 57.EditExpDate-IntMat-UploadMore-EnaDown-EnaEnc-ViewChanges",
              "fullTitle": "Documents In Departments TestCase: 57.EditExpDate-IntMat-UploadMore-EnaDown-EnaEnc-ViewChanges",
              "timedOut": null,
              "duration": 0,
              "state": "skipped",
              "speed": null,
              "pass": false,
              "fail": false,
              "pending": false,
              "context": null,
              "code": "_DocumentsPage.default.SelectMatterDropdown(intMatter);\n_DocumentsPage.default.ClickBrowseBtn();\n_DocumentsPage.default.EnableDownload();\n_DocumentsPage.default.EnableEncryption();\n_DocumentsPage.default.UploadSaveBtn();\ncy.wait(5000);\n_DocumentsPage.default.UploadMoreBtn();\n_DocumentsPage.default.DocsMenuClick();\n_DocumentsPage.default.UploadTabClick();\n_DocumentsPage.default.ClickBrowseBtnUploadMore();\ncy.wait(2000);\n_DocumentsPage.default.UploadSaveBtn();\n_DocumentsPage.default.ViewChanges();\n_DocumentsPage.default.DocsNameAssert(data.uploadMore.DocumentName1);",
              "err": {},
              "uuid": "d4122885-6976-4725-9d64-3b562d30dc2f",
              "parentUUID": "0f05ddd2-5df3-47f0-94a3-ce5af72e5b9a",
              "isHook": false,
              "skipped": true
            },
            {
              "title": "TestCase: 58.EditExpDate-IntMat-UploadMore-EnaDown-EnaEnc-ViewChanges-Cancel",
              "fullTitle": "Documents In Departments TestCase: 58.EditExpDate-IntMat-UploadMore-EnaDown-EnaEnc-ViewChanges-Cancel",
              "timedOut": null,
              "duration": 0,
              "state": "skipped",
              "speed": null,
              "pass": false,
              "fail": false,
              "pending": false,
              "context": null,
              "code": "_DocumentsPage.default.SelectMatterDropdown(intMatter);\n_DocumentsPage.default.ClickBrowseBtn();\n_DocumentsPage.default.EnableDownload();\n_DocumentsPage.default.EnableEncryption();\n_DocumentsPage.default.UploadSaveBtn();\ncy.wait(5000);\n_DocumentsPage.default.UploadMoreBtn();\n_DocumentsPage.default.DocsMenuClick();\n_DocumentsPage.default.UploadTabClick();\n_DocumentsPage.default.ClickBrowseBtnUploadMore();\ncy.wait(2000);\n_DocumentsPage.default.UploadCancelBtn();",
              "err": {},
              "uuid": "f3cd825b-0cb9-4f5d-ba67-96a452302d48",
              "parentUUID": "0f05ddd2-5df3-47f0-94a3-ce5af72e5b9a",
              "isHook": false,
              "skipped": true
            },
            {
              "title": "TestCase:59.EditExpDate-IntMat-EnaDown-EnaEnc-AddTags-UpMore-VChanges",
              "fullTitle": "Documents In Departments TestCase:59.EditExpDate-IntMat-EnaDown-EnaEnc-AddTags-UpMore-VChanges",
              "timedOut": null,
              "duration": 0,
              "state": "skipped",
              "speed": null,
              "pass": false,
              "fail": false,
              "pending": false,
              "context": null,
              "code": "_DocumentsPage.default.SelectMatterDropdown(intMatter);\n_DocumentsPage.default.ClickBrowseBtn1();\n_DocumentsPage.default.EnableDownload();\n_DocumentsPage.default.EnableEncryption();\n_DocumentsPage.default.AddTagsToDocument(addTagsType, addTagsName);\n_DocumentsPage.default.UploadSaveBtn();\ncy.wait(3000);\n_DocumentsPage.default.UploadMoreBtn();\n_DocumentsPage.default.DocsMenuClick();\n_DocumentsPage.default.UploadTabClick();\n_DocumentsPage.default.SelectInternalMatterRadioBtn();\n_DocumentsPage.default.ClickBrowseBtnUploadMore();\n_DocumentsPage.default.AddTagsToDocument(addTagsType, addTagsName);\ncy.wait(2000);\n_DocumentsPage.default.UploadSaveBtn();\n_DocumentsPage.default.ViewChanges();\n_DocumentsPage.default.DocsNameAssert(data.uploadMore.DocumentName1);",
              "err": {},
              "uuid": "8f94f9d7-4fee-4556-a4f5-2f7b8bd090c8",
              "parentUUID": "0f05ddd2-5df3-47f0-94a3-ce5af72e5b9a",
              "isHook": false,
              "skipped": true
            },
            {
              "title": "TestCase:60.EditExpDate-IntMat-EnaDown-EnaEnc-AddTags-UpMore-VChanges-Cancel",
              "fullTitle": "Documents In Departments TestCase:60.EditExpDate-IntMat-EnaDown-EnaEnc-AddTags-UpMore-VChanges-Cancel",
              "timedOut": null,
              "duration": 0,
              "state": "skipped",
              "speed": null,
              "pass": false,
              "fail": false,
              "pending": false,
              "context": null,
              "code": "_DocumentsPage.default.SelectMatterDropdown(intMatter);\n_DocumentsPage.default.ClickBrowseBtn();\n_DocumentsPage.default.EnableDownload();\n_DocumentsPage.default.EnableEncryption();\n_DocumentsPage.default.AddTagsToDocument(addTagsType, addTagsName);\n_DocumentsPage.default.UploadSaveBtn();\ncy.wait(3000);\n_DocumentsPage.default.UploadMoreBtn();\n_DocumentsPage.default.DocsMenuClick();\n_DocumentsPage.default.UploadTabClick();\n_DocumentsPage.default.ClickBrowseBtnUploadMore();\n_DocumentsPage.default.EnableDownload();\n_DocumentsPage.default.AddTagsToDocument(addTagsType, addTagsName);\n_DocumentsPage.default.UploadCancelBtn();",
              "err": {},
              "uuid": "634cd78e-da06-4a88-9457-f9270b5247e9",
              "parentUUID": "0f05ddd2-5df3-47f0-94a3-ce5af72e5b9a",
              "isHook": false,
              "skipped": true
            },
            {
              "title": "TestCase: 61.EditExpDate-IntMat-Upload-DisEnc-ViewChanges",
              "fullTitle": "Documents In Departments TestCase: 61.EditExpDate-IntMat-Upload-DisEnc-ViewChanges",
              "timedOut": null,
              "duration": 0,
              "state": "skipped",
              "speed": null,
              "pass": false,
              "fail": false,
              "pending": false,
              "context": null,
              "code": "_DocumentsPage.default.SelectMatterDropdown(intMatter);\n_DocumentsPage.default.ClickBrowseBtn();\n_DocumentsPage.default.DisableEncryption();\n_DocumentsPage.default.UploadSaveBtn();\ncy.wait(2000);\n_DocumentsPage.default.ViewChanges();\ncy.wait(2000);\n_DocumentsPage.default.DocsNameAssert(data.documentsAssert.DocumentName1);\ncy.scrollTo(\"top\");",
              "err": {},
              "uuid": "2e7c5e53-70b4-44eb-b1d2-8e97c248bafe",
              "parentUUID": "0f05ddd2-5df3-47f0-94a3-ce5af72e5b9a",
              "isHook": false,
              "skipped": true
            },
            {
              "title": "TestCase: 62.EditExpDate-IntMat-Upload-DisEnc-Cancel",
              "fullTitle": "Documents In Departments TestCase: 62.EditExpDate-IntMat-Upload-DisEnc-Cancel",
              "timedOut": null,
              "duration": 0,
              "state": "skipped",
              "speed": null,
              "pass": false,
              "fail": false,
              "pending": false,
              "context": null,
              "code": "_DocumentsPage.default.SelectMatterDropdown(intMatter);\n_DocumentsPage.default.ClickBrowseBtn();\n_DocumentsPage.default.DisableEncryption();\n_DocumentsPage.default.UploadCancelBtn();\n// Documents.DocsNameAssert(data.documentsAssert.DocumentName2);",
              "err": {},
              "uuid": "321251d7-08df-4f4f-9432-595664ddf62d",
              "parentUUID": "0f05ddd2-5df3-47f0-94a3-ce5af72e5b9a",
              "isHook": false,
              "skipped": true
            },
            {
              "title": "TestCase:63.EditExpDate-IntMat-EnaDown-DisEnc-ViewChanges",
              "fullTitle": "Documents In Departments TestCase:63.EditExpDate-IntMat-EnaDown-DisEnc-ViewChanges",
              "timedOut": null,
              "duration": 0,
              "state": "skipped",
              "speed": null,
              "pass": false,
              "fail": false,
              "pending": false,
              "context": null,
              "code": "_DocumentsPage.default.SelectMatterDropdown(intMatter);\n_DocumentsPage.default.SelectDeptAdd();\n_DocumentsPage.default.SelectDepts(selectDepts);\n_DocumentsPage.default.SelectDeptMinus();\n_DocumentsPage.default.ClickBrowseBtn1();\n_DocumentsPage.default.EnableDownload();\n_DocumentsPage.default.DisableEncryption();\n_DocumentsPage.default.UploadSaveBtn();\ncy.wait(2000);\n_DocumentsPage.default.ViewChanges();\n_DocumentsPage.default.DocsNameAssert(data.documentsAssert.DocumentName2);\n// Documents.DocsNameAssert(data.documentsAssert.DocumentName2);",
              "err": {},
              "uuid": "060f8366-6bf5-4f27-8af9-c0463edbe426",
              "parentUUID": "0f05ddd2-5df3-47f0-94a3-ce5af72e5b9a",
              "isHook": false,
              "skipped": true
            },
            {
              "title": "TestCase:64.EditExpDate-IntMat-EnaDown-DisEnc-Cancel",
              "fullTitle": "Documents In Departments TestCase:64.EditExpDate-IntMat-EnaDown-DisEnc-Cancel",
              "timedOut": null,
              "duration": 0,
              "state": "skipped",
              "speed": null,
              "pass": false,
              "fail": false,
              "pending": false,
              "context": null,
              "code": "_DocumentsPage.default.SelectMatterDropdown(intMatter);\n_DocumentsPage.default.ClickBrowseBtn();\n_DocumentsPage.default.EnableDownload();\n_DocumentsPage.default.DisableEncryption();\n_DocumentsPage.default.UploadCancelBtn();",
              "err": {},
              "uuid": "1891ac5a-83be-4469-a116-7dc79f8e3c24",
              "parentUUID": "0f05ddd2-5df3-47f0-94a3-ce5af72e5b9a",
              "isHook": false,
              "skipped": true
            },
            {
              "title": "TestCase:65.EditExpDate-IntMat-DisEnc-AddTags-ViewChanges",
              "fullTitle": "Documents In Departments TestCase:65.EditExpDate-IntMat-DisEnc-AddTags-ViewChanges",
              "timedOut": null,
              "duration": 0,
              "state": "skipped",
              "speed": null,
              "pass": false,
              "fail": false,
              "pending": false,
              "context": null,
              "code": "_DocumentsPage.default.SelectMatterDropdown(intMatter);\n_DocumentsPage.default.ClickBrowseBtn1();\n_DocumentsPage.default.EnableDownload();\n_DocumentsPage.default.DisableEncryption();\n_DocumentsPage.default.AddTagsToDocument(addTagsType, addTagsName);\n_DocumentsPage.default.UploadSaveBtn();\n_DocumentsPage.default.ViewChanges();\n_DocumentsPage.default.DocsNameAssert(data.addTagsName.DocumentName1);",
              "err": {},
              "uuid": "e266b13e-f659-4ac6-a3b3-66f1c97bd5a8",
              "parentUUID": "0f05ddd2-5df3-47f0-94a3-ce5af72e5b9a",
              "isHook": false,
              "skipped": true
            },
            {
              "title": "TestCase:66.EditExpDate-IntMat-EnaDown-DisEnc-AddTags Cancel",
              "fullTitle": "Documents In Departments TestCase:66.EditExpDate-IntMat-EnaDown-DisEnc-AddTags Cancel",
              "timedOut": null,
              "duration": 0,
              "state": "skipped",
              "speed": null,
              "pass": false,
              "fail": false,
              "pending": false,
              "context": null,
              "code": "_DocumentsPage.default.SelectMatterDropdown(intMatter);\n_DocumentsPage.default.ClickBrowseBtn1();\n_DocumentsPage.default.EnableDownload();\n_DocumentsPage.default.DisableEncryption();\n_DocumentsPage.default.AddTagsToDocument(addTagsType, addTagsName);\n_DocumentsPage.default.UploadCancelBtn();",
              "err": {},
              "uuid": "95a8e1f8-e209-4bd2-95b1-6a6ca63a2c7d",
              "parentUUID": "0f05ddd2-5df3-47f0-94a3-ce5af72e5b9a",
              "isHook": false,
              "skipped": true
            },
            {
              "title": "TestCase:67.EditExpDate-IntMat-UploadMore-DisEnc-ViewChanges",
              "fullTitle": "Documents In Departments TestCase:67.EditExpDate-IntMat-UploadMore-DisEnc-ViewChanges",
              "timedOut": null,
              "duration": 0,
              "state": "skipped",
              "speed": null,
              "pass": false,
              "fail": false,
              "pending": false,
              "context": null,
              "code": "_DocumentsPage.default.SelectMatterDropdown(intMatter);\n_DocumentsPage.default.ClickBrowseBtn();\n_DocumentsPage.default.DisableEncryption();\n_DocumentsPage.default.UploadSaveBtn();\ncy.wait(5000);\n_DocumentsPage.default.UploadMoreBtn();\n_DocumentsPage.default.DocsMenuClick();\n_DocumentsPage.default.UploadTabClick();\n_DocumentsPage.default.SelectInternalMatterRadioBtn();\n_DocumentsPage.default.ClickBrowseBtnUploadMore();\ncy.wait(2000);\n_DocumentsPage.default.UploadSaveBtn();\n_DocumentsPage.default.ViewChanges();\n_DocumentsPage.default.DocsNameAssert(data.uploadMore.DocumentName1);",
              "err": {},
              "uuid": "32fa80c7-9f6b-4342-9ccc-7bbb1d76595d",
              "parentUUID": "0f05ddd2-5df3-47f0-94a3-ce5af72e5b9a",
              "isHook": false,
              "skipped": true
            },
            {
              "title": "TestCase:68.EditExpDate-IntMat-DisEnc-UploadMore-Cancel",
              "fullTitle": "Documents In Departments TestCase:68.EditExpDate-IntMat-DisEnc-UploadMore-Cancel",
              "timedOut": null,
              "duration": 0,
              "state": "skipped",
              "speed": null,
              "pass": false,
              "fail": false,
              "pending": false,
              "context": null,
              "code": "_DocumentsPage.default.SelectMatterDropdown(intMatter);\n_DocumentsPage.default.ClickBrowseBtn();\n_DocumentsPage.default.DisableEncryption();\n_DocumentsPage.default.UploadSaveBtn();\ncy.wait(5000);\n_DocumentsPage.default.UploadMoreBtn();\n_DocumentsPage.default.DocsMenuClick();\n_DocumentsPage.default.UploadTabClick();\n_DocumentsPage.default.SelectInternalMatterRadioBtn();\n_DocumentsPage.default.ClickBrowseBtnUploadMore();\ncy.wait(2000);\n_DocumentsPage.default.UploadCancelBtn();",
              "err": {},
              "uuid": "facec30e-7158-4eeb-9d0e-2244ca60dd16",
              "parentUUID": "0f05ddd2-5df3-47f0-94a3-ce5af72e5b9a",
              "isHook": false,
              "skipped": true
            },
            {
              "title": "TestCase:69.EditExpDate-IntMat-UploadMore-EnaDown-DisEnc-ViewChanges",
              "fullTitle": "Documents In Departments TestCase:69.EditExpDate-IntMat-UploadMore-EnaDown-DisEnc-ViewChanges",
              "timedOut": null,
              "duration": 0,
              "state": "skipped",
              "speed": null,
              "pass": false,
              "fail": false,
              "pending": false,
              "context": null,
              "code": "_DocumentsPage.default.SelectMatterDropdown(intMatter);\n_DocumentsPage.default.ClickBrowseBtn();\n_DocumentsPage.default.EnableDownload();\n_DocumentsPage.default.DisableEncryption();\n_DocumentsPage.default.UploadSaveBtn();\ncy.wait(5000);\n_DocumentsPage.default.UploadMoreBtn();\n_DocumentsPage.default.DocsMenuClick();\n_DocumentsPage.default.UploadTabClick();\n_DocumentsPage.default.ClickBrowseBtnUploadMore();\ncy.wait(2000);\n_DocumentsPage.default.UploadSaveBtn();\n_DocumentsPage.default.ViewChanges();\n_DocumentsPage.default.DocsNameAssert(data.uploadMore.DocumentName1);",
              "err": {},
              "uuid": "affebc17-e0a6-4a7a-bef4-eaeed8d92fcf",
              "parentUUID": "0f05ddd2-5df3-47f0-94a3-ce5af72e5b9a",
              "isHook": false,
              "skipped": true
            },
            {
              "title": "TestCase:70.EditExpDate-IntMat-UploadMore-EnaDown-DisEnc-ViewChanges-Cancel",
              "fullTitle": "Documents In Departments TestCase:70.EditExpDate-IntMat-UploadMore-EnaDown-DisEnc-ViewChanges-Cancel",
              "timedOut": null,
              "duration": 0,
              "state": "skipped",
              "speed": null,
              "pass": false,
              "fail": false,
              "pending": false,
              "context": null,
              "code": "_DocumentsPage.default.SelectMatterDropdown(intMatter);\n_DocumentsPage.default.ClickBrowseBtn();\n_DocumentsPage.default.EnableDownload();\n_DocumentsPage.default.DisableEncryption();\n_DocumentsPage.default.UploadSaveBtn();\ncy.wait(5000);\n_DocumentsPage.default.UploadMoreBtn();\n_DocumentsPage.default.DocsMenuClick();\n_DocumentsPage.default.UploadTabClick();\n_DocumentsPage.default.ClickBrowseBtnUploadMore();\ncy.wait(2000);\n_DocumentsPage.default.UploadCancelBtn();",
              "err": {},
              "uuid": "75c3d8c9-74f3-4ddb-81e8-dbd811f40af9",
              "parentUUID": "0f05ddd2-5df3-47f0-94a3-ce5af72e5b9a",
              "isHook": false,
              "skipped": true
            },
            {
              "title": "TestCase:71.EditExpDate-IntMat-EnaDown-DisEnc-EditDocName-AddTags-UpMore-VChanges",
              "fullTitle": "Documents In Departments TestCase:71.EditExpDate-IntMat-EnaDown-DisEnc-EditDocName-AddTags-UpMore-VChanges",
              "timedOut": null,
              "duration": 0,
              "state": "skipped",
              "speed": null,
              "pass": false,
              "fail": false,
              "pending": false,
              "context": null,
              "code": "_DocumentsPage.default.SelectMatterDropdown(intMatter);\n_DocumentsPage.default.ClickBrowseBtn1();\n_DocumentsPage.default.EnableDownload();\n_DocumentsPage.default.DisableEncryption();\n_DocumentsPage.default.AddTagsToDocument(addTagsType, addTagsName);\n_DocumentsPage.default.UploadSaveBtn();\ncy.wait(3000);\n_DocumentsPage.default.UploadMoreBtn();\n_DocumentsPage.default.selectMatterDropdown;\n_DocumentsPage.default.ClickBrowseBtnUploadMore();\n_DocumentsPage.default.AddTagsToDocument(addTagsType, addTagsName);\ncy.wait(2000);\n_DocumentsPage.default.UploadSaveBtn();\n_DocumentsPage.default.ViewChanges();\n_DocumentsPage.default.DocsNameAssert(data.uploadMore.DocumentName1);",
              "err": {},
              "uuid": "37c6d875-d0b6-4423-a527-0a3e53f14229",
              "parentUUID": "0f05ddd2-5df3-47f0-94a3-ce5af72e5b9a",
              "isHook": false,
              "skipped": true
            },
            {
              "title": "TestCase:72.EditExpDate-IntMat-EnaDown-DisEnc-AddTags-UpMore-VChanges-Cancel",
              "fullTitle": "Documents In Departments TestCase:72.EditExpDate-IntMat-EnaDown-DisEnc-AddTags-UpMore-VChanges-Cancel",
              "timedOut": null,
              "duration": 0,
              "state": "skipped",
              "speed": null,
              "pass": false,
              "fail": false,
              "pending": false,
              "context": null,
              "code": "_DocumentsPage.default.SelectMatterDropdown(intMatter);\n_DocumentsPage.default.ClickBrowseBtn();\n_DocumentsPage.default.EnableDownload();\n_DocumentsPage.default.DisableEncryption();\n_DocumentsPage.default.AddTagsToDocument(addTagsType, addTagsName);\n_DocumentsPage.default.UploadSaveBtn();\ncy.wait(3000);\n_DocumentsPage.default.UploadMoreBtn();\n_DocumentsPage.default.ClickBrowseBtnUploadMore();\n_DocumentsPage.default.EnableDownload();\n_DocumentsPage.default.DisableEncryption();\n_DocumentsPage.default.UploadCancelBtn();",
              "err": {},
              "uuid": "eb34fc94-86d7-4c54-871a-76fbd7b50f1b",
              "parentUUID": "0f05ddd2-5df3-47f0-94a3-ce5af72e5b9a",
              "isHook": false,
              "skipped": true
            },
            {
              "title": "Multiple Dcoument Edit's",
              "fullTitle": "Documents In Departments Multiple Dcoument Edit's",
              "timedOut": null,
              "duration": 0,
              "state": "skipped",
              "speed": null,
              "pass": false,
              "fail": false,
              "pending": false,
              "context": null,
              "code": "_DocumentsPage.default.SelectMatterDropdown(intMatter);\n_DocumentsPage.default.ClickBrowseBtn();\n_DocumentsPage.default.EnableDownload();\n// Documents.DocumentsEdits(data.selectDocs.document1);\n//Documents.NewDocsEdits(editDocuments);\n_DocumentsPage.default.DocumentNameEdit(editDocuments);\n_DocumentsPage.default.UploadSaveBtn();\ncy.wait(1000);\n_DocumentsPage.default.ViewChanges();\ncy.wait(1000);\n_DocumentsPage.default.DocsNameAssert(data.selectDocs.documentAssert1);\n_DocumentsPage.default.DocsNameAssert(data.selectDocs.documentAssert2);",
              "err": {},
              "uuid": "3ae1253c-524f-4860-9085-276691c74b78",
              "parentUUID": "0f05ddd2-5df3-47f0-94a3-ce5af72e5b9a",
              "isHook": false,
              "skipped": true
            }
          ],
          "suites": [],
          "passes": [],
          "failures": [
            "3e6152b8-babc-40f6-ab5f-527dd1bda610"
          ],
          "pending": [],
          "skipped": [
            "6bfc98cf-084b-4ed6-ba32-df4bb54651fb",
            "d3d02e46-46ca-4333-a9f4-d9f4e75df197",
            "820a41fc-3e33-4357-b848-c602128c986a",
            "216e5192-41ec-4ee9-8e89-3577a3f0cfc6",
            "ce62b568-6505-4ad9-acbc-4aa7bf0c5004",
            "e2a56eea-059d-4f28-9e43-f72997d687cb",
            "3484bd62-f1dc-4c4d-adc7-4ebdb93bea93",
            "18c853dd-556a-4445-83bf-72e0a3e94954",
            "dc2f97c1-cf73-4eae-9f4d-262eca8266df",
            "e9365560-4a0f-481d-a402-1abafcfcc7f7",
            "9c5fc1ca-d6ee-4f5f-97fb-67ea3cee1f51",
            "d00e05a5-eb9b-490e-88fb-82c24a08a9f3",
            "3d12ed54-6ff2-4760-8baa-eef1ca9f393e",
            "8b936b67-df8e-49ce-8ee7-0bf1f44dd20a",
            "e26c7e76-3f2b-4fbf-bc53-4ce00530de1c",
            "6bd94349-afd9-4e76-a86a-adc56e2829ca",
            "cca539eb-4751-47e9-826f-6f491a865bfd",
            "37704423-b417-4bcd-a7bf-59a4b42b1376",
            "4d8aeb82-2c4c-4ce9-9503-354e10d0b0c1",
            "2b5f5a87-7373-4576-9066-a7f2b94e4bb0",
            "86d92ba2-1182-49e5-823e-0d4add7b4df5",
            "d10fe6e6-bb02-4ba6-9518-82384ff43d92",
            "dee8e359-b510-4202-a931-48ec836c843a",
            "6095851e-0635-46a2-97b4-2ec1183b563c",
            "c5186875-1ac6-4193-bfe0-cceb925aa28a",
            "840de46c-7bee-4267-b7a6-a47459a8cc9c",
            "07bcb614-05e3-4a49-8008-a0797e743454",
            "557e4f0e-a0b3-45f5-a73b-86fd8663f14a",
            "5a0a4453-903f-4520-bd92-64d5880ec8fd",
            "be2a301a-72ce-4103-a24a-ce421804f38c",
            "0facdb19-952c-4c93-a2ac-092a0187d55a",
            "3a1dedde-ee69-4c79-b986-f7c633e7f1be",
            "627fc3c0-459e-4e7d-a67a-11629beb4279",
            "d7b054af-6eb6-4f32-8e0b-54bf23608f06",
            "3bc2e6b7-b6d7-4202-8761-0a3adbb80566",
            "f5481473-0307-43fa-afa3-5372cd77f187",
            "f40bd97c-ae58-4bfd-8304-450eb5e7faa4",
            "c2ce4615-1bca-4a13-8eb3-9ae990de09ac",
            "75955549-44f5-444f-a6ae-c9b0d41aec00",
            "27610d63-16f0-4317-a914-5b4f8aac827e",
            "12364510-fa82-4bf0-ae85-2b980a73795c",
            "856dca6e-2873-4500-8f51-87634beff8f4",
            "d2ced525-42cf-497a-b55a-1420647ffacb",
            "a3b309d4-7968-4679-9500-11638a0cb26b",
            "cf567b8d-755a-4c33-b8a2-26dd838cf274",
            "87a3b49b-d2af-4f61-a61c-a43936f2874b",
            "1a800e3f-b61d-4736-a789-6528c7c2da82",
            "81604957-13cf-45c4-9d9e-74de5832aaa2",
            "91aba24b-dc02-485f-855c-ed272093876b",
            "290be75e-0b81-4857-a853-ae2ba37ed464",
            "c05c4712-266d-4a01-afe5-09fc75b36030",
            "524447c2-65aa-48bb-bca9-5400a0564e89",
            "9f5698c5-12ce-436a-8c2a-44279b58c6c4",
            "2728cecb-0e6d-4bc7-a6c1-7f9d649ca1c6",
            "0967e053-ac1b-409e-a2d3-0d15d3e48082",
            "d4122885-6976-4725-9d64-3b562d30dc2f",
            "f3cd825b-0cb9-4f5d-ba67-96a452302d48",
            "8f94f9d7-4fee-4556-a4f5-2f7b8bd090c8",
            "634cd78e-da06-4a88-9457-f9270b5247e9",
            "2e7c5e53-70b4-44eb-b1d2-8e97c248bafe",
            "321251d7-08df-4f4f-9432-595664ddf62d",
            "060f8366-6bf5-4f27-8af9-c0463edbe426",
            "1891ac5a-83be-4469-a116-7dc79f8e3c24",
            "e266b13e-f659-4ac6-a3b3-66f1c97bd5a8",
            "95a8e1f8-e209-4bd2-95b1-6a6ca63a2c7d",
            "32fa80c7-9f6b-4342-9ccc-7bbb1d76595d",
            "facec30e-7158-4eeb-9d0e-2244ca60dd16",
            "affebc17-e0a6-4a7a-bef4-eaeed8d92fcf",
            "75c3d8c9-74f3-4ddb-81e8-dbd811f40af9",
            "37c6d875-d0b6-4423-a527-0a3e53f14229",
            "eb34fc94-86d7-4c54-871a-76fbd7b50f1b",
            "3ae1253c-524f-4860-9085-276691c74b78"
          ],
          "duration": 473,
          "root": false,
          "rootEmpty": false,
          "_timeout": 2000
        }
      ],
      "passes": [],
      "failures": [],
      "pending": [],
      "skipped": [],
      "duration": 0,
      "root": true,
      "rootEmpty": true,
      "_timeout": 2000
    }
  ],
  "meta": {
    "mocha": {
      "version": "7.0.1"
    },
    "mochawesome": {
      "options": {
        "quiet": false,
        "reportFilename": "mochawesome",
        "saveHtml": false,
        "saveJson": true,
        "consoleReporter": "spec",
        "useInlineDiffs": false,
        "code": true
      },
      "version": "7.1.3"
    },
    "marge": {
      "options": {
        "charts": true,
        "reportPageTitle": "Cypress Inline Reporter",
        "embeddedScreenshots": false,
        "inlineAssets": true,
        "overwrite": false,
        "html": false,
        "json": true,
        "reportDir": "cypress\\reports\\html\\.jsons"
      },
      "version": "6.2.0"
    }
  }
}