{
  "stats": {
    "suites": 1,
    "tests": 1,
    "passes": 0,
    "pending": 0,
    "failures": 1,
    "start": "2024-06-27T03:46:38.243Z",
    "end": "2024-06-27T03:46:43.712Z",
    "duration": 5469,
    "testsRegistered": 73,
    "passPercent": 0,
    "pendingPercent": 0,
    "other": 0,
    "hasOther": false,
    "skipped": 72,
    "hasSkipped": true
  },
  "results": [
    {
      "uuid": "816180b6-f803-46ed-8ff9-fcd91345b906",
      "title": "",
      "fullFile": "cypress\\e2e\\Test\\EditNameOnly.cy.js",
      "file": "cypress\\e2e\\Test\\EditNameOnly.cy.js",
      "beforeHooks": [],
      "afterHooks": [],
      "tests": [],
      "suites": [
        {
          "uuid": "ec0a5c42-afc5-4844-b650-321a3d85bb9c",
          "title": "Documents In Departments",
          "fullFile": "",
          "file": "",
          "beforeHooks": [],
          "afterHooks": [],
          "tests": [
            {
              "title": "TestCase: 1.DocNameEdit-IntMat-Upload-ViewChanges",
              "fullTitle": "Documents In Departments TestCase: 1.DocNameEdit-IntMat-Upload-ViewChanges",
              "timedOut": null,
              "duration": 268,
              "state": "failed",
              "speed": null,
              "pass": false,
              "fail": true,
              "pending": false,
              "context": "{\n  \"title\": \"cypress-mochawesome-reporter-screenshots\",\n  \"value\": [\n    [\n      \"\\\\EditNameOnly.cy.js\\\\Documents In Departments -- TestCase 1.DocNameEdit-IntMat-Upload-ViewChanges -- before each hook (failed).png\"\n    ]\n  ]\n}",
              "code": "_DocumentsPage.default.SelectMatterDropdown(intMatter);\n_DocumentsPage.default.ClickBrowseBtn();\n_DocumentsPage.default.DocumentNameEdit(data.editDocs.EditDoc1);\n_DocumentsPage.default.UploadSaveBtn();\n_DocumentsPage.default.ViewChanges();\ncy.wait(2000);\n_DocumentsPage.default.DocsNameAssert(data.editDocs.documentAssert1);\n// Documents.DocsNameAssert(data.editDocs.documentAssert2);",
              "err": {
                "message": "TypeError: Cannot read properties of undefined (reading 'tagsType')\n\nBecause this error occurred during a `before each` hook we are skipping the remaining tests in the current suite: `Documents In Departments`",
                "estack": "TypeError: Cannot read properties of undefined (reading 'tagsType')\n\nBecause this error occurred during a `before each` hook we are skipping the remaining tests in the current suite: `Documents In Departments`\n    at Context.eval (webpack://dgcounsel/./cypress/e2e/Test/EditNameOnly.cy.js:21:35)",
                "diff": null
              },
              "uuid": "39f2f021-de3e-4cf5-8c09-5b8ba2b6f6ff",
              "parentUUID": "ec0a5c42-afc5-4844-b650-321a3d85bb9c",
              "isHook": false,
              "skipped": false
            },
            {
              "title": "TestCase: 2.DocNameEdit-IntMat-Upload-Cancel",
              "fullTitle": "Documents In Departments TestCase: 2.DocNameEdit-IntMat-Upload-Cancel",
              "timedOut": null,
              "duration": 0,
              "state": "skipped",
              "speed": null,
              "pass": false,
              "fail": false,
              "pending": false,
              "context": null,
              "code": "_DocumentsPage.default.SelectMatterDropdown(intMatter);\n_DocumentsPage.default.ClickBrowseBtn();\n_DocumentsPage.default.DocumentNameEdit(data.editDocs.EditDoc2);\n_DocumentsPage.default.UploadCancelBtn();\n// Documents.DocsNameAssert(data.documentsAssert.DocumentName2);",
              "err": {},
              "uuid": "a48d696e-1d18-429f-a7f5-7017c7ee838f",
              "parentUUID": "ec0a5c42-afc5-4844-b650-321a3d85bb9c",
              "isHook": false,
              "skipped": true
            },
            {
              "title": "TestCase:3.DocNameEdit-IntMat-EnaDown-ViewChanges",
              "fullTitle": "Documents In Departments TestCase:3.DocNameEdit-IntMat-EnaDown-ViewChanges",
              "timedOut": null,
              "duration": 0,
              "state": "skipped",
              "speed": null,
              "pass": false,
              "fail": false,
              "pending": false,
              "context": null,
              "code": "cy.wait(2000);\n_DocumentsPage.default.SelectMatterDropdown(intMatter);\n_DocumentsPage.default.SelectDeptAdd();\n_DocumentsPage.default.SelectDepts(selectDepts);\n_DocumentsPage.default.SelectDeptMinus();\n_DocumentsPage.default.ClickBrowseBtn();\n_DocumentsPage.default.EnableDownload();\ncy.wait(2000);\n_DocumentsPage.default.DocumentNameEdit(data.editDocs.EditDoc3);\n_DocumentsPage.default.UploadSaveBtn();\n_DocumentsPage.default.ViewChanges();\ncy.wait(2000);\n_DocumentsPage.default.DocsNameAssert(data.editDocs.documentAssert3);\n_DocumentsPage.default.DocsNameAssert(data.editDocs.documentAssert1);\n// Documents.DocsNameAssert(data.documentsAssert.DocumentName2);",
              "err": {},
              "uuid": "0c95750b-85ac-4dbe-a008-f87a66f73994",
              "parentUUID": "ec0a5c42-afc5-4844-b650-321a3d85bb9c",
              "isHook": false,
              "skipped": true
            },
            {
              "title": "TestCase:4.DocNameEdit-IntMat-EnaDown-ViewChanges-Cancel",
              "fullTitle": "Documents In Departments TestCase:4.DocNameEdit-IntMat-EnaDown-ViewChanges-Cancel",
              "timedOut": null,
              "duration": 0,
              "state": "skipped",
              "speed": null,
              "pass": false,
              "fail": false,
              "pending": false,
              "context": null,
              "code": "_DocumentsPage.default.SelectMatterDropdown(intMatter);\n_DocumentsPage.default.ClickBrowseBtn();\n_DocumentsPage.default.EnableDownload();\n_DocumentsPage.default.DocumentNameEdit(data.editDocs.EditDoc4);\n_DocumentsPage.default.UploadCancelBtn();",
              "err": {},
              "uuid": "e1fb9c14-bd4b-459c-843d-76641cc2af6b",
              "parentUUID": "ec0a5c42-afc5-4844-b650-321a3d85bb9c",
              "isHook": false,
              "skipped": true
            },
            {
              "title": "TestCase:5.DocNameEdit-IntMat-EnaDown-AddTags-ViewChanges",
              "fullTitle": "Documents In Departments TestCase:5.DocNameEdit-IntMat-EnaDown-AddTags-ViewChanges",
              "timedOut": null,
              "duration": 0,
              "state": "skipped",
              "speed": null,
              "pass": false,
              "fail": false,
              "pending": false,
              "context": null,
              "code": "_DocumentsPage.default.SelectMatterDropdown(intMatter);\n_DocumentsPage.default.SelectDeptAdd();\n_DocumentsPage.default.SelectDepts(selectDepts);\n_DocumentsPage.default.SelectDeptMinus();\n_DocumentsPage.default.ClickBrowseBtn1();\n_DocumentsPage.default.EnableDownload();\n_DocumentsPage.default.DocumentNameEdit(data.editDocs.EditDoc5);\n_DocumentsPage.default.AddTagsToDocument(addTagsType, addTagsName);\n_DocumentsPage.default.UploadSaveBtn();\n_DocumentsPage.default.ViewChanges();\n_DocumentsPage.default.DocsNameAssert(data.editDocs.documentAssert5);\n_DocumentsPage.default.DocsNameAssert(data.editDocs.documentAssert3);",
              "err": {},
              "uuid": "086ecd0c-8260-454f-972d-e4df64ab374c",
              "parentUUID": "ec0a5c42-afc5-4844-b650-321a3d85bb9c",
              "isHook": false,
              "skipped": true
            },
            {
              "title": "TestCase:6.DocNameEdit-IntMat-EnaDown-AddTags Cancel",
              "fullTitle": "Documents In Departments TestCase:6.DocNameEdit-IntMat-EnaDown-AddTags Cancel",
              "timedOut": null,
              "duration": 0,
              "state": "skipped",
              "speed": null,
              "pass": false,
              "fail": false,
              "pending": false,
              "context": null,
              "code": "_DocumentsPage.default.SelectMatterDropdown(intMatter);\n_DocumentsPage.default.ClickBrowseBtn1();\n_DocumentsPage.default.EnableDownload();\n_DocumentsPage.default.DocumentNameEdit(data.editDocs.EditDoc6);\n_DocumentsPage.default.AddTagsToDocument(addTagsType, addTagsName);\n_DocumentsPage.default.UploadCancelBtn();",
              "err": {},
              "uuid": "46220ee5-ce60-4247-bc03-3d26dbe9ebb2",
              "parentUUID": "ec0a5c42-afc5-4844-b650-321a3d85bb9c",
              "isHook": false,
              "skipped": true
            },
            {
              "title": "TestCase:7.DocNameEdit-IntMat-UpMore-VChanges",
              "fullTitle": "Documents In Departments TestCase:7.DocNameEdit-IntMat-UpMore-VChanges",
              "timedOut": null,
              "duration": 0,
              "state": "skipped",
              "speed": null,
              "pass": false,
              "fail": false,
              "pending": false,
              "context": null,
              "code": "_DocumentsPage.default.SelectMatterDropdown(intMatter);\n_DocumentsPage.default.SelectDeptAdd();\n_DocumentsPage.default.SelectDepts(selectDepts);\n_DocumentsPage.default.SelectDeptMinus();\n_DocumentsPage.default.ClickBrowseBtn();\n_DocumentsPage.default.DocumentNameEdit(data.editDocs.EditDoc7);\n_DocumentsPage.default.UploadSaveBtn();\ncy.wait(3000);\n_DocumentsPage.default.UploadMoreBtn();\n// Documents.DocsMenuClick();\n// Documents.UploadTabClick();\n// Documents.SelectInternalMatterRadioBtn();\n_DocumentsPage.default.ClickBrowseBtnUploadMore();\n_DocumentsPage.default.DocumentNameEdit(data.editDocs.EditDoc6);\ncy.wait(2000);\n_DocumentsPage.default.UploadSaveBtn();\n_DocumentsPage.default.ViewChanges();\n_DocumentsPage.default.DocsNameAssert(data.editDocs.documentAssert7);\n_DocumentsPage.default.DocsNameAssert(data.editDocs.documentAssert6);",
              "err": {},
              "uuid": "438665cc-2a57-4728-8337-7950fd966b36",
              "parentUUID": "ec0a5c42-afc5-4844-b650-321a3d85bb9c",
              "isHook": false,
              "skipped": true
            },
            {
              "title": "TestCase: 8.DocNameEdit-IntMat-UploadMore-Cancel",
              "fullTitle": "Documents In Departments TestCase: 8.DocNameEdit-IntMat-UploadMore-Cancel",
              "timedOut": null,
              "duration": 0,
              "state": "skipped",
              "speed": null,
              "pass": false,
              "fail": false,
              "pending": false,
              "context": null,
              "code": "_DocumentsPage.default.SelectMatterDropdown(intMatter);\n_DocumentsPage.default.ClickBrowseBtn();\n_DocumentsPage.default.DocumentNameEdit(data.editDocs.EditDoc8);\n_DocumentsPage.default.UploadSaveBtn();\ncy.wait(5000);\n_DocumentsPage.default.UploadMoreBtn();\n// Documents.SelectInternalMatterRadioBtn();\n_DocumentsPage.default.ClickBrowseBtnUploadMore();\n_DocumentsPage.default.DocumentNameEdit(data.editDocs.EditDoc8);\ncy.wait(2000);\n_DocumentsPage.default.UploadCancelBtn();",
              "err": {},
              "uuid": "5ed51e9f-80c0-4860-bfd0-afd95454ce8e",
              "parentUUID": "ec0a5c42-afc5-4844-b650-321a3d85bb9c",
              "isHook": false,
              "skipped": true
            },
            {
              "title": "TestCase: 9.DocNameEdit-IntMat-UploadMore-EnaDown-ViewChanges",
              "fullTitle": "Documents In Departments TestCase: 9.DocNameEdit-IntMat-UploadMore-EnaDown-ViewChanges",
              "timedOut": null,
              "duration": 0,
              "state": "skipped",
              "speed": null,
              "pass": false,
              "fail": false,
              "pending": false,
              "context": null,
              "code": "_DocumentsPage.default.SelectMatterDropdown(intMatter);\n_DocumentsPage.default.SelectDeptAdd();\n_DocumentsPage.default.SelectDepts(selectDepts);\n_DocumentsPage.default.SelectDeptMinus();\n_DocumentsPage.default.ClickBrowseBtn();\n_DocumentsPage.default.DocumentNameEdit(data.editDocs.EditDoc9);\n_DocumentsPage.default.EnableDownload();\n_DocumentsPage.default.UploadSaveBtn();\ncy.wait(5000);\n_DocumentsPage.default.UploadMoreBtn();\n// Documents.SelectInternalMatterRadioBtn();\n_DocumentsPage.default.ClickBrowseBtnUploadMore();\n_DocumentsPage.default.DocumentNameEdit(data.editDocs.EditDoc10);\ncy.wait(2000);\n_DocumentsPage.default.UploadSaveBtn();\n_DocumentsPage.default.ViewChanges();\n_DocumentsPage.default.DocsNameAssert(data.editDocs.documentAssert9);\n_DocumentsPage.default.DocsNameAssert(data.editDocs.documentAssert10);",
              "err": {},
              "uuid": "b3159137-63f7-44fc-9bff-f24785e78720",
              "parentUUID": "ec0a5c42-afc5-4844-b650-321a3d85bb9c",
              "isHook": false,
              "skipped": true
            },
            {
              "title": "TestCase: 10.DocNameEdit-IntMat-UploadMore-EnaDown-ViewChanges-Cancel",
              "fullTitle": "Documents In Departments TestCase: 10.DocNameEdit-IntMat-UploadMore-EnaDown-ViewChanges-Cancel",
              "timedOut": null,
              "duration": 0,
              "state": "skipped",
              "speed": null,
              "pass": false,
              "fail": false,
              "pending": false,
              "context": null,
              "code": "_DocumentsPage.default.SelectMatterDropdown(intMatter);\n_DocumentsPage.default.ClickBrowseBtn();\n_DocumentsPage.default.EnableDownload();\n_DocumentsPage.default.DocumentNameEdit(data.editDocs.EditDoc11);\n_DocumentsPage.default.UploadSaveBtn();\ncy.wait(5000);\n_DocumentsPage.default.UploadMoreBtn();\n_DocumentsPage.default.DocsMenuClick();\n_DocumentsPage.default.UploadTabClick();\n//Documents.SelectInternalMatterRadioBtn();\n_DocumentsPage.default.ClickBrowseBtnUploadMore();\n_DocumentsPage.default.DocumentNameEdit(data.editDocs.EditDoc11);\ncy.wait(2000);\n_DocumentsPage.default.UploadCancelBtn();",
              "err": {},
              "uuid": "93c32acf-a1c6-47b9-a21b-a374b4b8c546",
              "parentUUID": "ec0a5c42-afc5-4844-b650-321a3d85bb9c",
              "isHook": false,
              "skipped": true
            },
            {
              "title": "TestCase:11.DocNameEdit-IntMat-EnaDown-AddTags-UpMore-VChanges",
              "fullTitle": "Documents In Departments TestCase:11.DocNameEdit-IntMat-EnaDown-AddTags-UpMore-VChanges",
              "timedOut": null,
              "duration": 0,
              "state": "skipped",
              "speed": null,
              "pass": false,
              "fail": false,
              "pending": false,
              "context": null,
              "code": "_DocumentsPage.default.SelectMatterDropdown(intMatter);\n_DocumentsPage.default.SelectDeptAdd();\n_DocumentsPage.default.SelectDepts(selectDepts);\n_DocumentsPage.default.SelectDeptMinus();\n_DocumentsPage.default.ClickBrowseBtn1();\n_DocumentsPage.default.EnableDownload();\n_DocumentsPage.default.DocumentNameEdit(data.editDocs.EditDoc12);\n_DocumentsPage.default.AddTagsToDocument(addTagsType, addTagsName);\n_DocumentsPage.default.UploadSaveBtn();\ncy.wait(3000);\n_DocumentsPage.default.UploadMoreBtn();\n// Documents.SelectInternalMatterRadioBtn();\n_DocumentsPage.default.ClickBrowseBtnUploadMore();\n_DocumentsPage.default.DocumentNameEdit(data.editDocs.EditDoc13);\n_DocumentsPage.default.UploadSaveBtn();\n_DocumentsPage.default.ViewChanges();\n_DocumentsPage.default.DocsNameAssert(data.editDocs.documentAssert12);\n_DocumentsPage.default.DocsNameAssert(data.editDocs.documentAssert13);",
              "err": {},
              "uuid": "4d414bcb-bde7-4dbc-a543-2ab230afc185",
              "parentUUID": "ec0a5c42-afc5-4844-b650-321a3d85bb9c",
              "isHook": false,
              "skipped": true
            },
            {
              "title": "TestCase:12.DocNameEdit-IntMat-EnaDown-AddTags-UpMore-VChanges-Cancel",
              "fullTitle": "Documents In Departments TestCase:12.DocNameEdit-IntMat-EnaDown-AddTags-UpMore-VChanges-Cancel",
              "timedOut": null,
              "duration": 0,
              "state": "skipped",
              "speed": null,
              "pass": false,
              "fail": false,
              "pending": false,
              "context": null,
              "code": "_DocumentsPage.default.SelectMatterDropdown(intMatter);\n// Documents.SelectDeptAdd();\n// Documents.SelectDepts(selectDepts);\n// Documents.SelectDeptMinus();\n_DocumentsPage.default.ClickBrowseBtn1();\n_DocumentsPage.default.EnableDownload();\n_DocumentsPage.default.DocumentNameEdit(data.editDocs.EditDoc13);\n_DocumentsPage.default.AddTagsToDocument(addTagsType, addTagsName);\n_DocumentsPage.default.UploadSaveBtn();\ncy.wait(3000);\ncy.wait(3000);\n_DocumentsPage.default.UploadMoreBtn();\n// Documents.SelectInternalMatterRadioBtn();\n_DocumentsPage.default.ClickBrowseBtnUploadMore();\n_DocumentsPage.default.EnableDownload();\n//Documents.AddTagsToDocument(addTagsType, addTagsName);\n_DocumentsPage.default.UploadCancelBtn();",
              "err": {},
              "uuid": "af38563e-0ff0-431a-ad41-eadb13d037e2",
              "parentUUID": "ec0a5c42-afc5-4844-b650-321a3d85bb9c",
              "isHook": false,
              "skipped": true
            },
            {
              "title": "TestCase: 13.DocNameEdit-IntMat-Upload-EnaEnc-ViewChanges",
              "fullTitle": "Documents In Departments TestCase: 13.DocNameEdit-IntMat-Upload-EnaEnc-ViewChanges",
              "timedOut": null,
              "duration": 0,
              "state": "skipped",
              "speed": null,
              "pass": false,
              "fail": false,
              "pending": false,
              "context": null,
              "code": "_DocumentsPage.default.SelectMatterDropdown(intMatter);\n_DocumentsPage.default.SelectDeptAdd();\n_DocumentsPage.default.SelectDepts(selectDepts);\n_DocumentsPage.default.SelectDeptMinus();\n_DocumentsPage.default.ClickBrowseBtn();\n_DocumentsPage.default.EnableEncryption();\n_DocumentsPage.default.UploadSaveBtn();\ncy.wait(3000);\n_DocumentsPage.default.ViewChanges();\ncy.wait(2000);\n_DocumentsPage.default.DocsNameAssert(data.documentsAssert.DocumentName1);\ncy.scrollTo(\"top\");",
              "err": {},
              "uuid": "a67383ad-9ed0-43d2-bb71-1b8576887007",
              "parentUUID": "ec0a5c42-afc5-4844-b650-321a3d85bb9c",
              "isHook": false,
              "skipped": true
            },
            {
              "title": "TestCase: 14.DocNameEdit-IntMat-Upload-EnaEnc-Cancel",
              "fullTitle": "Documents In Departments TestCase: 14.DocNameEdit-IntMat-Upload-EnaEnc-Cancel",
              "timedOut": null,
              "duration": 0,
              "state": "skipped",
              "speed": null,
              "pass": false,
              "fail": false,
              "pending": false,
              "context": null,
              "code": "_DocumentsPage.default.SelectMatterDropdown(intMatter);\n_DocumentsPage.default.ClickBrowseBtn();\n_DocumentsPage.default.EnableEncryption();\n_DocumentsPage.default.UploadCancelBtn();\n// Documents.DocsNameAssert(data.documentsAssert.DocumentName2);",
              "err": {},
              "uuid": "ca68e414-2743-4e0a-a0e5-8b0bfb6a1369",
              "parentUUID": "ec0a5c42-afc5-4844-b650-321a3d85bb9c",
              "isHook": false,
              "skipped": true
            },
            {
              "title": "TestCase:15.DocNameEdit-IntMat-EnaDown-EnaEnc-ViewChanges",
              "fullTitle": "Documents In Departments TestCase:15.DocNameEdit-IntMat-EnaDown-EnaEnc-ViewChanges",
              "timedOut": null,
              "duration": 0,
              "state": "skipped",
              "speed": null,
              "pass": false,
              "fail": false,
              "pending": false,
              "context": null,
              "code": "_DocumentsPage.default.SelectMatterDropdown(intMatter);\n_DocumentsPage.default.SelectDeptAdd();\n_DocumentsPage.default.SelectDepts(selectDepts);\n_DocumentsPage.default.SelectDeptMinus();\n_DocumentsPage.default.ClickBrowseBtn1();\n_DocumentsPage.default.EnableDownload();\n_DocumentsPage.default.EnableEncryption();\n_DocumentsPage.default.UploadSaveBtn();\ncy.wait(2000);\n_DocumentsPage.default.ViewChanges();\n_DocumentsPage.default.DocsNameAssert(data.documentsAssert.DocumentName2);\n// Documents.DocsNameAssert(data.documentsAssert.DocumentName2);",
              "err": {},
              "uuid": "b5778b5e-c524-4254-8deb-575437b3010e",
              "parentUUID": "ec0a5c42-afc5-4844-b650-321a3d85bb9c",
              "isHook": false,
              "skipped": true
            },
            {
              "title": "TestCase:16.DocNameEdit-IntMat-EnaDown-EnaEnc-Cancel",
              "fullTitle": "Documents In Departments TestCase:16.DocNameEdit-IntMat-EnaDown-EnaEnc-Cancel",
              "timedOut": null,
              "duration": 0,
              "state": "skipped",
              "speed": null,
              "pass": false,
              "fail": false,
              "pending": false,
              "context": null,
              "code": "_DocumentsPage.default.SelectMatterDropdown(intMatter);\n_DocumentsPage.default.ClickBrowseBtn();\n_DocumentsPage.default.EnableDownload();\n_DocumentsPage.default.EnableEncryption();\n_DocumentsPage.default.UploadCancelBtn();",
              "err": {},
              "uuid": "046b2f9d-4735-4f02-bd18-a72d4ca48e79",
              "parentUUID": "ec0a5c42-afc5-4844-b650-321a3d85bb9c",
              "isHook": false,
              "skipped": true
            },
            {
              "title": "TestCase:17.DocNameEdit-IntMat-EnaDown-EnaEnc-AddTags-ViewChanges",
              "fullTitle": "Documents In Departments TestCase:17.DocNameEdit-IntMat-EnaDown-EnaEnc-AddTags-ViewChanges",
              "timedOut": null,
              "duration": 0,
              "state": "skipped",
              "speed": null,
              "pass": false,
              "fail": false,
              "pending": false,
              "context": null,
              "code": "_DocumentsPage.default.SelectMatterDropdown(intMatter);\n_DocumentsPage.default.SelectDeptAdd();\n_DocumentsPage.default.SelectDepts(selectDepts);\n_DocumentsPage.default.SelectDeptMinus();\n_DocumentsPage.default.ClickBrowseBtn1();\n_DocumentsPage.default.EnableDownload();\n_DocumentsPage.default.EnableEncryption();\n_DocumentsPage.default.AddTagsToDocument(addTagsType, addTagsName);\n_DocumentsPage.default.UploadSaveBtn();\n_DocumentsPage.default.ViewChanges();\n_DocumentsPage.default.DocsNameAssert(data.addTagsName.DocumentName1);",
              "err": {},
              "uuid": "9988cae7-4790-4427-a24f-00ffb212d7d2",
              "parentUUID": "ec0a5c42-afc5-4844-b650-321a3d85bb9c",
              "isHook": false,
              "skipped": true
            },
            {
              "title": "TestCase:18.DocNameEdit-IntMat-EnaDown-EnaEnc-AddTags Cancel",
              "fullTitle": "Documents In Departments TestCase:18.DocNameEdit-IntMat-EnaDown-EnaEnc-AddTags Cancel",
              "timedOut": null,
              "duration": 0,
              "state": "skipped",
              "speed": null,
              "pass": false,
              "fail": false,
              "pending": false,
              "context": null,
              "code": "_DocumentsPage.default.SelectMatterDropdown(intMatter);\n_DocumentsPage.default.ClickBrowseBtn1();\n_DocumentsPage.default.EnableDownload();\n_DocumentsPage.default.EnableEncryption();\n_DocumentsPage.default.AddTagsToDocument(addTagsType, addTagsName);\n_DocumentsPage.default.UploadCancelBtn();",
              "err": {},
              "uuid": "5c647cc2-4f29-4de6-9e88-0f3d98a6b24a",
              "parentUUID": "ec0a5c42-afc5-4844-b650-321a3d85bb9c",
              "isHook": false,
              "skipped": true
            },
            {
              "title": "TestCase:19.DocNameEdit-IntMat-UploadMore-EnaEnc-ViewChanges",
              "fullTitle": "Documents In Departments TestCase:19.DocNameEdit-IntMat-UploadMore-EnaEnc-ViewChanges",
              "timedOut": null,
              "duration": 0,
              "state": "skipped",
              "speed": null,
              "pass": false,
              "fail": false,
              "pending": false,
              "context": null,
              "code": "_DocumentsPage.default.SelectMatterDropdown(intMatter);\n_DocumentsPage.default.SelectDeptAdd();\n_DocumentsPage.default.SelectDepts(selectDepts);\n_DocumentsPage.default.SelectDeptMinus();\n_DocumentsPage.default.ClickBrowseBtn();\n_DocumentsPage.default.UploadSaveBtn();\ncy.wait(5000);\n_DocumentsPage.default.UploadMoreBtn();\n_DocumentsPage.default.DocsMenuClick();\n_DocumentsPage.default.UploadTabClick();\n_DocumentsPage.default.SelectInternalMatterRadioBtn();\n_DocumentsPage.default.ClickBrowseBtnUploadMore();\ncy.wait(2000);\n_DocumentsPage.default.UploadSaveBtn();\n_DocumentsPage.default.ViewChanges();\n_DocumentsPage.default.DocsNameAssert(data.uploadMore.DocumentName1);",
              "err": {},
              "uuid": "5841b6d3-3775-4d96-8ece-2b22ba0b7cc1",
              "parentUUID": "ec0a5c42-afc5-4844-b650-321a3d85bb9c",
              "isHook": false,
              "skipped": true
            },
            {
              "title": "TestCase:20.DocNameEdit-IntMat-EnaEnc-UploadMore-Cancel",
              "fullTitle": "Documents In Departments TestCase:20.DocNameEdit-IntMat-EnaEnc-UploadMore-Cancel",
              "timedOut": null,
              "duration": 0,
              "state": "skipped",
              "speed": null,
              "pass": false,
              "fail": false,
              "pending": false,
              "context": null,
              "code": "_DocumentsPage.default.SelectMatterDropdown(intMatter);\n_DocumentsPage.default.ClickBrowseBtn();\n_DocumentsPage.default.UploadSaveBtn();\ncy.wait(5000);\n_DocumentsPage.default.UploadMoreBtn();\n_DocumentsPage.default.DocsMenuClick();\n_DocumentsPage.default.UploadTabClick();\n_DocumentsPage.default.SelectInternalMatterRadioBtn();\n_DocumentsPage.default.ClickBrowseBtnUploadMore();\ncy.wait(2000);\n_DocumentsPage.default.UploadCancelBtn();",
              "err": {},
              "uuid": "69c52aef-9dfc-4022-bdf2-5f1220b66fbc",
              "parentUUID": "ec0a5c42-afc5-4844-b650-321a3d85bb9c",
              "isHook": false,
              "skipped": true
            },
            {
              "title": "TestCase: 21.DocNameEdit-IntMat-UploadMore-EnaDown-EnaEnc-ViewChanges",
              "fullTitle": "Documents In Departments TestCase: 21.DocNameEdit-IntMat-UploadMore-EnaDown-EnaEnc-ViewChanges",
              "timedOut": null,
              "duration": 0,
              "state": "skipped",
              "speed": null,
              "pass": false,
              "fail": false,
              "pending": false,
              "context": null,
              "code": "_DocumentsPage.default.SelectMatterDropdown(intMatter);\n_DocumentsPage.default.SelectDeptAdd();\n_DocumentsPage.default.SelectDepts(selectDepts);\n_DocumentsPage.default.SelectDeptMinus();\n_DocumentsPage.default.ClickBrowseBtn();\n_DocumentsPage.default.EnableDownload();\n_DocumentsPage.default.EnableEncryption();\n_DocumentsPage.default.UploadSaveBtn();\ncy.wait(5000);\n_DocumentsPage.default.UploadMoreBtn();\n_DocumentsPage.default.DocsMenuClick();\n_DocumentsPage.default.UploadTabClick();\n_DocumentsPage.default.ClickBrowseBtnUploadMore();\ncy.wait(2000);\n_DocumentsPage.default.UploadSaveBtn();\n_DocumentsPage.default.ViewChanges();\n_DocumentsPage.default.DocsNameAssert(data.uploadMore.DocumentName1);",
              "err": {},
              "uuid": "7bfab269-adc5-4fd1-8269-e062f30f535c",
              "parentUUID": "ec0a5c42-afc5-4844-b650-321a3d85bb9c",
              "isHook": false,
              "skipped": true
            },
            {
              "title": "TestCase: 22.DocNameEdit-IntMat-UploadMore-EnaDown-EnaEnc-ViewChanges-Cancel",
              "fullTitle": "Documents In Departments TestCase: 22.DocNameEdit-IntMat-UploadMore-EnaDown-EnaEnc-ViewChanges-Cancel",
              "timedOut": null,
              "duration": 0,
              "state": "skipped",
              "speed": null,
              "pass": false,
              "fail": false,
              "pending": false,
              "context": null,
              "code": "_DocumentsPage.default.SelectMatterDropdown(intMatter);\n_DocumentsPage.default.ClickBrowseBtn();\n_DocumentsPage.default.EnableDownload();\n_DocumentsPage.default.EnableEncryption();\n_DocumentsPage.default.UploadSaveBtn();\ncy.wait(5000);\n_DocumentsPage.default.UploadMoreBtn();\n_DocumentsPage.default.DocsMenuClick();\n_DocumentsPage.default.UploadTabClick();\n_DocumentsPage.default.ClickBrowseBtnUploadMore();\ncy.wait(2000);\n_DocumentsPage.default.UploadCancelBtn();",
              "err": {},
              "uuid": "7c8adc8d-323d-4a76-be01-f328cd628e8c",
              "parentUUID": "ec0a5c42-afc5-4844-b650-321a3d85bb9c",
              "isHook": false,
              "skipped": true
            },
            {
              "title": "TestCase:23.DocNameEdit-IntMat-EnaDown-EnaEnc-AddTags-UpMore-VChanges",
              "fullTitle": "Documents In Departments TestCase:23.DocNameEdit-IntMat-EnaDown-EnaEnc-AddTags-UpMore-VChanges",
              "timedOut": null,
              "duration": 0,
              "state": "skipped",
              "speed": null,
              "pass": false,
              "fail": false,
              "pending": false,
              "context": null,
              "code": "_DocumentsPage.default.SelectMatterDropdown(intMatter);\n_DocumentsPage.default.SelectDeptAdd();\n_DocumentsPage.default.SelectDepts(selectDepts);\n_DocumentsPage.default.SelectDeptMinus();\n_DocumentsPage.default.ClickBrowseBtn1();\n_DocumentsPage.default.EnableDownload();\n_DocumentsPage.default.EnableEncryption();\n_DocumentsPage.default.AddTagsToDocument(addTagsType, addTagsName);\n_DocumentsPage.default.UploadSaveBtn();\ncy.wait(3000);\n_DocumentsPage.default.UploadMoreBtn();\n_DocumentsPage.default.DocsMenuClick();\n_DocumentsPage.default.UploadTabClick();\n_DocumentsPage.default.SelectInternalMatterRadioBtn();\n_DocumentsPage.default.ClickBrowseBtnUploadMore();\n_DocumentsPage.default.AddTagsToDocument(addTagsType, addTagsName);\ncy.wait(2000);\n_DocumentsPage.default.UploadSaveBtn();\n_DocumentsPage.default.ViewChanges();\n_DocumentsPage.default.DocsNameAssert(data.uploadMore.DocumentName1);",
              "err": {},
              "uuid": "f3daf2a4-8bfe-47cf-bad2-42d2b1a7616e",
              "parentUUID": "ec0a5c42-afc5-4844-b650-321a3d85bb9c",
              "isHook": false,
              "skipped": true
            },
            {
              "title": "TestCase:24.DocNameEdit-IntMat-EnaDown-EnaEnc-AddTags-UpMore-VChanges-Cancel",
              "fullTitle": "Documents In Departments TestCase:24.DocNameEdit-IntMat-EnaDown-EnaEnc-AddTags-UpMore-VChanges-Cancel",
              "timedOut": null,
              "duration": 0,
              "state": "skipped",
              "speed": null,
              "pass": false,
              "fail": false,
              "pending": false,
              "context": null,
              "code": "_DocumentsPage.default.SelectMatterDropdown(intMatter);\n_DocumentsPage.default.ClickBrowseBtn();\n_DocumentsPage.default.EnableDownload();\n_DocumentsPage.default.EnableEncryption();\n_DocumentsPage.default.AddTagsToDocument(addTagsType, addTagsName);\n_DocumentsPage.default.UploadSaveBtn();\ncy.wait(3000);\n_DocumentsPage.default.UploadMoreBtn();\n_DocumentsPage.default.DocsMenuClick();\n_DocumentsPage.default.UploadTabClick();\n_DocumentsPage.default.ClickBrowseBtnUploadMore();\n_DocumentsPage.default.EnableDownload();\n_DocumentsPage.default.AddTagsToDocument(addTagsType, addTagsName);\n_DocumentsPage.default.UploadCancelBtn();",
              "err": {},
              "uuid": "21361f06-5946-4e91-81ac-fd779dedaedd",
              "parentUUID": "ec0a5c42-afc5-4844-b650-321a3d85bb9c",
              "isHook": false,
              "skipped": true
            },
            {
              "title": "TestCase: 25.DocNameEdit-IntMat-Upload-DisEnc-ViewChanges",
              "fullTitle": "Documents In Departments TestCase: 25.DocNameEdit-IntMat-Upload-DisEnc-ViewChanges",
              "timedOut": null,
              "duration": 0,
              "state": "skipped",
              "speed": null,
              "pass": false,
              "fail": false,
              "pending": false,
              "context": null,
              "code": "_DocumentsPage.default.SelectMatterDropdown(intMatter);\n_DocumentsPage.default.SelectDeptAdd();\n_DocumentsPage.default.SelectDepts(selectDepts);\n_DocumentsPage.default.SelectDeptMinus();\n_DocumentsPage.default.ClickBrowseBtn();\n_DocumentsPage.default.DisableEncryption();\n_DocumentsPage.default.UploadSaveBtn();\ncy.wait(2000);\n_DocumentsPage.default.ViewChanges();\ncy.wait(2000);\n_DocumentsPage.default.DocsNameAssert(data.documentsAssert.DocumentName1);\ncy.scrollTo(\"top\");",
              "err": {},
              "uuid": "ac04471f-7095-4fdc-a655-bc6c97051763",
              "parentUUID": "ec0a5c42-afc5-4844-b650-321a3d85bb9c",
              "isHook": false,
              "skipped": true
            },
            {
              "title": "TestCase: 26.DocNameEdit-IntMat-Upload-DisEnc-Cancel",
              "fullTitle": "Documents In Departments TestCase: 26.DocNameEdit-IntMat-Upload-DisEnc-Cancel",
              "timedOut": null,
              "duration": 0,
              "state": "skipped",
              "speed": null,
              "pass": false,
              "fail": false,
              "pending": false,
              "context": null,
              "code": "_DocumentsPage.default.SelectMatterDropdown(intMatter);\n_DocumentsPage.default.ClickBrowseBtn();\n_DocumentsPage.default.DisableEncryption();\n_DocumentsPage.default.UploadCancelBtn();\n// Documents.DocsNameAssert(data.documentsAssert.DocumentName2);",
              "err": {},
              "uuid": "17668d74-2c1a-4c08-b123-c4ce645367ff",
              "parentUUID": "ec0a5c42-afc5-4844-b650-321a3d85bb9c",
              "isHook": false,
              "skipped": true
            },
            {
              "title": "TestCase:27.DocNameEdit-IntMat-EnaDown-DisEnc-ViewChanges",
              "fullTitle": "Documents In Departments TestCase:27.DocNameEdit-IntMat-EnaDown-DisEnc-ViewChanges",
              "timedOut": null,
              "duration": 0,
              "state": "skipped",
              "speed": null,
              "pass": false,
              "fail": false,
              "pending": false,
              "context": null,
              "code": "_DocumentsPage.default.SelectMatterDropdown(intMatter);\n_DocumentsPage.default.SelectDeptAdd();\n_DocumentsPage.default.SelectDepts(selectDepts);\n_DocumentsPage.default.SelectDeptMinus();\n_DocumentsPage.default.ClickBrowseBtn1();\n_DocumentsPage.default.EnableDownload();\n_DocumentsPage.default.DisableEncryption();\n_DocumentsPage.default.UploadSaveBtn();\ncy.wait(2000);\n_DocumentsPage.default.ViewChanges();\n_DocumentsPage.default.DocsNameAssert(data.documentsAssert.DocumentName2);\n// Documents.DocsNameAssert(data.documentsAssert.DocumentName2);",
              "err": {},
              "uuid": "4433d241-8a8b-4c93-aaa3-832db8ae69cf",
              "parentUUID": "ec0a5c42-afc5-4844-b650-321a3d85bb9c",
              "isHook": false,
              "skipped": true
            },
            {
              "title": "TestCase:28.DocNameEdit-IntMat-EnaDown-DisEnc-Cancel",
              "fullTitle": "Documents In Departments TestCase:28.DocNameEdit-IntMat-EnaDown-DisEnc-Cancel",
              "timedOut": null,
              "duration": 0,
              "state": "skipped",
              "speed": null,
              "pass": false,
              "fail": false,
              "pending": false,
              "context": null,
              "code": "_DocumentsPage.default.SelectMatterDropdown(intMatter);\n_DocumentsPage.default.ClickBrowseBtn();\n_DocumentsPage.default.EnableDownload();\n_DocumentsPage.default.DisableEncryption();\n_DocumentsPage.default.UploadCancelBtn();",
              "err": {},
              "uuid": "6a0010a2-1bd4-424f-a17c-d808973bd6b3",
              "parentUUID": "ec0a5c42-afc5-4844-b650-321a3d85bb9c",
              "isHook": false,
              "skipped": true
            },
            {
              "title": "TestCase:29.DocNameEdit-IntMat-DisEnc-AddTags-ViewChanges",
              "fullTitle": "Documents In Departments TestCase:29.DocNameEdit-IntMat-DisEnc-AddTags-ViewChanges",
              "timedOut": null,
              "duration": 0,
              "state": "skipped",
              "speed": null,
              "pass": false,
              "fail": false,
              "pending": false,
              "context": null,
              "code": "_DocumentsPage.default.SelectMatterDropdown(intMatter);\n_DocumentsPage.default.ClickBrowseBtn1();\n_DocumentsPage.default.EnableDownload();\n_DocumentsPage.default.DisableEncryption();\n_DocumentsPage.default.AddTagsToDocument(addTagsType, addTagsName);\n_DocumentsPage.default.UploadSaveBtn();\n_DocumentsPage.default.ViewChanges();\n_DocumentsPage.default.DocsNameAssert(data.addTagsName.DocumentName1);",
              "err": {},
              "uuid": "69030d95-c476-43f9-8370-a404331439f0",
              "parentUUID": "ec0a5c42-afc5-4844-b650-321a3d85bb9c",
              "isHook": false,
              "skipped": true
            },
            {
              "title": "TestCase:30.DocNameEdit-IntMat-EnaDown-DisEnc-AddTags Cancel",
              "fullTitle": "Documents In Departments TestCase:30.DocNameEdit-IntMat-EnaDown-DisEnc-AddTags Cancel",
              "timedOut": null,
              "duration": 0,
              "state": "skipped",
              "speed": null,
              "pass": false,
              "fail": false,
              "pending": false,
              "context": null,
              "code": "_DocumentsPage.default.SelectMatterDropdown(intMatter);\n_DocumentsPage.default.ClickBrowseBtn1();\n_DocumentsPage.default.EnableDownload();\n_DocumentsPage.default.DisableEncryption();\n_DocumentsPage.default.AddTagsToDocument(addTagsType, addTagsName);\n_DocumentsPage.default.UploadCancelBtn();",
              "err": {},
              "uuid": "3e29e9e6-d174-4935-b82b-09a12d5800f4",
              "parentUUID": "ec0a5c42-afc5-4844-b650-321a3d85bb9c",
              "isHook": false,
              "skipped": true
            },
            {
              "title": "TestCase:31.DocNameEdit-IntMat-UploadMore-DisEnc-ViewChanges",
              "fullTitle": "Documents In Departments TestCase:31.DocNameEdit-IntMat-UploadMore-DisEnc-ViewChanges",
              "timedOut": null,
              "duration": 0,
              "state": "skipped",
              "speed": null,
              "pass": false,
              "fail": false,
              "pending": false,
              "context": null,
              "code": "_DocumentsPage.default.SelectMatterDropdown(intMatter);\n_DocumentsPage.default.ClickBrowseBtn();\n_DocumentsPage.default.DisableEncryption();\n_DocumentsPage.default.UploadSaveBtn();\ncy.wait(5000);\n_DocumentsPage.default.UploadMoreBtn();\n_DocumentsPage.default.DocsMenuClick();\n_DocumentsPage.default.UploadTabClick();\n_DocumentsPage.default.SelectInternalMatterRadioBtn();\n_DocumentsPage.default.ClickBrowseBtnUploadMore();\ncy.wait(2000);\n_DocumentsPage.default.UploadSaveBtn();\n_DocumentsPage.default.ViewChanges();\n_DocumentsPage.default.DocsNameAssert(data.uploadMore.DocumentName1);",
              "err": {},
              "uuid": "9c40afd9-6f09-42d1-b328-4b4e8c27ddeb",
              "parentUUID": "ec0a5c42-afc5-4844-b650-321a3d85bb9c",
              "isHook": false,
              "skipped": true
            },
            {
              "title": "TestCase:32.DocNameEdit-IntMat-DisEnc-UploadMore-Cancel",
              "fullTitle": "Documents In Departments TestCase:32.DocNameEdit-IntMat-DisEnc-UploadMore-Cancel",
              "timedOut": null,
              "duration": 0,
              "state": "skipped",
              "speed": null,
              "pass": false,
              "fail": false,
              "pending": false,
              "context": null,
              "code": "_DocumentsPage.default.SelectMatterDropdown(intMatter);\n_DocumentsPage.default.ClickBrowseBtn();\n_DocumentsPage.default.DisableEncryption();\n_DocumentsPage.default.UploadSaveBtn();\ncy.wait(5000);\n_DocumentsPage.default.UploadMoreBtn();\n_DocumentsPage.default.DocsMenuClick();\n_DocumentsPage.default.UploadTabClick();\n_DocumentsPage.default.SelectInternalMatterRadioBtn();\n_DocumentsPage.default.ClickBrowseBtnUploadMore();\ncy.wait(2000);\n_DocumentsPage.default.UploadCancelBtn();",
              "err": {},
              "uuid": "d677d3de-09ef-45bb-8439-3743fa9bdede",
              "parentUUID": "ec0a5c42-afc5-4844-b650-321a3d85bb9c",
              "isHook": false,
              "skipped": true
            },
            {
              "title": "TestCase:33.DocNameEdit-IntMat-UploadMore-EnaDown-DisEnc-ViewChanges",
              "fullTitle": "Documents In Departments TestCase:33.DocNameEdit-IntMat-UploadMore-EnaDown-DisEnc-ViewChanges",
              "timedOut": null,
              "duration": 0,
              "state": "skipped",
              "speed": null,
              "pass": false,
              "fail": false,
              "pending": false,
              "context": null,
              "code": "_DocumentsPage.default.SelectMatterDropdown(intMatter);\n_DocumentsPage.default.ClickBrowseBtn();\n_DocumentsPage.default.EnableDownload();\n_DocumentsPage.default.DisableEncryption();\n_DocumentsPage.default.UploadSaveBtn();\ncy.wait(5000);\n_DocumentsPage.default.UploadMoreBtn();\n_DocumentsPage.default.DocsMenuClick();\n_DocumentsPage.default.UploadTabClick();\n_DocumentsPage.default.ClickBrowseBtnUploadMore();\ncy.wait(2000);\n_DocumentsPage.default.UploadSaveBtn();\n_DocumentsPage.default.ViewChanges();\n_DocumentsPage.default.DocsNameAssert(data.uploadMore.DocumentName1);",
              "err": {},
              "uuid": "7aeb413a-a69e-4b4e-b715-ddd01e38071b",
              "parentUUID": "ec0a5c42-afc5-4844-b650-321a3d85bb9c",
              "isHook": false,
              "skipped": true
            },
            {
              "title": "TestCase:34.DocNameEdit-IntMat-UploadMore-EnaDown-DisEnc-ViewChanges-Cancel",
              "fullTitle": "Documents In Departments TestCase:34.DocNameEdit-IntMat-UploadMore-EnaDown-DisEnc-ViewChanges-Cancel",
              "timedOut": null,
              "duration": 0,
              "state": "skipped",
              "speed": null,
              "pass": false,
              "fail": false,
              "pending": false,
              "context": null,
              "code": "_DocumentsPage.default.SelectMatterDropdown(intMatter);\n_DocumentsPage.default.ClickBrowseBtn();\n_DocumentsPage.default.EnableDownload();\n_DocumentsPage.default.DisableEncryption();\n_DocumentsPage.default.UploadSaveBtn();\ncy.wait(5000);\n_DocumentsPage.default.UploadMoreBtn();\n_DocumentsPage.default.DocsMenuClick();\n_DocumentsPage.default.UploadTabClick();\n_DocumentsPage.default.ClickBrowseBtnUploadMore();\ncy.wait(2000);\n_DocumentsPage.default.UploadCancelBtn();",
              "err": {},
              "uuid": "09b75a50-c7cc-4469-bf0b-194f8fdf33ec",
              "parentUUID": "ec0a5c42-afc5-4844-b650-321a3d85bb9c",
              "isHook": false,
              "skipped": true
            },
            {
              "title": "TestCase:35.DocNameEdit-IntMat-EnaDown-DisEnc-AddTags-UpMore-VChanges",
              "fullTitle": "Documents In Departments TestCase:35.DocNameEdit-IntMat-EnaDown-DisEnc-AddTags-UpMore-VChanges",
              "timedOut": null,
              "duration": 0,
              "state": "skipped",
              "speed": null,
              "pass": false,
              "fail": false,
              "pending": false,
              "context": null,
              "code": "_DocumentsPage.default.SelectMatterDropdown(intMatter);\n_DocumentsPage.default.ClickBrowseBtn1();\n_DocumentsPage.default.EnableDownload();\n_DocumentsPage.default.DisableEncryption();\n_DocumentsPage.default.AddTagsToDocument(addTagsType, addTagsName);\n_DocumentsPage.default.UploadSaveBtn();\ncy.wait(3000);\n_DocumentsPage.default.UploadMoreBtn();\n// Documents.DocsMenuClick();\n// Documents.UploadTabClick();\n_DocumentsPage.default.ClickBrowseBtnUploadMore();\n_DocumentsPage.default.AddTagsToDocument(addTagsType, addTagsName);\ncy.wait(2000);\n_DocumentsPage.default.UploadSaveBtn();\n_DocumentsPage.default.ViewChanges();\n_DocumentsPage.default.DocsNameAssert(data.uploadMore.DocumentName1);",
              "err": {},
              "uuid": "dada6629-782e-47b2-8efe-e4f428a49482",
              "parentUUID": "ec0a5c42-afc5-4844-b650-321a3d85bb9c",
              "isHook": false,
              "skipped": true
            },
            {
              "title": "TestCase:36.DocNameEdit-IntMat-EnaDown-DisEnc-AddTags-UpMore-VChanges-Cancel",
              "fullTitle": "Documents In Departments TestCase:36.DocNameEdit-IntMat-EnaDown-DisEnc-AddTags-UpMore-VChanges-Cancel",
              "timedOut": null,
              "duration": 0,
              "state": "skipped",
              "speed": null,
              "pass": false,
              "fail": false,
              "pending": false,
              "context": null,
              "code": "_DocumentsPage.default.SelectMatterDropdown(intMatter);\n_DocumentsPage.default.ClickBrowseBtn();\n_DocumentsPage.default.EnableDownload();\n_DocumentsPage.default.DisableEncryption();\n_DocumentsPage.default.AddTagsToDocument(addTagsType, addTagsName);\n_DocumentsPage.default.UploadSaveBtn();\ncy.wait(3000);\n_DocumentsPage.default.UploadMoreBtn();\n_DocumentsPage.default.ClickBrowseBtnUploadMore();\n_DocumentsPage.default.EnableDownload();\n_DocumentsPage.default.DisableEncryption();\n_DocumentsPage.default.UploadCancelBtn();",
              "err": {},
              "uuid": "ed0be1ee-4317-4aa1-87d6-d40e7b9ae146",
              "parentUUID": "ec0a5c42-afc5-4844-b650-321a3d85bb9c",
              "isHook": false,
              "skipped": true
            },
            {
              "title": "TestCase: 37.DocNameEdit-IntMat-EditDocsName-Upload-ViewChanges",
              "fullTitle": "Documents In Departments TestCase: 37.DocNameEdit-IntMat-EditDocsName-Upload-ViewChanges",
              "timedOut": null,
              "duration": 0,
              "state": "skipped",
              "speed": null,
              "pass": false,
              "fail": false,
              "pending": false,
              "context": null,
              "code": "_DocumentsPage.default.SelectMatterDropdown(intMatter);\n_DocumentsPage.default.ClickBrowseBtn();\n_DocumentsPage.default.DocumentNameEdit(data.selectDocs.document2);\n_DocumentsPage.default.UploadSaveBtn();\ncy.wait(3000);\n_DocumentsPage.default.ViewChanges();\ncy.wait(2000);\n_DocumentsPage.default.DocsNameAssert(data.selectDocs.documentAssert);\n_DocumentsPage.default.DocsNameAssert(data.selectDocs.documentAssert1);",
              "err": {},
              "uuid": "d0b99e62-a691-491d-a4b4-953f6bbb3768",
              "parentUUID": "ec0a5c42-afc5-4844-b650-321a3d85bb9c",
              "isHook": false,
              "skipped": true
            },
            {
              "title": "TestCase: 38.DocNameEdit-IntMat-EditDocsName-Upload-Cancel",
              "fullTitle": "Documents In Departments TestCase: 38.DocNameEdit-IntMat-EditDocsName-Upload-Cancel",
              "timedOut": null,
              "duration": 0,
              "state": "skipped",
              "speed": null,
              "pass": false,
              "fail": false,
              "pending": false,
              "context": null,
              "code": "_DocumentsPage.default.SelectMatterDropdown(intMatter);\n_DocumentsPage.default.ClickBrowseBtn();\n_DocumentsPage.default.DocumentNameEdit(data.selectDocs.document2);\n_DocumentsPage.default.UploadCancelBtn();\n// Documents.DocsNameAssert(data.documentsAssert.DocumentName2);",
              "err": {},
              "uuid": "ae7bc305-9587-46fe-9acf-0af36133dcfa",
              "parentUUID": "ec0a5c42-afc5-4844-b650-321a3d85bb9c",
              "isHook": false,
              "skipped": true
            },
            {
              "title": "TestCase:39.DocNameEdit-IntMat-EditDocsName-EnaDown-ViewChanges",
              "fullTitle": "Documents In Departments TestCase:39.DocNameEdit-IntMat-EditDocsName-EnaDown-ViewChanges",
              "timedOut": null,
              "duration": 0,
              "state": "skipped",
              "speed": null,
              "pass": false,
              "fail": false,
              "pending": false,
              "context": null,
              "code": "_DocumentsPage.default.SelectMatterDropdown(intMatter);\n_DocumentsPage.default.ClickBrowseBtn();\n_DocumentsPage.default.EnableDownload();\n_DocumentsPage.default.DocumentNameEdit(data.selectDocs.document2);\n_DocumentsPage.default.UploadSaveBtn();\n_DocumentsPage.default.ViewChanges();\ncy.wait(2000);\n_DocumentsPage.default.DocsNameAssert(data.selectDocs.documentAssert);\n_DocumentsPage.default.DocsNameAssert(data.selectDocs.documentAssert1);\n// Documents.DocsNameAssert(data.documentsAssert.DocumentName2);",
              "err": {},
              "uuid": "4b269d9c-1882-4e16-9068-fa800688c3b4",
              "parentUUID": "ec0a5c42-afc5-4844-b650-321a3d85bb9c",
              "isHook": false,
              "skipped": true
            },
            {
              "title": "TestCase:40.DocNameEdit-IntMat-EditDocsName-EnaDown-ViewChanges-Cancel",
              "fullTitle": "Documents In Departments TestCase:40.DocNameEdit-IntMat-EditDocsName-EnaDown-ViewChanges-Cancel",
              "timedOut": null,
              "duration": 0,
              "state": "skipped",
              "speed": null,
              "pass": false,
              "fail": false,
              "pending": false,
              "context": null,
              "code": "_DocumentsPage.default.SelectMatterDropdown(intMatter);\n_DocumentsPage.default.ClickBrowseBtn();\n_DocumentsPage.default.DocumentNameEdit(data.selectDocs.document2);\n_DocumentsPage.default.UploadCancelBtn();",
              "err": {},
              "uuid": "573774a8-9208-4279-9ea9-46efcd203eda",
              "parentUUID": "ec0a5c42-afc5-4844-b650-321a3d85bb9c",
              "isHook": false,
              "skipped": true
            },
            {
              "title": "TestCase:41.DocNameEdit-IntMat-EnaDown-EditDocsName-AddTags-ViewChanges",
              "fullTitle": "Documents In Departments TestCase:41.DocNameEdit-IntMat-EnaDown-EditDocsName-AddTags-ViewChanges",
              "timedOut": null,
              "duration": 0,
              "state": "skipped",
              "speed": null,
              "pass": false,
              "fail": false,
              "pending": false,
              "context": null,
              "code": "_DocumentsPage.default.SelectMatterDropdown(intMatter);\n_DocumentsPage.default.ClickBrowseBtn();\n_DocumentsPage.default.EnableDownload();\n_DocumentsPage.default.DocumentNameEdit(data.selectDocs.document2);\n_DocumentsPage.default.AddTagsToDocument(addTagsType, addTagsName);\n_DocumentsPage.default.UploadSaveBtn();\n_DocumentsPage.default.ViewChanges();\n_DocumentsPage.default.DocsNameAssert(data.selectDocs.documentAssert);\n_DocumentsPage.default.DocsNameAssert(data.selectDocs.documentAssert1);",
              "err": {},
              "uuid": "0e0e849e-7489-4593-8a1d-4e03913c8bf5",
              "parentUUID": "ec0a5c42-afc5-4844-b650-321a3d85bb9c",
              "isHook": false,
              "skipped": true
            },
            {
              "title": "TestCase:42.DocNameEdit-IntMat-EnaDown-EditDocsName-AddTags Cancel",
              "fullTitle": "Documents In Departments TestCase:42.DocNameEdit-IntMat-EnaDown-EditDocsName-AddTags Cancel",
              "timedOut": null,
              "duration": 0,
              "state": "skipped",
              "speed": null,
              "pass": false,
              "fail": false,
              "pending": false,
              "context": null,
              "code": "_DocumentsPage.default.SelectMatterDropdown(intMatter);\n_DocumentsPage.default.ClickBrowseBtn();\n_DocumentsPage.default.EnableDownload();\n_DocumentsPage.default.DocumentNameEdit(data.selectDocs.document2);\n_DocumentsPage.default.AddTagsToDocument(addTagsType, addTagsName);\n_DocumentsPage.default.UploadCancelBtn();",
              "err": {},
              "uuid": "9b7b818c-742d-4c61-ae12-f7e14b8f6a43",
              "parentUUID": "ec0a5c42-afc5-4844-b650-321a3d85bb9c",
              "isHook": false,
              "skipped": true
            },
            {
              "title": "TestCase:43.DocNameEdit-IntMat-EditDocsName-UpMore-VChanges",
              "fullTitle": "Documents In Departments TestCase:43.DocNameEdit-IntMat-EditDocsName-UpMore-VChanges",
              "timedOut": null,
              "duration": 0,
              "state": "skipped",
              "speed": null,
              "pass": false,
              "fail": false,
              "pending": false,
              "context": null,
              "code": "_DocumentsPage.default.SelectMatterDropdown(intMatter);\n_DocumentsPage.default.ClickBrowseBtn();\n_DocumentsPage.default.UploadSaveBtn();\ncy.wait(5000);\n_DocumentsPage.default.UploadMoreBtn();\n_DocumentsPage.default.DocsMenuClick();\n_DocumentsPage.default.UploadTabClick();\n_DocumentsPage.default.SelectInternalMatterRadioBtn();\n_DocumentsPage.default.ClickBrowseBtnUploadMore();\ncy.wait(2000);\n_DocumentsPage.default.UploadSaveBtn();\n_DocumentsPage.default.ViewChanges();\n_DocumentsPage.default.DocsNameAssert(data.uploadMore.DocumentName1);",
              "err": {},
              "uuid": "865940af-55e1-4db9-b9b6-5a3e650471cf",
              "parentUUID": "ec0a5c42-afc5-4844-b650-321a3d85bb9c",
              "isHook": false,
              "skipped": true
            },
            {
              "title": "TestCase: 44.DocNameEdit-IntMat-EditDocsName-UploadMore-Cancel",
              "fullTitle": "Documents In Departments TestCase: 44.DocNameEdit-IntMat-EditDocsName-UploadMore-Cancel",
              "timedOut": null,
              "duration": 0,
              "state": "skipped",
              "speed": null,
              "pass": false,
              "fail": false,
              "pending": false,
              "context": null,
              "code": "_DocumentsPage.default.SelectMatterDropdown(intMatter);\n_DocumentsPage.default.ClickBrowseBtn();\n_DocumentsPage.default.UploadSaveBtn();\ncy.wait(3000);\n_DocumentsPage.default.UploadMoreBtn();\n_DocumentsPage.default.DocsMenuClick();\n_DocumentsPage.default.UploadTabClick();\n_DocumentsPage.default.SelectInternalMatterRadioBtn();\n_DocumentsPage.default.ClickBrowseBtnUploadMore();\ncy.wait(2000);\n_DocumentsPage.default.UploadCancelBtn();",
              "err": {},
              "uuid": "1d7350c5-4eea-4ff8-8ff5-2961d0a3c5e6",
              "parentUUID": "ec0a5c42-afc5-4844-b650-321a3d85bb9c",
              "isHook": false,
              "skipped": true
            },
            {
              "title": "TestCase: 45.DocNameEdit-IntMat-UploadMore-EnaDown-ViewChanges",
              "fullTitle": "Documents In Departments TestCase: 45.DocNameEdit-IntMat-UploadMore-EnaDown-ViewChanges",
              "timedOut": null,
              "duration": 0,
              "state": "skipped",
              "speed": null,
              "pass": false,
              "fail": false,
              "pending": false,
              "context": null,
              "code": "_DocumentsPage.default.SelectMatterDropdown(intMatter);\n_DocumentsPage.default.ClickBrowseBtn();\n_DocumentsPage.default.EnableDownload();\n_DocumentsPage.default.UploadSaveBtn();\ncy.wait(5000);\n_DocumentsPage.default.UploadMoreBtn();\n_DocumentsPage.default.SelectInternalMatterRadioBtn();\n_DocumentsPage.default.ClickBrowseBtnUploadMore();\ncy.wait(2000);\n_DocumentsPage.default.UploadSaveBtn();\n_DocumentsPage.default.ViewChanges();\n_DocumentsPage.default.DocsNameAssert(data.selectDocs.documentAssert1);\n_DocumentsPage.default.DocsNameAssert(data.selectDocs.documentAssert2);",
              "err": {},
              "uuid": "3eecded4-a130-4857-bbf6-d090746fa995",
              "parentUUID": "ec0a5c42-afc5-4844-b650-321a3d85bb9c",
              "isHook": false,
              "skipped": true
            },
            {
              "title": "TestCase: 46.DocNameEdit-IntMat-UploadMore-EnaDown-ViewChanges-Cancel",
              "fullTitle": "Documents In Departments TestCase: 46.DocNameEdit-IntMat-UploadMore-EnaDown-ViewChanges-Cancel",
              "timedOut": null,
              "duration": 0,
              "state": "skipped",
              "speed": null,
              "pass": false,
              "fail": false,
              "pending": false,
              "context": null,
              "code": "_DocumentsPage.default.SelectMatterDropdown(intMatter);\n_DocumentsPage.default.ClickBrowseBtn();\n_DocumentsPage.default.EnableDownload();\n_DocumentsPage.default.UploadSaveBtn();\ncy.wait(5000);\n_DocumentsPage.default.UploadMoreBtn();\n_DocumentsPage.default.SelectInternalMatterRadioBtn();\n_DocumentsPage.default.ClickBrowseBtnUploadMore();\ncy.wait(2000);\n_DocumentsPage.default.UploadCancelBtn();",
              "err": {},
              "uuid": "9bc95c9d-b231-4aaf-91c5-0865e1a981b4",
              "parentUUID": "ec0a5c42-afc5-4844-b650-321a3d85bb9c",
              "isHook": false,
              "skipped": true
            },
            {
              "title": "TestCase:47.DocNameEdit-IntMat-EnaDown-AddTags-UpMore-VChanges",
              "fullTitle": "Documents In Departments TestCase:47.DocNameEdit-IntMat-EnaDown-AddTags-UpMore-VChanges",
              "timedOut": null,
              "duration": 0,
              "state": "skipped",
              "speed": null,
              "pass": false,
              "fail": false,
              "pending": false,
              "context": null,
              "code": "_DocumentsPage.default.SelectMatterDropdown(intMatter);\n_DocumentsPage.default.ClickBrowseBtn1();\n_DocumentsPage.default.EnableDownload();\n_DocumentsPage.default.AddTagsToDocument(addTagsType, addTagsName);\n_DocumentsPage.default.UploadSaveBtn();\ncy.wait(3000);\n_DocumentsPage.default.UploadMoreBtn();\n_DocumentsPage.default.SelectInternalMatterRadioBtn();\n_DocumentsPage.default.ClickBrowseBtnUploadMore();\ncy.wait(2000);\n_DocumentsPage.default.UploadSaveBtn();\n_DocumentsPage.default.ViewChanges();\n_DocumentsPage.default.DocsNameAssert(data.selectDocs.documentAssert1);\n_DocumentsPage.default.DocsNameAssert(data.selectDocs.documentAssert2);",
              "err": {},
              "uuid": "324cec3a-573a-48dc-b60f-dbf5db4201ab",
              "parentUUID": "ec0a5c42-afc5-4844-b650-321a3d85bb9c",
              "isHook": false,
              "skipped": true
            },
            {
              "title": "TestCase:48.DocNameEdit-IntMat-EnaDown-AddTags-UpMore-VChanges-Cancel",
              "fullTitle": "Documents In Departments TestCase:48.DocNameEdit-IntMat-EnaDown-AddTags-UpMore-VChanges-Cancel",
              "timedOut": null,
              "duration": 0,
              "state": "skipped",
              "speed": null,
              "pass": false,
              "fail": false,
              "pending": false,
              "context": null,
              "code": "_DocumentsPage.default.SelectMatterDropdown(intMatter);\n_DocumentsPage.default.ClickBrowseBtn1();\n_DocumentsPage.default.EnableDownload();\n_DocumentsPage.default.AddTagsToDocument(addTagsType, addTagsName);\n_DocumentsPage.default.UploadSaveBtn();\ncy.wait(3000);\n_DocumentsPage.default.UploadMoreBtn();\n_DocumentsPage.default.DocsMenuClick();\n_DocumentsPage.default.UploadTabClick();\n_DocumentsPage.default.SelectInternalMatterRadioBtn();\n_DocumentsPage.default.ClickBrowseBtnUploadMore();\n_DocumentsPage.default.EnableDownload();\n_DocumentsPage.default.AddTagsToDocument(addTagsType, addTagsName);\n_DocumentsPage.default.UploadCancelBtn();",
              "err": {},
              "uuid": "80c2930d-658d-4569-ab7b-4c9737d2850d",
              "parentUUID": "ec0a5c42-afc5-4844-b650-321a3d85bb9c",
              "isHook": false,
              "skipped": true
            },
            {
              "title": "TestCase: 49.DocNameEdit-IntMat-Upload-EnaEnc-ViewChanges",
              "fullTitle": "Documents In Departments TestCase: 49.DocNameEdit-IntMat-Upload-EnaEnc-ViewChanges",
              "timedOut": null,
              "duration": 0,
              "state": "skipped",
              "speed": null,
              "pass": false,
              "fail": false,
              "pending": false,
              "context": null,
              "code": "_DocumentsPage.default.SelectMatterDropdown(intMatter);\n_DocumentsPage.default.ClickBrowseBtn();\n_DocumentsPage.default.EnableEncryption();\n// Documents.UploadSaveBtn();\ncy.wait(2000);\n_DocumentsPage.default.ViewChanges();\ncy.wait(2000);\n_DocumentsPage.default.DocsNameAssert(data.documentsAssert.DocumentName1);\ncy.scrollTo(\"top\");",
              "err": {},
              "uuid": "b8a7b1fc-a720-4202-b976-3ba55a641798",
              "parentUUID": "ec0a5c42-afc5-4844-b650-321a3d85bb9c",
              "isHook": false,
              "skipped": true
            },
            {
              "title": "TestCase: 50.DocNameEdit-IntMat-Upload-EnaEnc-Cancel",
              "fullTitle": "Documents In Departments TestCase: 50.DocNameEdit-IntMat-Upload-EnaEnc-Cancel",
              "timedOut": null,
              "duration": 0,
              "state": "skipped",
              "speed": null,
              "pass": false,
              "fail": false,
              "pending": false,
              "context": null,
              "code": "_DocumentsPage.default.SelectMatterDropdown(intMatter);\n_DocumentsPage.default.ClickBrowseBtn();\n_DocumentsPage.default.EnableEncryption();\n_DocumentsPage.default.UploadCancelBtn();\n// Documents.DocsNameAssert(data.documentsAssert.DocumentName2);",
              "err": {},
              "uuid": "6dfb830f-0098-4b5e-9138-86c788a84f38",
              "parentUUID": "ec0a5c42-afc5-4844-b650-321a3d85bb9c",
              "isHook": false,
              "skipped": true
            },
            {
              "title": "TestCase:51.DocNameEdit-IntMat-EnaDown-EnaEnc-ViewChanges",
              "fullTitle": "Documents In Departments TestCase:51.DocNameEdit-IntMat-EnaDown-EnaEnc-ViewChanges",
              "timedOut": null,
              "duration": 0,
              "state": "skipped",
              "speed": null,
              "pass": false,
              "fail": false,
              "pending": false,
              "context": null,
              "code": "_DocumentsPage.default.SelectMatterDropdown(intMatter);\n_DocumentsPage.default.SelectDeptAdd();\n_DocumentsPage.default.SelectDepts(selectDepts);\n_DocumentsPage.default.SelectDeptMinus();\n_DocumentsPage.default.ClickBrowseBtn1();\n_DocumentsPage.default.EnableDownload();\n_DocumentsPage.default.EnableEncryption();\n_DocumentsPage.default.UploadSaveBtn();\ncy.wait(2000);\n_DocumentsPage.default.ViewChanges();\n_DocumentsPage.default.DocsNameAssert(data.documentsAssert.DocumentName2);\n// Documents.DocsNameAssert(data.documentsAssert.DocumentName2);",
              "err": {},
              "uuid": "699104cd-cc43-4429-8ed5-6744fdd3f936",
              "parentUUID": "ec0a5c42-afc5-4844-b650-321a3d85bb9c",
              "isHook": false,
              "skipped": true
            },
            {
              "title": "TestCase:52.DocNameEdit-IntMat-EnaDown-EnaEnc-Cancel",
              "fullTitle": "Documents In Departments TestCase:52.DocNameEdit-IntMat-EnaDown-EnaEnc-Cancel",
              "timedOut": null,
              "duration": 0,
              "state": "skipped",
              "speed": null,
              "pass": false,
              "fail": false,
              "pending": false,
              "context": null,
              "code": "_DocumentsPage.default.SelectMatterDropdown(intMatter);\n_DocumentsPage.default.ClickBrowseBtn();\n_DocumentsPage.default.EnableDownload();\n_DocumentsPage.default.EnableEncryption();\n_DocumentsPage.default.UploadCancelBtn();",
              "err": {},
              "uuid": "1fbab614-84d0-475c-9152-57c0fa32749a",
              "parentUUID": "ec0a5c42-afc5-4844-b650-321a3d85bb9c",
              "isHook": false,
              "skipped": true
            },
            {
              "title": "TestCase:53.DocNameEdit-IntMat-EnaDown-EnaEnc-AddTags-ViewChanges",
              "fullTitle": "Documents In Departments TestCase:53.DocNameEdit-IntMat-EnaDown-EnaEnc-AddTags-ViewChanges",
              "timedOut": null,
              "duration": 0,
              "state": "skipped",
              "speed": null,
              "pass": false,
              "fail": false,
              "pending": false,
              "context": null,
              "code": "_DocumentsPage.default.SelectMatterDropdown(intMatter);\n_DocumentsPage.default.ClickBrowseBtn1();\n_DocumentsPage.default.EnableDownload();\n_DocumentsPage.default.EnableEncryption();\n_DocumentsPage.default.AddTagsToDocument(addTagsType, addTagsName);\n_DocumentsPage.default.UploadSaveBtn();\n_DocumentsPage.default.ViewChanges();\n_DocumentsPage.default.DocsNameAssert(data.addTagsName.DocumentName1);",
              "err": {},
              "uuid": "94ebab76-fa0e-40e4-a897-3f1c8ae2a7b1",
              "parentUUID": "ec0a5c42-afc5-4844-b650-321a3d85bb9c",
              "isHook": false,
              "skipped": true
            },
            {
              "title": "TestCase:54.DocNameEdit-IntMat-EnaDown-EnaEnc-AddTags Cancel",
              "fullTitle": "Documents In Departments TestCase:54.DocNameEdit-IntMat-EnaDown-EnaEnc-AddTags Cancel",
              "timedOut": null,
              "duration": 0,
              "state": "skipped",
              "speed": null,
              "pass": false,
              "fail": false,
              "pending": false,
              "context": null,
              "code": "_DocumentsPage.default.SelectMatterDropdown(intMatter);\n_DocumentsPage.default.ClickBrowseBtn1();\n_DocumentsPage.default.EnableDownload();\n_DocumentsPage.default.EnableEncryption();\n_DocumentsPage.default.AddTagsToDocument(addTagsType, addTagsName);\n_DocumentsPage.default.UploadCancelBtn();",
              "err": {},
              "uuid": "9ed381e3-e609-418a-8606-5e297ad3fea9",
              "parentUUID": "ec0a5c42-afc5-4844-b650-321a3d85bb9c",
              "isHook": false,
              "skipped": true
            },
            {
              "title": "TestCase:55.DocNameEdit-IntMat-UploadMore-EnaEnc-ViewChanges",
              "fullTitle": "Documents In Departments TestCase:55.DocNameEdit-IntMat-UploadMore-EnaEnc-ViewChanges",
              "timedOut": null,
              "duration": 0,
              "state": "skipped",
              "speed": null,
              "pass": false,
              "fail": false,
              "pending": false,
              "context": null,
              "code": "_DocumentsPage.default.SelectMatterDropdown(intMatter);\n_DocumentsPage.default.ClickBrowseBtn();\n_DocumentsPage.default.UploadSaveBtn();\ncy.wait(5000);\n_DocumentsPage.default.UploadMoreBtn();\n_DocumentsPage.default.DocsMenuClick();\n_DocumentsPage.default.UploadTabClick();\n_DocumentsPage.default.SelectInternalMatterRadioBtn();\n_DocumentsPage.default.ClickBrowseBtnUploadMore();\ncy.wait(2000);\n_DocumentsPage.default.UploadSaveBtn();\n_DocumentsPage.default.ViewChanges();\n_DocumentsPage.default.DocsNameAssert(data.uploadMore.DocumentName1);",
              "err": {},
              "uuid": "03ca040d-94fd-48c2-868d-51539babf8af",
              "parentUUID": "ec0a5c42-afc5-4844-b650-321a3d85bb9c",
              "isHook": false,
              "skipped": true
            },
            {
              "title": "TestCase:56.DocNameEdit-IntMat-EnaEnc-UploadMore-Cancel",
              "fullTitle": "Documents In Departments TestCase:56.DocNameEdit-IntMat-EnaEnc-UploadMore-Cancel",
              "timedOut": null,
              "duration": 0,
              "state": "skipped",
              "speed": null,
              "pass": false,
              "fail": false,
              "pending": false,
              "context": null,
              "code": "_DocumentsPage.default.SelectMatterDropdown(intMatter);\n_DocumentsPage.default.ClickBrowseBtn();\n_DocumentsPage.default.UploadSaveBtn();\ncy.wait(5000);\n_DocumentsPage.default.UploadMoreBtn();\n_DocumentsPage.default.DocsMenuClick();\n_DocumentsPage.default.UploadTabClick();\n_DocumentsPage.default.SelectInternalMatterRadioBtn();\n_DocumentsPage.default.ClickBrowseBtnUploadMore();\ncy.wait(2000);\n_DocumentsPage.default.UploadCancelBtn();",
              "err": {},
              "uuid": "b2c6b7b0-c27c-4a4b-9b81-35eeee8505b1",
              "parentUUID": "ec0a5c42-afc5-4844-b650-321a3d85bb9c",
              "isHook": false,
              "skipped": true
            },
            {
              "title": "TestCase: 57.DocNameEdit-IntMat-UploadMore-EnaDown-EnaEnc-ViewChanges",
              "fullTitle": "Documents In Departments TestCase: 57.DocNameEdit-IntMat-UploadMore-EnaDown-EnaEnc-ViewChanges",
              "timedOut": null,
              "duration": 0,
              "state": "skipped",
              "speed": null,
              "pass": false,
              "fail": false,
              "pending": false,
              "context": null,
              "code": "_DocumentsPage.default.SelectMatterDropdown(intMatter);\n_DocumentsPage.default.ClickBrowseBtn();\n_DocumentsPage.default.EnableDownload();\n_DocumentsPage.default.EnableEncryption();\n_DocumentsPage.default.UploadSaveBtn();\ncy.wait(5000);\n_DocumentsPage.default.UploadMoreBtn();\n_DocumentsPage.default.DocsMenuClick();\n_DocumentsPage.default.UploadTabClick();\n_DocumentsPage.default.ClickBrowseBtnUploadMore();\ncy.wait(2000);\n_DocumentsPage.default.UploadSaveBtn();\n_DocumentsPage.default.ViewChanges();\n_DocumentsPage.default.DocsNameAssert(data.uploadMore.DocumentName1);",
              "err": {},
              "uuid": "fa5c7fcc-537e-4820-8cb6-dab8bfb8fd89",
              "parentUUID": "ec0a5c42-afc5-4844-b650-321a3d85bb9c",
              "isHook": false,
              "skipped": true
            },
            {
              "title": "TestCase: 58.DocNameEdit-IntMat-UploadMore-EnaDown-EnaEnc-ViewChanges-Cancel",
              "fullTitle": "Documents In Departments TestCase: 58.DocNameEdit-IntMat-UploadMore-EnaDown-EnaEnc-ViewChanges-Cancel",
              "timedOut": null,
              "duration": 0,
              "state": "skipped",
              "speed": null,
              "pass": false,
              "fail": false,
              "pending": false,
              "context": null,
              "code": "_DocumentsPage.default.SelectMatterDropdown(intMatter);\n_DocumentsPage.default.ClickBrowseBtn();\n_DocumentsPage.default.EnableDownload();\n_DocumentsPage.default.EnableEncryption();\n_DocumentsPage.default.UploadSaveBtn();\ncy.wait(5000);\n_DocumentsPage.default.UploadMoreBtn();\n_DocumentsPage.default.DocsMenuClick();\n_DocumentsPage.default.UploadTabClick();\n_DocumentsPage.default.ClickBrowseBtnUploadMore();\ncy.wait(2000);\n_DocumentsPage.default.UploadCancelBtn();",
              "err": {},
              "uuid": "d47edada-d146-479f-859c-1cec9ac86b95",
              "parentUUID": "ec0a5c42-afc5-4844-b650-321a3d85bb9c",
              "isHook": false,
              "skipped": true
            },
            {
              "title": "TestCase:59.DocNameEdit-IntMat-EnaDown-EnaEnc-AddTags-UpMore-VChanges",
              "fullTitle": "Documents In Departments TestCase:59.DocNameEdit-IntMat-EnaDown-EnaEnc-AddTags-UpMore-VChanges",
              "timedOut": null,
              "duration": 0,
              "state": "skipped",
              "speed": null,
              "pass": false,
              "fail": false,
              "pending": false,
              "context": null,
              "code": "_DocumentsPage.default.SelectMatterDropdown(intMatter);\n_DocumentsPage.default.ClickBrowseBtn1();\n_DocumentsPage.default.EnableDownload();\n_DocumentsPage.default.EnableEncryption();\n_DocumentsPage.default.AddTagsToDocument(addTagsType, addTagsName);\n_DocumentsPage.default.UploadSaveBtn();\ncy.wait(3000);\n_DocumentsPage.default.UploadMoreBtn();\n_DocumentsPage.default.DocsMenuClick();\n_DocumentsPage.default.UploadTabClick();\n_DocumentsPage.default.SelectInternalMatterRadioBtn();\n_DocumentsPage.default.ClickBrowseBtnUploadMore();\n_DocumentsPage.default.AddTagsToDocument(addTagsType, addTagsName);\ncy.wait(2000);\n_DocumentsPage.default.UploadSaveBtn();\n_DocumentsPage.default.ViewChanges();\n_DocumentsPage.default.DocsNameAssert(data.uploadMore.DocumentName1);",
              "err": {},
              "uuid": "e65a9623-a0fe-4af2-ab1c-970818cddde4",
              "parentUUID": "ec0a5c42-afc5-4844-b650-321a3d85bb9c",
              "isHook": false,
              "skipped": true
            },
            {
              "title": "TestCase:60.DocNameEdit-IntMat-EnaDown-EnaEnc-AddTags-UpMore-VChanges-Cancel",
              "fullTitle": "Documents In Departments TestCase:60.DocNameEdit-IntMat-EnaDown-EnaEnc-AddTags-UpMore-VChanges-Cancel",
              "timedOut": null,
              "duration": 0,
              "state": "skipped",
              "speed": null,
              "pass": false,
              "fail": false,
              "pending": false,
              "context": null,
              "code": "_DocumentsPage.default.SelectMatterDropdown(intMatter);\n_DocumentsPage.default.ClickBrowseBtn();\n_DocumentsPage.default.EnableDownload();\n_DocumentsPage.default.EnableEncryption();\n_DocumentsPage.default.AddTagsToDocument(addTagsType, addTagsName);\n_DocumentsPage.default.UploadSaveBtn();\ncy.wait(3000);\n_DocumentsPage.default.UploadMoreBtn();\n_DocumentsPage.default.DocsMenuClick();\n_DocumentsPage.default.UploadTabClick();\n_DocumentsPage.default.ClickBrowseBtnUploadMore();\n_DocumentsPage.default.EnableDownload();\n_DocumentsPage.default.AddTagsToDocument(addTagsType, addTagsName);\n_DocumentsPage.default.UploadCancelBtn();",
              "err": {},
              "uuid": "88c72cad-7a7e-441c-80de-9f715bcf1092",
              "parentUUID": "ec0a5c42-afc5-4844-b650-321a3d85bb9c",
              "isHook": false,
              "skipped": true
            },
            {
              "title": "TestCase: 61.DocNameEdit-IntMat-Upload-DisEnc-ViewChanges",
              "fullTitle": "Documents In Departments TestCase: 61.DocNameEdit-IntMat-Upload-DisEnc-ViewChanges",
              "timedOut": null,
              "duration": 0,
              "state": "skipped",
              "speed": null,
              "pass": false,
              "fail": false,
              "pending": false,
              "context": null,
              "code": "_DocumentsPage.default.SelectMatterDropdown(intMatter);\n_DocumentsPage.default.ClickBrowseBtn();\n_DocumentsPage.default.DisableEncryption();\n_DocumentsPage.default.UploadSaveBtn();\ncy.wait(2000);\n_DocumentsPage.default.ViewChanges();\ncy.wait(2000);\n_DocumentsPage.default.DocsNameAssert(data.documentsAssert.DocumentName1);\ncy.scrollTo(\"top\");",
              "err": {},
              "uuid": "0fd8df68-ab08-4690-a035-5f52be1d47d5",
              "parentUUID": "ec0a5c42-afc5-4844-b650-321a3d85bb9c",
              "isHook": false,
              "skipped": true
            },
            {
              "title": "TestCase: 62.DocNameEdit-IntMat-Upload-DisEnc-Cancel",
              "fullTitle": "Documents In Departments TestCase: 62.DocNameEdit-IntMat-Upload-DisEnc-Cancel",
              "timedOut": null,
              "duration": 0,
              "state": "skipped",
              "speed": null,
              "pass": false,
              "fail": false,
              "pending": false,
              "context": null,
              "code": "_DocumentsPage.default.SelectMatterDropdown(intMatter);\n_DocumentsPage.default.ClickBrowseBtn();\n_DocumentsPage.default.DisableEncryption();\n_DocumentsPage.default.UploadCancelBtn();\n// Documents.DocsNameAssert(data.documentsAssert.DocumentName2);",
              "err": {},
              "uuid": "6d041602-82d1-42bc-af3f-79ecdc632f87",
              "parentUUID": "ec0a5c42-afc5-4844-b650-321a3d85bb9c",
              "isHook": false,
              "skipped": true
            },
            {
              "title": "TestCase:63.DocNameEdit-IntMat-EnaDown-DisEnc-ViewChanges",
              "fullTitle": "Documents In Departments TestCase:63.DocNameEdit-IntMat-EnaDown-DisEnc-ViewChanges",
              "timedOut": null,
              "duration": 0,
              "state": "skipped",
              "speed": null,
              "pass": false,
              "fail": false,
              "pending": false,
              "context": null,
              "code": "_DocumentsPage.default.SelectMatterDropdown(intMatter);\n_DocumentsPage.default.SelectDeptAdd();\n_DocumentsPage.default.SelectDepts(selectDepts);\n_DocumentsPage.default.SelectDeptMinus();\n_DocumentsPage.default.ClickBrowseBtn1();\n_DocumentsPage.default.EnableDownload();\n_DocumentsPage.default.DisableEncryption();\n_DocumentsPage.default.UploadSaveBtn();\ncy.wait(2000);\n_DocumentsPage.default.ViewChanges();\n_DocumentsPage.default.DocsNameAssert(data.documentsAssert.DocumentName2);\n// Documents.DocsNameAssert(data.documentsAssert.DocumentName2);",
              "err": {},
              "uuid": "5997c0c9-b5fa-443d-96b9-f941c97375f3",
              "parentUUID": "ec0a5c42-afc5-4844-b650-321a3d85bb9c",
              "isHook": false,
              "skipped": true
            },
            {
              "title": "TestCase:64.DocNameEdit-IntMat-EnaDown-DisEnc-Cancel",
              "fullTitle": "Documents In Departments TestCase:64.DocNameEdit-IntMat-EnaDown-DisEnc-Cancel",
              "timedOut": null,
              "duration": 0,
              "state": "skipped",
              "speed": null,
              "pass": false,
              "fail": false,
              "pending": false,
              "context": null,
              "code": "_DocumentsPage.default.SelectMatterDropdown(intMatter);\n_DocumentsPage.default.ClickBrowseBtn();\n_DocumentsPage.default.EnableDownload();\n_DocumentsPage.default.DisableEncryption();\n_DocumentsPage.default.UploadCancelBtn();",
              "err": {},
              "uuid": "a557d82a-e616-4c37-87f9-4a45151f9af0",
              "parentUUID": "ec0a5c42-afc5-4844-b650-321a3d85bb9c",
              "isHook": false,
              "skipped": true
            },
            {
              "title": "TestCase:65.DocNameEdit-IntMat-DisEnc-AddTags-ViewChanges",
              "fullTitle": "Documents In Departments TestCase:65.DocNameEdit-IntMat-DisEnc-AddTags-ViewChanges",
              "timedOut": null,
              "duration": 0,
              "state": "skipped",
              "speed": null,
              "pass": false,
              "fail": false,
              "pending": false,
              "context": null,
              "code": "_DocumentsPage.default.SelectMatterDropdown(intMatter);\n_DocumentsPage.default.ClickBrowseBtn1();\n_DocumentsPage.default.EnableDownload();\n_DocumentsPage.default.DisableEncryption();\n_DocumentsPage.default.AddTagsToDocument(addTagsType, addTagsName);\n_DocumentsPage.default.UploadSaveBtn();\n_DocumentsPage.default.ViewChanges();\n_DocumentsPage.default.DocsNameAssert(data.addTagsName.DocumentName1);",
              "err": {},
              "uuid": "3d8271c7-1a8e-4ab3-8978-420c14999069",
              "parentUUID": "ec0a5c42-afc5-4844-b650-321a3d85bb9c",
              "isHook": false,
              "skipped": true
            },
            {
              "title": "TestCase:66.DocNameEdit-IntMat-EnaDown-DisEnc-AddTags Cancel",
              "fullTitle": "Documents In Departments TestCase:66.DocNameEdit-IntMat-EnaDown-DisEnc-AddTags Cancel",
              "timedOut": null,
              "duration": 0,
              "state": "skipped",
              "speed": null,
              "pass": false,
              "fail": false,
              "pending": false,
              "context": null,
              "code": "_DocumentsPage.default.SelectMatterDropdown(intMatter);\n_DocumentsPage.default.ClickBrowseBtn1();\n_DocumentsPage.default.EnableDownload();\n_DocumentsPage.default.DisableEncryption();\n_DocumentsPage.default.AddTagsToDocument(addTagsType, addTagsName);\n_DocumentsPage.default.UploadCancelBtn();",
              "err": {},
              "uuid": "fc948243-f257-4eff-9ee0-c111b24b0ac3",
              "parentUUID": "ec0a5c42-afc5-4844-b650-321a3d85bb9c",
              "isHook": false,
              "skipped": true
            },
            {
              "title": "TestCase:67.DocNameEdit-IntMat-UploadMore-DisEnc-ViewChanges",
              "fullTitle": "Documents In Departments TestCase:67.DocNameEdit-IntMat-UploadMore-DisEnc-ViewChanges",
              "timedOut": null,
              "duration": 0,
              "state": "skipped",
              "speed": null,
              "pass": false,
              "fail": false,
              "pending": false,
              "context": null,
              "code": "_DocumentsPage.default.SelectMatterDropdown(intMatter);\n_DocumentsPage.default.ClickBrowseBtn();\n_DocumentsPage.default.DisableEncryption();\n_DocumentsPage.default.UploadSaveBtn();\ncy.wait(5000);\n_DocumentsPage.default.UploadMoreBtn();\n_DocumentsPage.default.DocsMenuClick();\n_DocumentsPage.default.UploadTabClick();\n_DocumentsPage.default.SelectInternalMatterRadioBtn();\n_DocumentsPage.default.ClickBrowseBtnUploadMore();\ncy.wait(2000);\n_DocumentsPage.default.UploadSaveBtn();\n_DocumentsPage.default.ViewChanges();\n_DocumentsPage.default.DocsNameAssert(data.uploadMore.DocumentName1);",
              "err": {},
              "uuid": "2c00a1ec-5e02-474a-8712-e9a47aaa08f7",
              "parentUUID": "ec0a5c42-afc5-4844-b650-321a3d85bb9c",
              "isHook": false,
              "skipped": true
            },
            {
              "title": "TestCase:68.DocNameEdit-IntMat-DisEnc-UploadMore-Cancel",
              "fullTitle": "Documents In Departments TestCase:68.DocNameEdit-IntMat-DisEnc-UploadMore-Cancel",
              "timedOut": null,
              "duration": 0,
              "state": "skipped",
              "speed": null,
              "pass": false,
              "fail": false,
              "pending": false,
              "context": null,
              "code": "_DocumentsPage.default.SelectMatterDropdown(intMatter);\n_DocumentsPage.default.ClickBrowseBtn();\n_DocumentsPage.default.DisableEncryption();\n_DocumentsPage.default.UploadSaveBtn();\ncy.wait(5000);\n_DocumentsPage.default.UploadMoreBtn();\n_DocumentsPage.default.DocsMenuClick();\n_DocumentsPage.default.UploadTabClick();\n_DocumentsPage.default.SelectInternalMatterRadioBtn();\n_DocumentsPage.default.ClickBrowseBtnUploadMore();\ncy.wait(2000);\n_DocumentsPage.default.UploadCancelBtn();",
              "err": {},
              "uuid": "52f04576-0086-4265-9b7d-42fbac3ca4ec",
              "parentUUID": "ec0a5c42-afc5-4844-b650-321a3d85bb9c",
              "isHook": false,
              "skipped": true
            },
            {
              "title": "TestCase:69.DocNameEdit-IntMat-UploadMore-EnaDown-DisEnc-ViewChanges",
              "fullTitle": "Documents In Departments TestCase:69.DocNameEdit-IntMat-UploadMore-EnaDown-DisEnc-ViewChanges",
              "timedOut": null,
              "duration": 0,
              "state": "skipped",
              "speed": null,
              "pass": false,
              "fail": false,
              "pending": false,
              "context": null,
              "code": "_DocumentsPage.default.SelectMatterDropdown(intMatter);\n_DocumentsPage.default.ClickBrowseBtn();\n_DocumentsPage.default.EnableDownload();\n_DocumentsPage.default.DisableEncryption();\n_DocumentsPage.default.UploadSaveBtn();\ncy.wait(5000);\n_DocumentsPage.default.UploadMoreBtn();\n_DocumentsPage.default.DocsMenuClick();\n_DocumentsPage.default.UploadTabClick();\n_DocumentsPage.default.ClickBrowseBtnUploadMore();\ncy.wait(2000);\n_DocumentsPage.default.UploadSaveBtn();\n_DocumentsPage.default.ViewChanges();\n_DocumentsPage.default.DocsNameAssert(data.uploadMore.DocumentName1);",
              "err": {},
              "uuid": "5495bb38-137e-415b-b87f-daf66c204db4",
              "parentUUID": "ec0a5c42-afc5-4844-b650-321a3d85bb9c",
              "isHook": false,
              "skipped": true
            },
            {
              "title": "TestCase:70.DocNameEdit-IntMat-UploadMore-EnaDown-DisEnc-ViewChanges-Cancel",
              "fullTitle": "Documents In Departments TestCase:70.DocNameEdit-IntMat-UploadMore-EnaDown-DisEnc-ViewChanges-Cancel",
              "timedOut": null,
              "duration": 0,
              "state": "skipped",
              "speed": null,
              "pass": false,
              "fail": false,
              "pending": false,
              "context": null,
              "code": "_DocumentsPage.default.SelectMatterDropdown(intMatter);\n_DocumentsPage.default.ClickBrowseBtn();\n_DocumentsPage.default.EnableDownload();\n_DocumentsPage.default.DisableEncryption();\n_DocumentsPage.default.UploadSaveBtn();\ncy.wait(5000);\n_DocumentsPage.default.UploadMoreBtn();\n_DocumentsPage.default.DocsMenuClick();\n_DocumentsPage.default.UploadTabClick();\n_DocumentsPage.default.ClickBrowseBtnUploadMore();\ncy.wait(2000);\n_DocumentsPage.default.UploadCancelBtn();",
              "err": {},
              "uuid": "a28db227-d220-49ca-a4e9-7e62c07b9f84",
              "parentUUID": "ec0a5c42-afc5-4844-b650-321a3d85bb9c",
              "isHook": false,
              "skipped": true
            },
            {
              "title": "TestCase:71.DocNameEdit-IntMat-EnaDown-DisEnc-EditDocName-AddTags-UpMore-VChanges",
              "fullTitle": "Documents In Departments TestCase:71.DocNameEdit-IntMat-EnaDown-DisEnc-EditDocName-AddTags-UpMore-VChanges",
              "timedOut": null,
              "duration": 0,
              "state": "skipped",
              "speed": null,
              "pass": false,
              "fail": false,
              "pending": false,
              "context": null,
              "code": "_DocumentsPage.default.SelectMatterDropdown(intMatter);\n_DocumentsPage.default.ClickBrowseBtn1();\n_DocumentsPage.default.EnableDownload();\n_DocumentsPage.default.DisableEncryption();\n_DocumentsPage.default.AddTagsToDocument(addTagsType, addTagsName);\n_DocumentsPage.default.UploadSaveBtn();\ncy.wait(3000);\n_DocumentsPage.default.UploadMoreBtn();\n_DocumentsPage.default.selectMatterDropdown;\n_DocumentsPage.default.ClickBrowseBtnUploadMore();\n_DocumentsPage.default.AddTagsToDocument(addTagsType, addTagsName);\ncy.wait(2000);\n_DocumentsPage.default.UploadSaveBtn();\n_DocumentsPage.default.ViewChanges();\n_DocumentsPage.default.DocsNameAssert(data.uploadMore.DocumentName1);",
              "err": {},
              "uuid": "e5db8c91-f844-496c-b778-0cf88a98227a",
              "parentUUID": "ec0a5c42-afc5-4844-b650-321a3d85bb9c",
              "isHook": false,
              "skipped": true
            },
            {
              "title": "TestCase:72.DocNameEdit-IntMat-EnaDown-DisEnc-AddTags-UpMore-VChanges-Cancel",
              "fullTitle": "Documents In Departments TestCase:72.DocNameEdit-IntMat-EnaDown-DisEnc-AddTags-UpMore-VChanges-Cancel",
              "timedOut": null,
              "duration": 0,
              "state": "skipped",
              "speed": null,
              "pass": false,
              "fail": false,
              "pending": false,
              "context": null,
              "code": "_DocumentsPage.default.SelectMatterDropdown(intMatter);\n_DocumentsPage.default.ClickBrowseBtn();\n_DocumentsPage.default.EnableDownload();\n_DocumentsPage.default.DisableEncryption();\n_DocumentsPage.default.AddTagsToDocument(addTagsType, addTagsName);\n_DocumentsPage.default.UploadSaveBtn();\ncy.wait(3000);\n_DocumentsPage.default.UploadMoreBtn();\n_DocumentsPage.default.ClickBrowseBtnUploadMore();\n_DocumentsPage.default.EnableDownload();\n_DocumentsPage.default.DisableEncryption();\n_DocumentsPage.default.UploadCancelBtn();",
              "err": {},
              "uuid": "c7431c4b-ca2f-40ab-a920-1a5dfe65e8f6",
              "parentUUID": "ec0a5c42-afc5-4844-b650-321a3d85bb9c",
              "isHook": false,
              "skipped": true
            },
            {
              "title": "Multiple Dcoument Edit's",
              "fullTitle": "Documents In Departments Multiple Dcoument Edit's",
              "timedOut": null,
              "duration": 0,
              "state": "skipped",
              "speed": null,
              "pass": false,
              "fail": false,
              "pending": false,
              "context": null,
              "code": "_DocumentsPage.default.SelectMatterDropdown(intMatter);\n_DocumentsPage.default.ClickBrowseBtn();\n_DocumentsPage.default.EnableDownload();\n// Documents.DocumentsEdits(data.selectDocs.document1);\n//Documents.NewDocsEdits(editDocuments);\n_DocumentsPage.default.DocumentNameEdit(editDocuments);\n_DocumentsPage.default.UploadSaveBtn();\ncy.wait(1000);\n_DocumentsPage.default.ViewChanges();\ncy.wait(1000);\n_DocumentsPage.default.DocsNameAssert(data.selectDocs.documentAssert1);\n_DocumentsPage.default.DocsNameAssert(data.selectDocs.documentAssert2);",
              "err": {},
              "uuid": "e7cd418b-088a-43d3-955d-277b3fd00099",
              "parentUUID": "ec0a5c42-afc5-4844-b650-321a3d85bb9c",
              "isHook": false,
              "skipped": true
            }
          ],
          "suites": [],
          "passes": [],
          "failures": [
            "39f2f021-de3e-4cf5-8c09-5b8ba2b6f6ff"
          ],
          "pending": [],
          "skipped": [
            "a48d696e-1d18-429f-a7f5-7017c7ee838f",
            "0c95750b-85ac-4dbe-a008-f87a66f73994",
            "e1fb9c14-bd4b-459c-843d-76641cc2af6b",
            "086ecd0c-8260-454f-972d-e4df64ab374c",
            "46220ee5-ce60-4247-bc03-3d26dbe9ebb2",
            "438665cc-2a57-4728-8337-7950fd966b36",
            "5ed51e9f-80c0-4860-bfd0-afd95454ce8e",
            "b3159137-63f7-44fc-9bff-f24785e78720",
            "93c32acf-a1c6-47b9-a21b-a374b4b8c546",
            "4d414bcb-bde7-4dbc-a543-2ab230afc185",
            "af38563e-0ff0-431a-ad41-eadb13d037e2",
            "a67383ad-9ed0-43d2-bb71-1b8576887007",
            "ca68e414-2743-4e0a-a0e5-8b0bfb6a1369",
            "b5778b5e-c524-4254-8deb-575437b3010e",
            "046b2f9d-4735-4f02-bd18-a72d4ca48e79",
            "9988cae7-4790-4427-a24f-00ffb212d7d2",
            "5c647cc2-4f29-4de6-9e88-0f3d98a6b24a",
            "5841b6d3-3775-4d96-8ece-2b22ba0b7cc1",
            "69c52aef-9dfc-4022-bdf2-5f1220b66fbc",
            "7bfab269-adc5-4fd1-8269-e062f30f535c",
            "7c8adc8d-323d-4a76-be01-f328cd628e8c",
            "f3daf2a4-8bfe-47cf-bad2-42d2b1a7616e",
            "21361f06-5946-4e91-81ac-fd779dedaedd",
            "ac04471f-7095-4fdc-a655-bc6c97051763",
            "17668d74-2c1a-4c08-b123-c4ce645367ff",
            "4433d241-8a8b-4c93-aaa3-832db8ae69cf",
            "6a0010a2-1bd4-424f-a17c-d808973bd6b3",
            "69030d95-c476-43f9-8370-a404331439f0",
            "3e29e9e6-d174-4935-b82b-09a12d5800f4",
            "9c40afd9-6f09-42d1-b328-4b4e8c27ddeb",
            "d677d3de-09ef-45bb-8439-3743fa9bdede",
            "7aeb413a-a69e-4b4e-b715-ddd01e38071b",
            "09b75a50-c7cc-4469-bf0b-194f8fdf33ec",
            "dada6629-782e-47b2-8efe-e4f428a49482",
            "ed0be1ee-4317-4aa1-87d6-d40e7b9ae146",
            "d0b99e62-a691-491d-a4b4-953f6bbb3768",
            "ae7bc305-9587-46fe-9acf-0af36133dcfa",
            "4b269d9c-1882-4e16-9068-fa800688c3b4",
            "573774a8-9208-4279-9ea9-46efcd203eda",
            "0e0e849e-7489-4593-8a1d-4e03913c8bf5",
            "9b7b818c-742d-4c61-ae12-f7e14b8f6a43",
            "865940af-55e1-4db9-b9b6-5a3e650471cf",
            "1d7350c5-4eea-4ff8-8ff5-2961d0a3c5e6",
            "3eecded4-a130-4857-bbf6-d090746fa995",
            "9bc95c9d-b231-4aaf-91c5-0865e1a981b4",
            "324cec3a-573a-48dc-b60f-dbf5db4201ab",
            "80c2930d-658d-4569-ab7b-4c9737d2850d",
            "b8a7b1fc-a720-4202-b976-3ba55a641798",
            "6dfb830f-0098-4b5e-9138-86c788a84f38",
            "699104cd-cc43-4429-8ed5-6744fdd3f936",
            "1fbab614-84d0-475c-9152-57c0fa32749a",
            "94ebab76-fa0e-40e4-a897-3f1c8ae2a7b1",
            "9ed381e3-e609-418a-8606-5e297ad3fea9",
            "03ca040d-94fd-48c2-868d-51539babf8af",
            "b2c6b7b0-c27c-4a4b-9b81-35eeee8505b1",
            "fa5c7fcc-537e-4820-8cb6-dab8bfb8fd89",
            "d47edada-d146-479f-859c-1cec9ac86b95",
            "e65a9623-a0fe-4af2-ab1c-970818cddde4",
            "88c72cad-7a7e-441c-80de-9f715bcf1092",
            "0fd8df68-ab08-4690-a035-5f52be1d47d5",
            "6d041602-82d1-42bc-af3f-79ecdc632f87",
            "5997c0c9-b5fa-443d-96b9-f941c97375f3",
            "a557d82a-e616-4c37-87f9-4a45151f9af0",
            "3d8271c7-1a8e-4ab3-8978-420c14999069",
            "fc948243-f257-4eff-9ee0-c111b24b0ac3",
            "2c00a1ec-5e02-474a-8712-e9a47aaa08f7",
            "52f04576-0086-4265-9b7d-42fbac3ca4ec",
            "5495bb38-137e-415b-b87f-daf66c204db4",
            "a28db227-d220-49ca-a4e9-7e62c07b9f84",
            "e5db8c91-f844-496c-b778-0cf88a98227a",
            "c7431c4b-ca2f-40ab-a920-1a5dfe65e8f6",
            "e7cd418b-088a-43d3-955d-277b3fd00099"
          ],
          "duration": 268,
          "root": false,
          "rootEmpty": false,
          "_timeout": 2000
        }
      ],
      "passes": [],
      "failures": [],
      "pending": [],
      "skipped": [],
      "duration": 0,
      "root": true,
      "rootEmpty": true,
      "_timeout": 2000
    }
  ],
  "meta": {
    "mocha": {
      "version": "7.0.1"
    },
    "mochawesome": {
      "options": {
        "quiet": false,
        "reportFilename": "mochawesome",
        "saveHtml": false,
        "saveJson": true,
        "consoleReporter": "spec",
        "useInlineDiffs": false,
        "code": true
      },
      "version": "7.1.3"
    },
    "marge": {
      "options": {
        "charts": true,
        "reportPageTitle": "Cypress Inline Reporter",
        "embeddedScreenshots": false,
        "inlineAssets": true,
        "overwrite": false,
        "html": false,
        "json": true,
        "reportDir": "cypress\\reports\\html\\.jsons"
      },
      "version": "6.2.0"
    }
  }
}