{
  "stats": {
    "suites": 1,
    "tests": 1,
    "passes": 0,
    "pending": 0,
    "failures": 1,
    "start": "2024-02-27T06:31:35.609Z",
    "end": "2024-02-27T06:31:47.266Z",
    "duration": 11657,
    "testsRegistered": 1,
    "passPercent": 0,
    "pendingPercent": 0,
    "other": 0,
    "hasOther": false,
    "skipped": 0,
    "hasSkipped": false
  },
  "results": [
    {
      "uuid": "40712cb9-7c04-4b65-8458-5967e21aef2a",
      "title": "",
      "fullFile": "cypress\\e2e\\Test\\DocumentsUploadDisDown.cy.js",
      "file": "cypress\\e2e\\Test\\DocumentsUploadDisDown.cy.js",
      "beforeHooks": [],
      "afterHooks": [],
      "tests": [],
      "suites": [
        {
          "uuid": "4d761c38-572e-4cef-89ef-7a890a1e3095",
          "title": "Documents In Departments",
          "fullFile": "",
          "file": "",
          "beforeHooks": [],
          "afterHooks": [],
          "tests": [
            {
              "title": "TestCase: 2.Documents-IntMat-Upload-Cancel",
              "fullTitle": "Documents In Departments TestCase: 2.Documents-IntMat-Upload-Cancel",
              "timedOut": null,
              "duration": 9154,
              "state": "failed",
              "speed": null,
              "pass": false,
              "fail": true,
              "pending": false,
              "context": "{\n  \"title\": \"cypress-mochawesome-reporter-screenshots\",\n  \"value\": [\n    [\n      \"\\\\DocumentsUploadDisDown.cy.js\\\\Documents In Departments -- TestCase 2.Documents-IntMat-Upload-Cancel (failed).png\"\n    ]\n  ]\n}",
              "code": "_DocumentsPage.default.SelectMatterDropdown(data.selectDepartments.selectMatterInt);\n_DocumentsPage.default.DisableDownload();\n_DocumentsPage.default.ClickBrowseBtn();\n_DocumentsPage.default.UploadCancelBtn();",
              "err": {
                "message": "TypeError: _DocumentsPage.default.ClickBrowseBtn is not a function",
                "estack": "TypeError: _DocumentsPage.default.ClickBrowseBtn is not a function\n    at Context.eval (webpack://dgcounsel/./cypress/e2e/Test/DocumentsUploadDisDown.cy.js:39:14)",
                "diff": null
              },
              "uuid": "612d5e12-2d3e-480b-a6b7-e55517d780ab",
              "parentUUID": "4d761c38-572e-4cef-89ef-7a890a1e3095",
              "isHook": false,
              "skipped": false
            }
          ],
          "suites": [],
          "passes": [],
          "failures": [
            "612d5e12-2d3e-480b-a6b7-e55517d780ab"
          ],
          "pending": [],
          "skipped": [],
          "duration": 9154,
          "root": false,
          "rootEmpty": false,
          "_timeout": 2000
        }
      ],
      "passes": [],
      "failures": [],
      "pending": [],
      "skipped": [],
      "duration": 0,
      "root": true,
      "rootEmpty": true,
      "_timeout": 2000
    }
  ],
  "meta": {
    "mocha": {
      "version": "7.0.1"
    },
    "mochawesome": {
      "options": {
        "quiet": false,
        "reportFilename": "mochawesome",
        "saveHtml": false,
        "saveJson": true,
        "consoleReporter": "spec",
        "useInlineDiffs": false,
        "code": true
      },
      "version": "7.1.3"
    },
    "marge": {
      "options": {
        "charts": true,
        "reportPageTitle": "Cypress Inline Reporter",
        "embeddedScreenshots": false,
        "inlineAssets": true,
        "overwrite": false,
        "html": false,
        "json": true,
        "reportDir": "cypress\\reports\\html\\.jsons"
      },
      "version": "6.2.0"
    }
  }
}