{
  "stats": {
    "suites": 1,
    "tests": 1,
    "passes": 0,
    "pending": 0,
    "failures": 1,
    "start": "2024-06-27T03:46:00.631Z",
    "end": "2024-06-27T03:46:05.386Z",
    "duration": 4755,
    "testsRegistered": 1,
    "passPercent": 0,
    "pendingPercent": 0,
    "other": 0,
    "hasOther": false,
    "skipped": 0,
    "hasSkipped": false
  },
  "results": [
    {
      "uuid": "f7d4d0b8-9c3a-4994-b922-8d1568893623",
      "title": "",
      "fullFile": "cypress\\e2e\\Test\\DocumentsUploadDisDown.cy.js",
      "file": "cypress\\e2e\\Test\\DocumentsUploadDisDown.cy.js",
      "beforeHooks": [],
      "afterHooks": [],
      "tests": [],
      "suites": [
        {
          "uuid": "7cf900d4-5571-4d26-81d0-5e97e1358cdf",
          "title": "Documents In Departments",
          "fullFile": "",
          "file": "",
          "beforeHooks": [],
          "afterHooks": [],
          "tests": [
            {
              "title": "TestCase: 2.Documents-IntMat-Upload-Cancel",
              "fullTitle": "Documents In Departments TestCase: 2.Documents-IntMat-Upload-Cancel",
              "timedOut": null,
              "duration": 253,
              "state": "failed",
              "speed": null,
              "pass": false,
              "fail": true,
              "pending": false,
              "context": "{\n  \"title\": \"cypress-mochawesome-reporter-screenshots\",\n  \"value\": [\n    [\n      \"\\\\DocumentsUploadDisDown.cy.js\\\\Documents In Departments -- TestCase 2.Documents-IntMat-Upload-Cancel -- before each hook (failed).png\"\n    ]\n  ]\n}",
              "code": "_DocumentsPage.default.SelectMatterDropdown(data.selectDepartments.selectMatterInt);\n_DocumentsPage.default.DisableDownload();\n_DocumentsPage.default.ClickBrowseBtn();\n_DocumentsPage.default.UploadCancelBtn();",
              "err": {
                "message": "TypeError: Cannot read properties of undefined (reading 'tagsType')\n\nBecause this error occurred during a `before each` hook we are skipping the remaining tests in the current suite: `Documents In Departments`",
                "estack": "TypeError: Cannot read properties of undefined (reading 'tagsType')\n\nBecause this error occurred during a `before each` hook we are skipping the remaining tests in the current suite: `Documents In Departments`\n    at Context.eval (webpack://dgcounsel/./cypress/e2e/Test/DocumentsUploadDisDown.cy.js:18:35)",
                "diff": null
              },
              "uuid": "48de4f10-c1f7-41cd-b223-ebaf3c313294",
              "parentUUID": "7cf900d4-5571-4d26-81d0-5e97e1358cdf",
              "isHook": false,
              "skipped": false
            }
          ],
          "suites": [],
          "passes": [],
          "failures": [
            "48de4f10-c1f7-41cd-b223-ebaf3c313294"
          ],
          "pending": [],
          "skipped": [],
          "duration": 253,
          "root": false,
          "rootEmpty": false,
          "_timeout": 2000
        }
      ],
      "passes": [],
      "failures": [],
      "pending": [],
      "skipped": [],
      "duration": 0,
      "root": true,
      "rootEmpty": true,
      "_timeout": 2000
    }
  ],
  "meta": {
    "mocha": {
      "version": "7.0.1"
    },
    "mochawesome": {
      "options": {
        "quiet": false,
        "reportFilename": "mochawesome",
        "saveHtml": false,
        "saveJson": true,
        "consoleReporter": "spec",
        "useInlineDiffs": false,
        "code": true
      },
      "version": "7.1.3"
    },
    "marge": {
      "options": {
        "charts": true,
        "reportPageTitle": "Cypress Inline Reporter",
        "embeddedScreenshots": false,
        "inlineAssets": true,
        "overwrite": false,
        "html": false,
        "json": true,
        "reportDir": "cypress\\reports\\html\\.jsons"
      },
      "version": "6.2.0"
    }
  }
}